         *****************************************************************
         *****************************************************************
         **                                                             **
         **                (c) SIEMENS ENERGY, INC.                     **
         **                                                             **
         **   COMPRESSOR MEAN LINE OFF-DESIGN PROGRAM  Version 1.2dev   **
         **                                                             **
         **                 25-May-2012   12:59:41                      **
         **                                                             **
         *****************************************************************
         *****************************************************************
 
 CMDP/CMODP: HARMONIZED COMPRESSOR  Test data RFT 163 Pt.1  Run 32.544  6/14/2006  @14:23
 Corr Flow = 566.486 kg/s  Blading  PR = 18.625  adia. eff. = 88.46% ,IGV 5.48,VGV1 0.49,VGV2 0.72,VGV3 2.98
 NO OF STAGES = 13
 ANNULUS DETAILS (mm)
        STAGE           X-HUB     R-HUB   X-CASING  R-CASING
 ROTOR    1  INLET     498.59    546.81    544.31   1122.66
 ROTOR    1  EXIT      800.17    598.99    735.58   1104.21
 STATOR   1  INLET     843.10    608.20    830.25   1093.56
 STATOR   1  EXIT     1020.45    645.71   1033.31   1064.24
 ROTOR    2  INLET    1057.93    653.47   1080.07   1058.43
 ROTOR    2  EXIT     1234.18    686.34   1201.29   1044.79
 STATOR   2  INLET    1264.54    691.49   1255.57   1039.19
 STATOR   2  EXIT     1396.79    713.01   1408.28   1025.03
 ROTOR    3  INLET    1432.02    718.62   1450.06   1022.04
 ROTOR    3  EXIT     1580.75    739.30   1548.51   1016.77
 STATOR   3  INLET    1609.90    742.81   1602.84   1014.25
 STATOR   3  EXIT     1722.00    755.48   1738.03   1009.10
 ROTOR    4  INLET    1754.66    758.90   1779.63   1007.85
 ROTOR    4  EXIT     1888.57    769.40   1856.01   1005.81
 STATOR   4  INLET    1919.78    771.34   1910.67   1004.29
 STATOR   4  EXIT     2002.49    776.65   2020.90    999.88
 ROTOR    5  INLET    2036.13    778.62   2057.70    998.11
 ROTOR    5  EXIT     2159.87    784.83   2130.36    994.54
 STATOR   5  INLET    2180.50    785.79   2170.01    992.54
 STATOR   5  EXIT     2246.10    788.66   2258.25    986.71
 ROTOR    6  INLET    2324.04    792.51   2347.95    980.75
 ROTOR    6  EXIT     2432.20    796.69   2407.58    976.52
 STATOR   6  INLET    2447.75    797.20   2444.33    973.78
 STATOR   6  EXIT     2515.76    799.30   2518.67    967.96
 ROTOR    7  INLET    2536.90    799.88   2559.21    964.71
 ROTOR    7  EXIT     2636.66    801.98   2611.66    960.27
 STATOR   7  INLET    2653.68    802.28   2648.71    956.90
 STATOR   7  EXIT     2712.83    803.52   2716.82    950.37
 ROTOR    8  INLET    2733.41    803.31   2749.80    946.73
 ROTOR    8  EXIT     2809.14    804.05   2792.48    942.45
 STATOR   8  INLET    2827.69    804.16   2827.17    939.31
 STATOR   8  EXIT     2895.61    804.43   2892.95    933.82
 ROTOR    9  INLET    2967.29    804.67   2983.75    926.24
 ROTOR    9  EXIT     3042.90    804.44   3025.75    922.73
 STATOR   9  INLET    3064.15    804.46   3059.80    919.87
 STATOR   9  EXIT     3116.05    804.59   3119.52    914.85
 ROTOR   10  INLET    3134.73    804.62   3147.58    912.24
 ROTOR   10  EXIT     3198.58    804.53   3186.81    908.30
 STATOR  10  INLET    3218.25    804.56   3213.28    906.02
 STATOR  10  EXIT     3265.26    804.68   3269.30    901.90
 ROTOR   11  INLET    3282.02    804.72   3293.30    900.14
 ROTOR   11  EXIT     3345.96    804.83   3335.00    897.08
 STATOR  11  INLET    3365.04    804.86   3358.75    895.38
 STATOR  11  EXIT     3412.08    804.94   3417.88    891.24
 ROTOR   12  INLET    3478.53    805.04   3486.45    886.62
 ROTOR   12  EXIT     3530.82    804.97   3525.41    884.11
 STATOR  12  INLET    3552.28    804.94   3549.71    882.60
 STATOR  12  EXIT     3595.35    804.87   3596.34    879.78
 ROTOR   13  INLET    3616.15    804.83   3627.09    877.90
 ROTOR   13  EXIT     3670.84    804.59   3659.97    875.87
 STATOR  13  INLET    3699.32    804.57   3697.26    874.16
 STATOR  13  EXIT     3740.09    804.57   3741.52    872.73
 OGV         INLET    3767.51    804.80   3767.85    872.29
 OGV         EXIT     3831.58    804.75   3831.27    872.30

 ROTOR BLADE GEOMETRY AND STAGE PRESSURE RATIO                                    STAGE
                                                          DELTA   DELTA         PRESSURE
 STAGE   S/C    T/C    BETA1    A/C    O/S   NOB   BETA2   DEVN    LOSS   TCLHR   RATIO
   1    0.759  0.060  49.490  0.500  0.6334   20  29.590  0.007  0.0340  0.0046  1.5020
   2    0.712  0.069  50.680  0.500  0.6369   36  31.470 -0.008 -0.0953  0.0035  1.4850
   3    0.751  0.055  53.480  0.500  0.6170   42  33.860 -0.008 -0.0953  0.0030  1.4100
   4    0.748  0.054  56.200  0.500  0.6058   48  37.380 -0.008 -0.0953  0.0057  1.3180
   5    0.850  0.055  58.610  0.500  0.6191   46  38.310  0.022  0.0446  0.0056  1.2880
   6    0.945  0.075  60.860  0.500  0.6222   48  36.780  0.022  0.0446  0.0060  1.2010
   7    0.792  0.057  59.870  0.500  0.6238   63  37.260  0.022  0.0446  0.0083  1.1970
   8    1.010  0.079  60.790  0.500  0.6533   65  32.730  0.022  0.0446  0.0105  1.1800
   9    0.997  0.055  58.530  0.500  0.6802   67  30.740  0.022  0.0446  0.0171  1.1740
  10    0.863  0.058  57.780  0.500  0.6865   90  30.330  0.022  0.0446  0.0153  1.1670
  11    0.856  0.077  58.630  0.500  0.6731   88  29.830  0.022  0.0446  0.0146  1.1530
  12    0.913  0.067  58.250  0.500  0.6805   92  29.550  0.022  0.0446  0.0260  1.1450
  13    0.955  0.102  58.950  0.500  0.6775   95  28.390  0.022  0.0446  0.0334  1.1430

 STATOR BLADE GEOMETRY AND STATOR EXIT FLOW ANGLE
                                                          DELTA   DELTA          STATOR
 STAGE   S/C    T/C    BETA1   A/C     O/S   NOB   BETA2   DEVN    LOSS   TCLHS  ALPHA4
   1    0.762  0.063  48.369  0.500  0.7442   34  12.419 -0.019 -0.0027  0.0038  20.690
   2    0.749  0.069  50.642  0.500  0.7216   46  14.952 -0.008 -0.0953  0.0047  22.120
   3    0.721  0.064  53.410  0.500  0.7153   54  23.460 -0.008 -0.0953  0.0061  27.860
   4    0.794  0.078  53.260  0.500  0.6715   58  27.890 -0.008 -0.0953  0.0115  32.680
   5    1.010  0.074  60.890  0.500  0.6535   54  33.190  0.022  0.0446  0.0118  39.310
   6    0.778  0.084  59.260  0.500  0.6401   72  33.530  0.022  0.0446  0.0093  38.520
   7    0.896  0.067  60.030  0.500  0.6514   74  33.390  0.022  0.0446  0.0131  38.790
   8    0.816  0.087  60.490  0.500  0.6454   76  32.800  0.022  0.0446  0.0111  38.450
   9    0.896  0.101  60.430  0.500  0.6503   78  31.200  0.022  0.0446  0.0208  38.010
  10    0.933  0.085  58.910  0.500  0.6727   86  30.120  0.022  0.0446  0.0232  36.700
  11    0.890  0.112  59.750  0.500  0.6591   90  28.740  0.022  0.0446  0.0181  35.960
  12    0.779  0.101  59.270  0.500  0.6588  118  29.180  0.022  0.0446  0.0382  35.280
  13    0.787  0.088  59.200  0.500  0.6700  120  29.580  0.022  0.0446  0.0347  35.220

 OUTLET GUIDE VANE GEOMETRY
                                                          DELTA   DELTA
         S/C    T/C    BETA1   A/C     O/S   NOB   BETA2   DEVN    LOSS   TCLHR
        0.669  0.076  33.720  0.500  0.8044  120  -6.500  0.022  0.0446  0.0347

 INLET BLOCKAGE (PERCENT)
 HUB      CASING
 0.25      0.25

 ANNULUS BLOCKAGE (PERCENT)
 BLOCKAGE TYPE = 1                              1 - Blockage delta  2 - Total blockage
 STAGE    ROTOR INLET    ROTOR EXIT    STATOR INLET    STATOR EXIT
   1         0.00           0.00           0.00           0.00
   2         0.00           0.00           0.00           0.00
   3         0.00           0.00           0.00           0.00
   4         0.00           0.00           0.00           0.00
   5         0.00           0.00           0.00           0.00
   6         0.00           0.00           0.00           0.00
   7         0.00           0.00           0.00           0.00
   8         0.00           0.00           0.00           0.00
   9         0.00           0.00           0.00           0.00
  10         0.00           0.00           0.00           0.00
  11         0.00           0.00           0.00           0.00
  12         0.00           0.00           0.00           0.00
  13         0.00           0.00           0.00           0.00
  OGV                                      0.00           0.00

 3 BLEEDS SPECIFIED AFTER STAGES      5     8    11
 BLEED FLOWS (% OF INLET FLOW)     0.67  3.54  6.56

 VARIABLE BLEED SCHEDULE
 NUMBER OF VARIABLE BLEEDS = 0
 FRACTION OF
 DESIGN NRT   BLEED 1  BLEED 2  BLEED 3
   0.00         0.2      0.4      1.6
   0.90         0.1      0.2      0.8
   0.95         0.1      0.1      0.4
   1.00         0.0      0.0      0.0
   1.10         0.0      0.0      0.0
 
 VARIABLE STATOR SCHEDULE
 NUMBER OF VARIABLE STATORS = 0
 FRACTION OF      ANGLE DELTA
 DESIGN NRT      S1     S2     S3
   0.50         20.0   10.0    5.0
   0.90          5.0    2.5    0.0
   0.95          2.5    0.0    0.0
   1.00          0.0    0.0    0.0
   1.10          0.0    0.0    0.0
 
 LOSS MODEL                   = 1               0 - Miller-Wright   1 - Calvert's revisions
 SURGE MODEL                  = 4               1 - Density ratio   2 - Static pressure ratio  3 - Total pressure ratio  4 - Eta*Cp*DT
 INCIDENCE TYPE               = 2               1 - Zero incidence  2 - Minimum loss incidence
 TIP CLEARANCE TYPE           = 1               1 - Clearance over height   2 - In millimeters
 DELTA LOSS FOR ALL ROWS      = 0.00430
 DELTA DEVIATION FOR ALL ROWS = 0.0328
 LOSS FACTOR FOR ALL ROWS     = 1.0000
 BLOCKAGE FACTOR FOR ALL ROWS = 1.000
 AT DESIGN POINT :
         SHAFT SPEED          = 3708.64
         MASS FLOW            = 548.017
         AMBIENT PRESSURE     = 1.00774
         AMBIENT TEMPERATURE  = 31.41
         AMBIENT REL HUMIDITY = 25.4
         INLET PRESSURE LOSS  = 0.00988
         IGV PRESSURE LOSS    = 0.00474
         ROTOR 1 INLET ALPHA  = 20.16

 NUMBER OF SPEEDLINES = 1
 NO OF PTS    TEMP    SHAFT SPEED    REL HUMIDITY    MASS FLOW
     1       31.40      3708.64         25.37         547.830
 
 
 
         **   COMPRESSOR MEAN LINE OFF-DESIGN PROGRAM  Version 1.2dev   **
 
SPEEDLINE  1    NRT =  3607.4    TEMP =  31.4    GAS CONSTANT = 288.34
 
 
STAGE  1 SUMMARY
POINT   ALF1   ALF2   ALF3   ALF4   DEFR   DEFS     WR     WS    MNR    MNS    DFR    DFS   INCR   INCS
   1  -52.97 -33.83  46.66  19.95  19.14  26.71  0.087  0.034  0.943  0.791  0.422  0.419   3.48  -1.71
 
POINT    PS1    PS2    PS3    PS4    PT0    PT1    PT2    PT3    PT4    UM      T0    DEVR   DEVS
   1    0.78   1.03   1.02   1.22   0.99   1.38   1.34   1.53   1.52 329.04  304.55   4.24   7.53
 
POINT INCCHR INCMLR INCOPR INCPSR INCCHS INCMLS INCOPS INCPSS ALFCHR ALFCHS    CMR    CMS   BLK1   BLK2   BLK3   BLK4
   1    3.00   5.95   4.06   8.81  -6.91  -1.75  -0.46   4.57  52.49  41.46   0.91  12.54   0.50   4.41   3.19   2.58
 
POINT WR-PRF WR-SHK WR-TIP WR-SEC WS-PRF WS-SHK WS-TIP WS-SEC   O/SR   O/SS  CLV2R  CLV2S   DEHR   DEHS    LG2   KOCH
   1   0.025  0.013  0.001  0.010  0.024  0.000  0.001  0.008  0.633  0.744  1.066  1.148  0.719  0.749  1.526  0.525
 
POINT   VAU1   VAU2   VAU3   VAU4  DHUSQ EDHUSQ   DT/T  R_TOT R_STAT    PTS SPRCIR SPRCIS SPRCCR SPRCCS ETAADI
   1   0.584  0.563  0.583  0.588  0.420  0.373  0.144  1.527  1.574  1.229  0.513  0.458  0.419  0.394 0.8888
 
 
STAGE  2 SUMMARY
POINT   ALF1   ALF2   ALF3   ALF4   DEFR   DEFS     WR     WS    MNR    MNS    DFR    DFS   INCR   INCS
   1  -52.45 -36.03  49.33  22.89  16.42  26.44 -0.048 -0.055  0.913  0.733  0.463  0.485   1.77  -1.31
 
POINT    PS1    PS2    PS3    PS4    PT0    PT1    PT2    PT3    PT4    UM      T0    DEVR   DEVS
   1    1.20   1.70   1.67   2.07   1.52   2.06   2.11   2.39   2.43 335.20  348.51   4.56   7.93
 
POINT INCCHR INCMLR INCOPR INCPSR INCCHS INCMLS INCOPS INCPSS ALFCHR ALFCHS    CMR    CMS   BLK1   BLK2   BLK3   BLK4
   1    0.93   3.95   4.44   9.11  -9.29  -3.04  -0.63   4.18  51.61  41.35   1.62  19.29   2.23   1.78   1.63   2.32
 
POINT WR-PRF WR-SHK WR-TIP WR-SEC WS-PRF WS-SHK WS-TIP WS-SEC   O/SR   O/SS  CLV2R  CLV2S   DEHR   DEHS    LG2   KOCH
   1   0.028  0.005  0.001  0.008  0.027  0.000  0.001  0.008  0.637  0.722  1.119  1.338  0.671  0.688  1.638  0.717
 
POINT   VAU1   VAU2   VAU3   VAU4  DHUSQ EDHUSQ   DT/T  R_TOT R_STAT    PTS SPRCIR SPRCIS SPRCCR SPRCCS ETAADI
   1   0.602  0.518  0.540  0.515  0.419  0.456  0.131  1.601  1.729  1.367  0.579  0.544  0.584  0.559 1.0886
 
 
STAGE  3 SUMMARY
POINT   ALF1   ALF2   ALF3   ALF4   DEFR   DEFS     WR     WS    MNR    MNS    DFR    DFS   INCR   INCS
   1  -56.08 -38.65  54.09  30.04  17.43  24.05 -0.051 -0.047  0.822  0.666  0.516  0.520   2.60   0.68
 
POINT    PS1    PS2    PS3    PS4    PT0    PT1    PT2    PT3    PT4    UM      T0    DEVR   DEVS
   1    2.05   2.79   2.77   3.36   2.43   3.20   3.27   3.72   3.77 340.40  394.19   4.79   6.58
 
POINT INCCHR INCMLR INCOPR INCPSR INCCHS INCMLS INCOPS INCPSS ALFCHR ALFCHS    CMR    CMS   BLK1   BLK2   BLK3   BLK4
   1   -1.67   1.71   3.88   8.25 -14.98  -5.60   0.76   5.29  51.81  38.43   8.24  40.73   2.15   2.00   1.93   2.32
 
POINT WR-PRF WR-SHK WR-TIP WR-SEC WS-PRF WS-SHK WS-TIP WS-SEC   O/SR   O/SS  CLV2R  CLV2S   DEHR   DEHS    LG2   KOCH
   1   0.027  0.001  0.001  0.010  0.031  0.000  0.003  0.010  0.617  0.715  1.387  1.425  0.638  0.647  1.680  0.786
 
POINT   VAU1   VAU2   VAU3   VAU4  DHUSQ EDHUSQ   DT/T  R_TOT R_STAT    PTS SPRCIR SPRCIS SPRCCR SPRCCS ETAADI
   1   0.524  0.451  0.464  0.431  0.431  0.465  0.122  1.552  1.636  1.384  0.622  0.603  0.642  0.620 1.0785
 
 
STAGE  4 SUMMARY
POINT   ALF1   ALF2   ALF3   ALF4   DEFR   DEFS     WR     WS    MNR    MNS    DFR    DFS   INCR   INCS
   1  -59.91 -41.79  59.46  34.33  18.12  25.13 -0.043 -0.011  0.721  0.617  0.548  0.580   3.71   6.20
 
POINT    PS1    PS2    PS3    PS4    PT0    PT1    PT2    PT3    PT4    UM      T0    DEVR   DEVS
   1    3.35   4.27   4.26   5.04   3.77   4.72   4.80   5.49   5.51 344.38  442.38   4.41   6.44
 
POINT INCCHR INCMLR INCOPR INCPSR INCCHS INCMLS INCOPS INCPSS ALFCHR ALFCHS    CMR    CMS   BLK1   BLK2   BLK3   BLK4
   1   -6.01  -1.09   3.94   8.05 -12.90  -2.95   1.81   6.23  50.19  40.36  19.36  47.33   2.25   2.83   2.79   7.42
 
POINT WR-PRF WR-SHK WR-TIP WR-SEC WS-PRF WS-SHK WS-TIP WS-SEC   O/SR   O/SS  CLV2R  CLV2S   DEHR   DEHS    LG2   KOCH
   1   0.032  0.000  0.005  0.011  0.044  0.000  0.024  0.013  0.606  0.671  1.555  1.807  0.615  0.616  1.688  0.771
 
POINT   VAU1   VAU2   VAU3   VAU4  DHUSQ EDHUSQ   DT/T  R_TOT R_STAT    PTS SPRCIR SPRCIS SPRCCR SPRCCS ETAADI
   1   0.435  0.382  0.389  0.377  0.415  0.433  0.107  1.461  1.505  1.337  0.651  0.644  0.670  0.633 1.0429
 
 
STAGE  5 SUMMARY
POINT   ALF1   ALF2   ALF3   ALF4   DEFR   DEFS     WR     WS    MNR    MNS    DFR    DFS   INCR   INCS
   1  -62.86 -42.97  61.32  39.66  19.89  21.66  0.107  0.107  0.661  0.583  0.581  0.560   4.25   0.43
 
POINT    PS1    PS2    PS3    PS4    PT0    PT1    PT2    PT3    PT4    UM      T0    DEVR   DEVS
   1    5.03   5.94   5.94   6.66   5.51   6.73   6.55   7.46   7.29 345.24  489.84   4.66   6.47
 
POINT INCCHR INCMLR INCOPR INCPSR INCCHS INCMLS INCOPS INCPSS ALFCHR ALFCHS    CMR    CMS   BLK1   BLK2   BLK3   BLK4
   1  -11.52  -4.58   2.85   6.71 -20.46  -6.95  -0.38   3.32  47.09  40.43  33.48  51.66   7.06   7.64   7.38  12.26
 
POINT WR-PRF WR-SHK WR-TIP WR-SEC WS-PRF WS-SHK WS-TIP WS-SEC   O/SR   O/SS  CLV2R  CLV2S   DEHR   DEHS    LG2   KOCH
   1   0.033  0.000  0.010  0.015  0.028  0.000  0.018  0.012  0.619  0.653  1.853  1.880  0.612  0.660  1.473  0.629
 
POINT   VAU1   VAU2   VAU3   VAU4  DHUSQ EDHUSQ   DT/T  R_TOT R_STAT    PTS SPRCIR SPRCIS SPRCCR SPRCCS ETAADI
   1   0.381  0.359  0.363  0.371  0.410  0.346  0.096  1.324  1.324  1.210  0.656  0.596  0.535  0.478 0.8450
 
 
STAGE  6 SUMMARY
POINT   ALF1   ALF2   ALF3   ALF4   DEFR   DEFS     WR     WS    MNR    MNS    DFR    DFS   INCR   INCS
   1  -61.39 -42.87  61.98  39.22  18.52  22.76  0.101  0.119  0.601  0.562  0.576  0.585   0.53   2.72
 
POINT    PS1    PS2    PS3    PS4    PT0    PT1    PT2    PT3    PT4    UM      T0    DEVR   DEVS
   1    6.65   7.60   7.59   8.55   7.29   8.47   8.28   9.38   9.17 344.07  536.77   6.09   5.69
 
POINT INCCHR INCMLR INCOPR INCPSR INCCHS INCMLS INCOPS INCPSS ALFCHR ALFCHS    CMR    CMS   BLK1   BLK2   BLK3   BLK4
   1  -17.72  -5.91   1.05   4.75 -20.33  -5.64   1.14   5.07  43.14  38.93  42.31  59.22  10.70   6.83   6.58   5.67
 
POINT WR-PRF WR-SHK WR-TIP WR-SEC WS-PRF WS-SHK WS-TIP WS-SEC   O/SR   O/SS  CLV2R  CLV2S   DEHR   DEHS    LG2   KOCH
   1   0.028  0.000  0.010  0.015  0.037  0.000  0.019  0.013  0.622  0.640  1.890  1.810  0.628  0.603  1.557  0.651
 
POINT   VAU1   VAU2   VAU3   VAU4  DHUSQ EDHUSQ   DT/T  R_TOT R_STAT    PTS SPRCIR SPRCIS SPRCCR SPRCCS ETAADI
   1   0.382  0.352  0.358  0.343  0.370  0.307  0.078  1.257  1.284  1.172  0.637  0.662  0.518  0.534 0.8306
 
 
STAGE  7 SUMMARY
POINT   ALF1   ALF2   ALF3   ALF4   DEFR   DEFS     WR     WS    MNR    MNS    DFR    DFS   INCR   INCS
   1  -64.03 -41.97  62.58  39.35  22.06  23.23  0.114  0.123  0.578  0.545  0.578  0.578   4.16   2.55
 
POINT    PS1    PS2    PS3    PS4    PT0    PT1    PT2    PT3    PT4    UM      T0    DEVR   DEVS
   1    8.53   9.65   9.64  10.70   9.17  10.66  10.40  11.77  11.50 341.94  578.64   4.71   5.96
 
POINT INCCHR INCMLR INCOPR INCPSR INCCHS INCMLS INCOPS INCPSS ALFCHR ALFCHS    CMR    CMS   BLK1   BLK2   BLK3   BLK4
   1  -17.35  -5.04   2.10   5.93 -22.73  -6.32   0.36   4.16  42.52  37.30  50.59  67.79   5.43   7.68   7.32  10.92
 
POINT WR-PRF WR-SHK WR-TIP WR-SEC WS-PRF WS-SHK WS-TIP WS-SEC   O/SR   O/SS  CLV2R  CLV2S   DEHR   DEHS    LG2   KOCH
   1   0.036  0.000  0.014  0.015  0.033  0.000  0.028  0.013  0.624  0.651  1.797  1.892  0.609  0.632  1.586  0.609
 
POINT   VAU1   VAU2   VAU3   VAU4  DHUSQ EDHUSQ   DT/T  R_TOT R_STAT    PTS SPRCIR SPRCIS SPRCCR SPRCCS ETAADI
   1   0.351  0.349  0.355  0.363  0.402  0.333  0.077  1.255  1.254  1.167  0.658  0.629  0.525  0.498 0.8281
 
 
STAGE  8 SUMMARY
POINT   ALF1   ALF2   ALF3   ALF4   DEFR   DEFS     WR     WS    MNR    MNS    DFR    DFS   INCR   INCS
   1  -62.15 -39.16  59.60  39.73  22.99  19.86  0.110  0.116  0.549  0.530  0.567  0.582   1.36  -0.89
 
POINT    PS1    PS2    PS3    PS4    PT0    PT1    PT2    PT3    PT4    UM      T0    DEVR   DEVS
   1   10.69  11.80  11.83  13.14  11.50  13.07  12.78  14.27  13.98 338.96  623.24   6.43   6.93
 
POINT INCCHR INCMLR INCOPR INCPSR INCCHS INCMLS INCOPS INCPSS ALFCHR ALFCHS    CMR    CMS   BLK1   BLK2   BLK3   BLK4
   1  -22.66  -7.03  -0.49   3.21 -26.99  -6.37   0.20   4.04  38.13  33.50  63.00  77.90  10.30  16.37  15.49   6.80
 
POINT WR-PRF WR-SHK WR-TIP WR-SEC WS-PRF WS-SHK WS-TIP WS-SEC   O/SR   O/SS  CLV2R  CLV2S   DEHR   DEHS    LG2   KOCH
   1   0.030  0.000  0.017  0.014  0.031  0.000  0.021  0.015  0.653  0.645  1.928  1.798  0.659  0.605  1.444  0.607
 
POINT   VAU1   VAU2   VAU3   VAU4  DHUSQ EDHUSQ   DT/T  R_TOT R_STAT    PTS SPRCIR SPRCIS SPRCCR SPRCCS ETAADI
   1   0.372  0.392  0.395  0.350  0.378  0.312  0.066  1.216  1.229  1.142  0.597  0.660  0.467  0.536 0.8240
 
 
STAGE  9 SUMMARY
POINT   ALF1   ALF2   ALF3   ALF4   DEFR   DEFS     WR     WS    MNR    MNS    DFR    DFS   INCR   INCS
   1  -63.38 -37.08  57.48  39.01  26.30  18.47  0.123  0.124  0.532  0.512  0.545  0.563   4.85  -2.95
 
POINT    PS1    PS2    PS3    PS4    PT0    PT1    PT2    PT3    PT4    UM      T0    DEVR   DEVS
   1   13.14  14.29  14.39  15.77  13.98  15.87  15.50  17.14  16.80 335.25  664.18   6.34   7.81
 
POINT INCCHR INCMLR INCOPR INCPSR INCCHS INCMLS INCOPS INCPSS ALFCHR ALFCHS    CMR    CMS   BLK1   BLK2   BLK3   BLK4
   1  -23.21  -6.72  -0.16   3.71 -30.38  -6.99  -0.57   3.24  35.32  30.05  79.42  91.25   6.48  21.61  20.00  10.13
 
POINT WR-PRF WR-SHK WR-TIP WR-SEC WS-PRF WS-SHK WS-TIP WS-SEC   O/SR   O/SS  CLV2R  CLV2S   DEHR   DEHS    LG2   KOCH
   1   0.040  0.000  0.020  0.015  0.028  0.000  0.033  0.014  0.680  0.650  1.837  1.754  0.684  0.628  1.357  0.549
 
POINT   VAU1   VAU2   VAU3   VAU4  DHUSQ EDHUSQ   DT/T  R_TOT R_STAT    PTS SPRCIR SPRCIS SPRCCR SPRCCS ETAADI
   1   0.361  0.425  0.423  0.370  0.393  0.318  0.062  1.201  1.200  1.127  0.563  0.633  0.423  0.501 0.8106
 
 
STAGE 10 SUMMARY
POINT   ALF1   ALF2   ALF3   ALF4   DEFR   DEFS     WR     WS    MNR    MNS    DFR    DFS   INCR   INCS
   1  -61.61 -36.24  59.30  36.98  25.37  22.32  0.114  0.133  0.508  0.504  0.547  0.563   3.83   0.39
 
POINT    PS1    PS2    PS3    PS4    PT0    PT1    PT2    PT3    PT4    UM      T0    DEVR   DEVS
   1   15.75  17.13  17.19  18.68  16.80  18.71  18.34  20.36  19.94 332.49  705.36   5.91   6.86
 
POINT INCCHR INCMLR INCOPR INCPSR INCCHS INCMLS INCOPS INCPSS ALFCHR ALFCHS    CMR    CMS   BLK1   BLK2   BLK3   BLK4
   1  -28.68  -6.18   0.41   4.42 -30.70  -6.83  -0.36   3.52  29.10  28.21 111.70 110.21   9.59  16.47  15.30  14.61
 
POINT WR-PRF WR-SHK WR-TIP WR-SEC WS-PRF WS-SHK WS-TIP WS-SEC   O/SR   O/SS  CLV2R  CLV2S   DEHR   DEHS    LG2   KOCH
   1   0.035  0.000  0.017  0.014  0.028  0.000  0.041  0.015  0.686  0.673  1.722  1.826  0.656  0.647  1.401  0.543
 
POINT   VAU1   VAU2   VAU3   VAU4  DHUSQ EDHUSQ   DT/T  R_TOT R_STAT    PTS SPRCIR SPRCIS SPRCCR SPRCCS ETAADI
   1   0.379  0.408  0.410  0.401  0.396  0.321  0.057  1.187  1.186  1.112  0.597  0.609  0.465  0.470 0.8098
 
 
STAGE 11 SUMMARY
POINT   ALF1   ALF2   ALF3   ALF4   DEFR   DEFS     WR     WS    MNR    MNS    DFR    DFS   INCR   INCS
   1  -59.91 -36.32  59.84  35.68  23.59  24.16  0.116  0.120  0.500  0.491  0.563  0.556   1.28   0.09
 
POINT    PS1    PS2    PS3    PS4    PT0    PT1    PT2    PT3    PT4    UM      T0    DEVR   DEVS
   1   18.68  20.33  20.36  22.05  19.94  22.05  21.63  23.90  23.48 330.40  745.87   6.49   6.94
 
POINT INCCHR INCMLR INCOPR INCPSR INCCHS INCMLS INCOPS INCPSS ALFCHR ALFCHS    CMR    CMS   BLK1   BLK2   BLK3   BLK4
   1  -30.89  -6.56  -0.10   3.86 -30.57  -7.32  -1.06   2.80  27.74  29.18 116.00 105.06  13.80  14.10  13.30  15.61
 
POINT WR-PRF WR-SHK WR-TIP WR-SEC WS-PRF WS-SHK WS-TIP WS-SEC   O/SR   O/SS  CLV2R  CLV2S   DEHR   DEHS    LG2   KOCH
   1   0.030  0.000  0.021  0.016  0.031  0.000  0.024  0.016  0.673  0.659  1.771  1.770  0.637  0.650  1.431  0.568
 
POINT   VAU1   VAU2   VAU3   VAU4  DHUSQ EDHUSQ   DT/T  R_TOT R_STAT    PTS SPRCIR SPRCIS SPRCCR SPRCCS ETAADI
   1   0.406  0.402  0.405  0.413  0.401  0.327  0.054  1.177  1.181  1.106  0.620  0.603  0.490  0.477 0.8167
 
 
STAGE 12 SUMMARY
POINT   ALF1   ALF2   ALF3   ALF4   DEFR   DEFS     WR     WS    MNR    MNS    DFR    DFS   INCR   INCS
   1  -61.05 -36.22  58.34  35.92  24.83  22.42  0.150  0.141  0.496  0.471  0.569  0.542   2.80  -0.93
 
POINT    PS1    PS2    PS3    PS4    PT0    PT1    PT2    PT3    PT4    UM      T0    DEVR   DEVS
   1   22.18  23.95  24.04  25.85  23.48  26.11  25.50  27.85  27.31 327.96  785.92   6.67   6.74
 
POINT INCCHR INCMLR INCOPR INCPSR INCCHS INCMLS INCOPS INCPSS ALFCHR ALFCHS    CMR    CMS   BLK1   BLK2   BLK3   BLK4
   1  -30.98  -6.68  -0.21   3.73 -35.74  -6.65  -0.31   3.67  27.27  23.53 123.86 147.90  14.36  18.87  17.57  14.28
 
POINT WR-PRF WR-SHK WR-TIP WR-SEC WS-PRF WS-SHK WS-TIP WS-SEC   O/SR   O/SS  CLV2R  CLV2S   DEHR   DEHS    LG2   KOCH
   1   0.032  0.000  0.051  0.018  0.030  0.000  0.047  0.014  0.680  0.659  1.868  1.580  0.646  0.636  1.482  0.512
 
POINT   VAU1   VAU2   VAU3   VAU4  DHUSQ EDHUSQ   DT/T  R_TOT R_STAT    PTS SPRCIR SPRCIS SPRCCR SPRCCS ETAADI
   1   0.403  0.420  0.419  0.398  0.417  0.324  0.052  1.163  1.165  1.101  0.609  0.621  0.449  0.475 0.7772
 
 
STAGE 13 SUMMARY
POINT   ALF1   ALF2   ALF3   ALF4   DEFR   DEFS     WR     WS    MNR    MNS    DFR    DFS   INCR   INCS
   1  -60.66 -35.24  57.18  36.76  25.42  20.42  0.145  0.136  0.476  0.460  0.547  0.547   1.71  -2.02
 
POINT    PS1    PS2    PS3    PS4    PT0    PT1    PT2    PT3    PT4    UM      T0    DEVR   DEVS
   1   25.85  27.61  27.77  29.81  27.31  30.03  29.41  31.93  31.37 326.26  826.61   6.85   7.18
 
POINT INCCHR INCMLR INCOPR INCPSR INCCHS INCMLS INCOPS INCPSS ALFCHR ALFCHS    CMR    CMS   BLK1   BLK2   BLK3   BLK4
   1  -33.88  -7.32  -1.02   2.86 -43.40  -6.56  -0.18   3.80  25.07  15.80 141.93 261.90  12.87  20.34  18.61  11.76
 
POINT WR-PRF WR-SHK WR-TIP WR-SEC WS-PRF WS-SHK WS-TIP WS-SEC   O/SR   O/SS  CLV2R  CLV2S   DEHR   DEHS    LG2   KOCH
   1   0.031  0.000  0.047  0.017  0.028  0.000  0.043  0.015  0.677  0.670  1.799  1.586  0.673  0.628  1.446  0.506
 
POINT   VAU1   VAU2   VAU3   VAU4  DHUSQ EDHUSQ   DT/T  R_TOT R_STAT    PTS SPRCIR SPRCIS SPRCCR SPRCCS ETAADI
   1   0.403  0.437  0.435  0.390  0.404  0.315  0.047  1.149  1.153  1.091  0.575  0.631  0.421  0.490 0.7799
 
 
OGV SUMMARY
POINT   ALF3   ALF4   DEFS     WS    MNS    DFS   INCS
   1   36.48   1.85  34.63  0.095  0.276  0.390   2.76
 
POINT    PS3    PS4    PT3    PT4    T0    DEVS
   1   29.81  30.25  31.37  31.22 865.26   8.35
 
POINT INCCHS INCMLS INCOPS INCPSS   BLK3   BLK4
   1  -33.72   0.79   1.77   9.00  11.08  10.10
 
POINT WS-PRF WS-SHK WS-TIP WS-SEC   O/SS
   1   0.021  0.000  0.007  0.019  0.804
 
 
OVERALL RESULTS FOR SPEEDLINE  1    NRT =  3607.4    TEMP =  31.4
 
POINT    TIN    PIN     WCORR     PR     DT/T   ETAADI  ETAPOLY  WCORROUT
   1  304.55  0.998  566.2881  31.2899  1.841   0.8575   0.9072   27.4913
