         *****************************************************************
         *****************************************************************
         **                                                             **
         **                (c) SIEMENS ENERGY, INC.                     **
         **                                                             **
         **   COMPRESSOR MEAN LINE OFF-DESIGN PROGRAM  Version 1.2a dev **
         **                                                             **
         **                 19-Jul-2012   15:01:33                      **
         **                                                             **
         *****************************************************************
         *****************************************************************
 
 CMDP/CMODP: HARMONIZED COMPRESSOR  Test data RFT 163 Pt.1  Run 32.544  6/14/2006  @14:23
 Corr Flow = 566.486 kg/s  Blading  PR = 18.625  adia. eff. = 88.46% ,IGV 5.48,VGV1 0.49,VGV2 0.72,VGV3 2.98
 NO OF STAGES = 13
 ANNULUS DETAILS (mm)
        STAGE           X-HUB     R-HUB   X-CASING  R-CASING
 ROTOR    1  INLET     498.59    546.81    544.31   1122.66
 ROTOR    1  EXIT      800.17    598.99    735.58   1104.21
 STATOR   1  INLET     843.10    608.20    830.25   1093.56
 STATOR   1  EXIT     1020.45    645.71   1033.31   1064.24
 ROTOR    2  INLET    1057.93    653.47   1080.07   1058.43
 ROTOR    2  EXIT     1234.18    686.34   1201.29   1044.79
 STATOR   2  INLET    1264.54    691.49   1255.57   1039.19
 STATOR   2  EXIT     1396.79    713.01   1408.28   1025.03
 ROTOR    3  INLET    1432.02    718.62   1450.06   1022.04
 ROTOR    3  EXIT     1580.75    739.30   1548.51   1016.77
 STATOR   3  INLET    1609.90    742.81   1602.84   1014.25
 STATOR   3  EXIT     1722.00    755.48   1738.03   1009.10
 ROTOR    4  INLET    1754.66    758.90   1779.63   1007.85
 ROTOR    4  EXIT     1888.57    769.40   1856.01   1005.81
 STATOR   4  INLET    1919.78    771.34   1910.67   1004.29
 STATOR   4  EXIT     2002.49    776.65   2020.90    999.88
 ROTOR    5  INLET    2036.13    778.62   2057.70    998.11
 ROTOR    5  EXIT     2159.87    784.83   2130.36    994.54
 STATOR   5  INLET    2180.50    785.79   2170.01    992.54
 STATOR   5  EXIT     2246.10    788.66   2258.25    986.71
 ROTOR    6  INLET    2324.04    792.51   2347.95    980.75
 ROTOR    6  EXIT     2432.20    796.69   2407.58    976.52
 STATOR   6  INLET    2447.75    797.20   2444.33    973.78
 STATOR   6  EXIT     2515.76    799.30   2518.67    967.96
 ROTOR    7  INLET    2536.90    799.88   2559.21    964.71
 ROTOR    7  EXIT     2636.66    801.98   2611.66    960.27
 STATOR   7  INLET    2653.68    802.28   2648.71    956.90
 STATOR   7  EXIT     2712.83    803.52   2716.82    950.37
 ROTOR    8  INLET    2733.41    803.31   2749.80    946.73
 ROTOR    8  EXIT     2809.14    804.05   2792.48    942.45
 STATOR   8  INLET    2827.69    804.16   2827.17    939.31
 STATOR   8  EXIT     2895.61    804.43   2892.95    933.82
 ROTOR    9  INLET    2967.29    804.67   2983.75    926.24
 ROTOR    9  EXIT     3042.90    804.44   3025.75    922.73
 STATOR   9  INLET    3064.15    804.46   3059.80    919.87
 STATOR   9  EXIT     3116.05    804.59   3119.52    914.85
 ROTOR   10  INLET    3134.73    804.62   3147.58    912.24
 ROTOR   10  EXIT     3198.58    804.53   3186.81    908.30
 STATOR  10  INLET    3218.25    804.56   3213.28    906.02
 STATOR  10  EXIT     3265.26    804.68   3269.30    901.90
 ROTOR   11  INLET    3282.02    804.72   3293.30    900.14
 ROTOR   11  EXIT     3345.96    804.83   3335.00    897.08
 STATOR  11  INLET    3365.04    804.86   3358.75    895.38
 STATOR  11  EXIT     3412.08    804.94   3417.88    891.24
 ROTOR   12  INLET    3478.53    805.04   3486.45    886.62
 ROTOR   12  EXIT     3530.82    804.97   3525.41    884.11
 STATOR  12  INLET    3552.28    804.94   3549.71    882.60
 STATOR  12  EXIT     3595.35    804.87   3596.34    879.78
 ROTOR   13  INLET    3616.15    804.83   3627.09    877.90
 ROTOR   13  EXIT     3670.84    804.59   3659.97    875.87
 STATOR  13  INLET    3699.32    804.57   3697.26    874.16
 STATOR  13  EXIT     3740.09    804.57   3741.52    872.73
 OGV         INLET    3767.51    804.80   3767.85    872.29
 OGV         EXIT     3831.58    804.75   3831.27    872.30

 ROTOR BLADE GEOMETRY AND STAGE PRESSURE RATIO                                    STAGE
                                                          DELTA   DELTA         PRESSURE
 STAGE   S/C    T/C    BETA1    A/C    O/S   NOB   BETA2   DEVN    LOSS   TCLHR   RATIO
   1    0.759  0.060  49.490  0.500  0.6642   20  29.590  0.000  0.0000  0.0046  1.5020
   2    0.712  0.069  50.680  0.500  0.6369   36  31.470  0.000  0.0000  0.0035  1.4850
   3    0.751  0.055  53.480  0.500  0.6170   42  33.860  0.000  0.0000  0.0030  1.4100
   4    0.748  0.054  56.200  0.500  0.6058   48  37.380  0.000  0.0000  0.0057  1.3180
   5    0.850  0.055  58.610  0.500  0.6191   46  38.310  0.000  0.0000  0.0056  1.2880
   6    0.945  0.075  60.860  0.500  0.6222   48  36.780  0.000  0.0000  0.0060  1.2010
   7    0.792  0.057  59.870  0.500  0.6238   63  37.260  0.000  0.0000  0.0083  1.1970
   8    1.010  0.079  60.790  0.500  0.6533   65  32.730  0.000  0.0000  0.0105  1.1800
   9    0.997  0.055  58.530  0.500  0.6802   67  30.740  0.000  0.0000  0.0171  1.1740
  10    0.863  0.058  57.780  0.500  0.6865   90  30.330  0.000  0.0000  0.0153  1.1670
  11    0.856  0.077  58.630  0.500  0.6731   88  29.830  0.000  0.0000  0.0146  1.1530
  12    0.913  0.067  58.250  0.500  0.6805   92  29.550  0.000  0.0000  0.0260  1.1450
  13    0.955  0.102  58.950  0.500  0.6775   95  28.390  0.000  0.0000  0.0334  1.1430

 STATOR BLADE GEOMETRY AND STATOR EXIT FLOW ANGLE
                                                          DELTA   DELTA          STATOR
 STAGE   S/C    T/C    BETA1   A/C     O/S   NOB   BETA2   DEVN    LOSS   TCLHS  ALPHA4
   1    0.762  0.063  48.369  0.500  0.7474   34  12.419  0.000  0.0000  0.0038  20.690
   2    0.749  0.069  50.642  0.500  0.7216   46  14.952  0.000  0.0000  0.0047  22.120
   3    0.721  0.064  53.410  0.500  0.7153   54  23.460  0.000  0.0000  0.0061  27.860
   4    0.794  0.078  53.260  0.500  0.6715   58  27.890  0.000  0.0000  0.0115  32.680
   5    1.010  0.074  60.890  0.500  0.6535   54  33.190  0.000  0.0000  0.0118  39.310
   6    0.778  0.084  59.260  0.500  0.6401   72  33.530  0.000  0.0000  0.0093  38.520
   7    0.896  0.067  60.030  0.500  0.6514   74  33.390  0.000  0.0000  0.0131  38.790
   8    0.816  0.087  60.490  0.500  0.6454   76  32.800  0.000  0.0000  0.0111  38.450
   9    0.896  0.101  60.430  0.500  0.6503   78  31.200  0.000  0.0000  0.0208  38.010
  10    0.933  0.085  58.910  0.500  0.6727   86  30.120  0.000  0.0000  0.0232  36.700
  11    0.890  0.112  59.750  0.500  0.6591   90  28.740  0.000  0.0000  0.0181  35.960
  12    0.779  0.101  59.270  0.500  0.6588  118  29.180  0.000  0.0000  0.0382  35.280
  13    0.787  0.088  59.200  0.500  0.6700  120  29.580  0.000  0.0000  0.0347  35.220

 OUTLET GUIDE VANE GEOMETRY
                                                          DELTA   DELTA
         S/C    T/C    BETA1   A/C     O/S   NOB   BETA2   DEVN    LOSS   TCLHR
        0.669  0.076  33.720  0.500  0.8044  120  -6.500  0.000  0.0000  0.0347

 INLET BLOCKAGE (PERCENT)
 HUB      CASING
 0.25      0.25

 ANNULUS BLOCKAGE (PERCENT)
 BLOCKAGE TYPE = 1                              1 - Blockage delta  2 - Total blockage
 STAGE    ROTOR INLET    ROTOR EXIT    STATOR INLET    STATOR EXIT
   1         0.00           0.00           0.00           0.00
   2         0.00           0.00           0.00           0.00
   3         0.00           0.00           0.00           0.00
   4         0.00           0.00           0.00           0.00
   5         0.00           0.00           0.00           0.00
   6         0.00           0.00           0.00           0.00
   7         0.00           0.00           0.00           0.00
   8         0.00           0.00           0.00           0.00
   9         0.00           0.00           0.00           0.00
  10         0.00           0.00           0.00           0.00
  11         0.00           0.00           0.00           0.00
  12         0.00           0.00           0.00           0.00
  13         0.00           0.00           0.00           0.00
  OGV                                      0.00           0.00

 3 BLEEDS SPECIFIED AFTER STAGES      5     8    11
 BLEED FLOWS (% OF INLET FLOW)     0.67  3.54  6.56

 VARIABLE BLEED SCHEDULE
 NUMBER OF VARIABLE BLEEDS = 0
 FRACTION OF
 DESIGN NRT   BLEED 1  BLEED 2  BLEED 3
   0.00         0.2      0.4      1.6
   0.90         0.1      0.2      0.8
   0.95         0.1      0.1      0.4
   1.00         0.0      0.0      0.0
   1.10         0.0      0.0      0.0
 
 VARIABLE STATOR SCHEDULE
 NUMBER OF VARIABLE STATORS = 0
 FRACTION OF      ANGLE DELTA
 DESIGN NRT      S1     S2     S3
   0.50         20.0   10.0    5.0
   0.90          5.0    2.5    0.0
   0.95          2.5    0.0    0.0
   1.00          0.0    0.0    0.0
   1.10          0.0    0.0    0.0
 
 LOSS MODEL                   = 1               0 - Miller-Wright   1 - Calvert's revisions
 SURGE MODEL                  = 4               1 - Density ratio   2 - Static pressure ratio  3 - Total pressure ratio  4 - Eta*Cp*DT
 INCIDENCE TYPE               = 2               1 - Zero incidence  2 - Minimum loss incidence
 TIP CLEARANCE TYPE           = 1               1 - Clearance over height   2 - In millimeters
 DELTA LOSS FOR ALL ROWS      = 0.00430
 DELTA DEVIATION FOR ALL ROWS = 0.0328
 LOSS FACTOR FOR ALL ROWS     = 1.0000
 BLOCKAGE FACTOR FOR ALL ROWS = 1.000
 AT DESIGN POINT :
         SHAFT SPEED          = 3708.64
         MASS FLOW            = 548.017
         AMBIENT PRESSURE     = 1.00774
         AMBIENT TEMPERATURE  = 31.41
         AMBIENT REL HUMIDITY = 25.4
         INLET PRESSURE LOSS  = 0.00988
         IGV PRESSURE LOSS    = 0.00474
         ROTOR 1 INLET ALPHA  = 20.16

 NUMBER OF SPEEDLINES = 1
 NO OF PTS    TEMP    SHAFT SPEED    REL HUMIDITY    MASS FLOW
