         *****************************************************************
         *****************************************************************
         **                                                             **
         **                (c) SIEMENS ENERGY, INC.                     **
         **                                                             **
         **   COMPRESSOR MEAN LINE OFF-DESIGN PROGRAM  Version 2.0b dev **
         **                                                             **
         **                 27-Jul-2012   13:17:21                      **
         **                                                             **
         *****************************************************************
         *****************************************************************
 
 CMDP/CMODP: HARMONIZED COMPRESSOR  Test data RFT 163 Pt.1  Run 32.544  6/14/2006  @14:23
 Corr Flow = 566.486 kg/s  Blading  PR = 18.625  adia. eff. = 88.46% ,IGV 5.48,VGV1 0.49,VGV2 0.72,VGV3 2.98
 NO OF STAGES = 13
 ANNULUS DETAILS (mm)
        STAGE           X-HUB     R-HUB   X-CASING  R-CASING
 ROTOR    1  INLET     498.59    546.81    544.31   1122.66
 ROTOR    1  EXIT      800.17    598.99    735.58   1104.21
 STATOR   1  INLET     843.10    608.20    830.25   1093.56
 STATOR   1  EXIT     1020.45    645.71   1033.31   1064.24
 ROTOR    2  INLET    1057.93    653.47   1080.07   1058.43
 ROTOR    2  EXIT     1234.18    686.34   1201.29   1044.79
 STATOR   2  INLET    1264.54    691.49   1255.57   1039.19
 STATOR   2  EXIT     1396.79    713.01   1408.28   1025.03
 ROTOR    3  INLET    1432.02    718.62   1450.06   1022.04
 ROTOR    3  EXIT     1580.75    739.30   1548.51   1016.77
 STATOR   3  INLET    1609.90    742.81   1602.84   1014.25
 STATOR   3  EXIT     1722.00    755.48   1738.03   1009.10
 ROTOR    4  INLET    1754.66    758.90   1779.63   1007.85
 ROTOR    4  EXIT     1888.57    769.40   1856.01   1005.81
 STATOR   4  INLET    1919.78    771.34   1910.67   1004.29
 STATOR   4  EXIT     2002.49    776.65   2020.90    999.88
 ROTOR    5  INLET    2036.13    778.62   2057.70    998.11
 ROTOR    5  EXIT     2159.87    784.83   2130.36    994.54
 STATOR   5  INLET    2180.50    785.79   2170.01    992.54
 STATOR   5  EXIT     2246.10    788.66   2258.25    986.71
 ROTOR    6  INLET    2324.04    792.51   2347.95    980.75
 ROTOR    6  EXIT     2432.20    796.69   2407.58    976.52
 STATOR   6  INLET    2447.75    797.20   2444.33    973.78
 STATOR   6  EXIT     2515.76    799.30   2518.67    967.96
 ROTOR    7  INLET    2536.90    799.88   2559.21    964.71
 ROTOR    7  EXIT     2636.66    801.98   2611.66    960.27
 STATOR   7  INLET    2653.68    802.28   2648.71    956.90
 STATOR   7  EXIT     2712.83    803.52   2716.82    950.37
 ROTOR    8  INLET    2733.41    803.31   2749.80    946.73
 ROTOR    8  EXIT     2809.14    804.05   2792.48    942.45
 STATOR   8  INLET    2827.69    804.16   2827.17    939.31
 STATOR   8  EXIT     2895.61    804.43   2892.95    933.82
 ROTOR    9  INLET    2967.29    804.67   2983.75    926.24
 ROTOR    9  EXIT     3042.90    804.44   3025.75    922.73
 STATOR   9  INLET    3064.15    804.46   3059.80    919.87
 STATOR   9  EXIT     3116.05    804.59   3119.52    914.85
 ROTOR   10  INLET    3134.73    804.62   3147.58    912.24
 ROTOR   10  EXIT     3198.58    804.53   3186.81    908.30
 STATOR  10  INLET    3218.25    804.56   3213.28    906.02
 STATOR  10  EXIT     3265.26    804.68   3269.30    901.90
 ROTOR   11  INLET    3282.02    804.72   3293.30    900.14
 ROTOR   11  EXIT     3345.96    804.83   3335.00    897.08
 STATOR  11  INLET    3365.04    804.86   3358.75    895.38
 STATOR  11  EXIT     3412.08    804.94   3417.88    891.24
 ROTOR   12  INLET    3478.53    805.04   3486.45    886.62
 ROTOR   12  EXIT     3530.82    804.97   3525.41    884.11
 STATOR  12  INLET    3552.28    804.94   3549.71    882.60
 STATOR  12  EXIT     3595.35    804.87   3596.34    879.78
 ROTOR   13  INLET    3616.15    804.83   3627.09    877.90
 ROTOR   13  EXIT     3670.84    804.59   3659.97    875.87
 STATOR  13  INLET    3699.32    804.57   3697.26    874.16
 STATOR  13  EXIT     3740.09    804.57   3741.52    872.73
 OGV         INLET    3767.51    804.80   3767.85    872.29
 OGV         EXIT     3831.58    804.75   3831.27    872.30

 ROTOR BLADE GEOMETRY AND STAGE PRESSURE RATIO                                                                 STAGE
         BLADE                                                                         DELTA   DELTA         PRESSURE
 STAGE   TYPE  IFORM   S/C    T/C    BETA1   A/C  SHAPEK    O/S   NOB   BETA2 STAGGER   DEVN    LOSS   TCLHR   RATIO
   1      2      1    0.764  0.058  50.260  0.537  0.500  0.6334   20  28.400  42.570  0.000  0.0000  0.0046  1.5020
   2      2      1    0.715  0.067  51.170  0.465  0.500  0.6369   36  31.660  42.010  0.000  0.0000  0.0035  1.4850
   3      2      1    0.754  0.054  53.520  0.417  0.500  0.6170   42  33.020  43.550  0.000  0.0000  0.0030  1.4100
   4      2      1    0.750  0.053  55.830  0.399  0.500  0.6058   48  35.630  44.400  0.000  0.0000  0.0057  1.3180
   5      2      1    0.842  0.059  57.620  0.367  0.500  0.6191   46  35.290  44.840  0.000  0.0000  0.0056  1.2880
   6      3      1    0.926  0.082   0.000  0.500  0.000  0.6222   48   0.000   0.000  0.000  0.0000  0.0060  1.2010
   7      3      1    0.792  0.057   0.000  0.500  0.000  0.6238   63   0.000   0.000  0.000  0.0000  0.0083  1.1970
   8      3      1    1.010  0.079   0.000  0.500  0.000  0.6533   65   0.000   0.000  0.000  0.0000  0.0105  1.1800
   9      3      1    0.997  0.055   0.000  0.500  0.000  0.6802   67   0.000   0.000  0.000  0.0000  0.0171  1.1740
  10      3      1    0.863  0.058   0.000  0.500  0.000  0.6865   90   0.000   0.000  0.000  0.0000  0.0153  1.1670
  11      3      1    0.856  0.077   0.000  0.500  0.000  0.6731   88   0.000   0.000  0.000  0.0000  0.0146  1.1530
  12      3      1    0.913  0.067   0.000  0.500  0.000  0.6805   92   0.000   0.000  0.000  0.0000  0.0260  1.1450
  13      3      1    0.955  0.102   0.000  0.500  0.000  0.6775   95   0.000   0.000  0.000  0.0000  0.0334  1.1430


 STATOR BLADE GEOMETRY AND STATOR EXIT FLOW ANGLE
        BLADE                                                                          DELTA   DELTA          STATOR
 STAGE   TYPE  IFORM   S/C    T/C    BETA1   A/C  SHAPEK    O/S   NOB   BETA2 STAGGER   DEVN    LOSS   TCLHS  ALPHA4
   1      2      1    0.764  0.063  46.120  0.438  0.500  0.7442   34  10.560  26.560  0.000  0.0000  0.0038  20.690
   2      2      1    0.750  0.069  48.830  0.418  0.500  0.7216   46  13.135  28.190  0.000  0.0000  0.0047  22.120
   3      2      1    0.721  0.065  52.290  0.325  0.500  0.7153   54  22.290  33.860  0.000  0.0000  0.0061  27.860
   4      2      1    0.794  0.079  53.130  0.359  0.500  0.6715   58  27.940  38.350  0.000  0.0000  0.0115  32.680
   5      3      1    1.010  0.074   0.000  0.500  0.000  0.6535   54   0.000   0.000  0.000  0.0000  0.0118  39.310
   6      3      1    0.778  0.084   0.000  0.500  0.000  0.6401   72   0.000   0.000  0.000  0.0000  0.0093  38.520
   7      3      1    0.896  0.067   0.000  0.500  0.000  0.6514   74   0.000   0.000  0.000  0.0000  0.0131  38.790
   8      3      1    0.816  0.087   0.000  0.500  0.000  0.6454   76   0.000   0.000  0.000  0.0000  0.0111  38.450
   9      3      1    0.896  0.101   0.000  0.500  0.000  0.6503   78   0.000   0.000  0.000  0.0000  0.0208  38.010
  10      3      1    0.933  0.085   0.000  0.500  0.000  0.6727   86   0.000   0.000  0.000  0.0000  0.0232  36.700
  11      3      1    0.890  0.112   0.000  0.500  0.000  0.6591   90   0.000   0.000  0.000  0.0000  0.0181  35.960
  12      3      1    0.779  0.101   0.000  0.500  0.000  0.6588  118   0.000   0.000  0.000  0.0000  0.0382  35.280
  13      3      1    0.787  0.088   0.000  0.500  0.000  0.6700  120   0.000   0.000  0.000  0.0000  0.0347  35.220

 OUTLET GUIDE VANE GEOMETRY
        BLADE                                                                          DELTA   DELTA
         TYPE  IFORM   S/C    T/C    BETA1   A/C  SHAPEK    O/S   NOB   BETA2 STAGGER   DEVN    LOSS   TCLHS
          2      1    0.672  0.080  34.000  0.500  0.500  0.8044  120  -6.500  13.750  0.000  0.0000  0.0347

 INLET BLOCKAGE (PERCENT)
 HUB      CASING
 1.00      1.00

 ANNULUS BLOCKAGE (PERCENT)
 BLOCKAGE TYPE = 1                              1 - Blockage delta  2 - Total blockage
 STAGE    ROTOR INLET    ROTOR EXIT    STATOR INLET    STATOR EXIT
   1         0.00           0.00           0.00           0.00
   2         0.00           0.00           0.00           0.00
   3         0.00           0.00           0.00           0.00
   4         0.00           0.00           0.00           0.00
   5         0.00           0.00           0.00           0.00
   6         0.00           0.00           0.00           0.00
   7         0.00           0.00           0.00           0.00
   8         0.00           0.00           0.00           0.00
   9         0.00           0.00           0.00           0.00
  10         0.00           0.00           0.00           0.00
  11         0.00           0.00           0.00           0.00
  12         0.00           0.00           0.00           0.00
  13         0.00           0.00           0.00           0.00
  OGV                                      0.00           0.00

 3 BLEEDS SPECIFIED AFTER STAGES      5     8    11
 BLEED FLOWS (% OF INLET FLOW)     0.67  3.55  6.56

 VARIABLE BLEED SCHEDULE
 NUMBER OF VARIABLE BLEEDS = 0
 FRACTION OF
 DESIGN NRT      1        2        3
   0.00        0.20     0.40     1.60
   0.90        0.10     0.20     0.80
   0.95        0.05     0.10     0.40
   1.00        0.00     0.00     0.00
   1.10        0.00     0.00     0.00
 
 VARIABLE STATORS
 NUMBER OF VARIABLE STATORS = 3
 VG(1) = 0.3670
 VG(2) = 0.3330
 VG(3) = 0.2000

 ROTOR HPA DESIGN POINT DATA
 STAGE   BETA1   DBETA    T/C     AVDR   MACH1
   6    55.524  12.973   0.074   1.048   0.643
   7    55.259  14.054   0.057   1.044   0.614
   8    54.771  15.021   0.078   1.045   0.594
   9    53.742  16.155   0.054   1.040   0.573
  10    51.655  15.928   0.058   1.033   0.556
  11    52.356  16.570   0.077   1.038   0.545
  12    52.359  16.620   0.067   1.036   0.533
  13    52.220  16.170   0.101   1.026   0.526

 STATOR HPA DESIGN POINT DATA
 STAGE   BETA1   DBETA    T/C     AVDR   MACH1
   5    55.024  15.700   0.074   1.065   0.587
   6    53.290  14.943   0.084   1.043   0.578
   7    54.132  15.513   0.068   1.056   0.574
   8    53.880  15.780   0.087   1.057   0.569
   9    53.210  15.300   0.102   1.045   0.562
  10    52.478  15.960   0.085   1.045   0.555
  11    52.550  16.619   0.112   1.044   0.542
  12    52.099  16.968   0.058   1.037   0.528
  13    52.124  16.819   0.088   1.021   0.514

 LOSS MODEL                   = 1               0 - Miller-Wright   1 - Calvert's revisions
 SURGE MODEL                  = 5               1 - Density ratio   2 - Static pressure ratio  3 - Total pressure ratio  4 - Eta*Cp*DT  5 - PGK
 INCIDENCE TYPE               = 2               1 - Zero incidence  2 - Minimum loss incidence
 TIP CLEARANCE TYPE           = 1               1 - Clearance over height   2 - In millimeters
 DELTA LOSS FOR ALL ROWS      = 0.00000
 DELTA DEVIATION FOR ALL ROWS = 0.0000
 LOSS FACTOR FOR ALL ROWS     = 1.0000
 BLOCKAGE FACTOR FOR ALL ROWS = 1.000
 
 HPA MINIMUM LOSS CORR.       = 1.8840
 HPA OPERATING RANGE CORR.    = 1.0000
 CDA DEVIATION CORRECTION     = 1.0000
 CDA MAXIMUM CAMBER CORR.     = 12.0000
 CDA DIFFUSION CORRECTION     = 0.2500
 CDA CHOKE CHARACTERISTIC EXP = 3.0000
 CDA SURGE CHARACTERISTIC EXP = 3.0000
 CDA REF. INCIDENCE CORR.     = 0.1100
 CDA MINIMUM LOSS CORRECTION  = 2.0160
 CDA TRANSONIC LOSS CORR.     = 0.6000
 CDA SUPERCRITICAL LOSS EXP   = 5.0000
 CDA SUPERCRITICAL LOSS EXP   = 0.0300
 NACA CHOKE CHARACTERISTIC EXP= 2.0000
 NACA SURGE CHARACTERISTIC EXP= 2.0000
 NACA MINIMUM LOSS CORRECTION = 1.1400
 
 DIFFUSER CALIBRATION FACTOR  = 1.0000
 DIFFUSER AREA RATIO          = 2.2791
 
 AT DESIGN POINT :
         SHAFT SPEED          = 3708.64
         MASS FLOW            = 547.837
         AMBIENT TEMPERATURE  = 31.41
         AMBIENT REL HUMIDITY = 25.4
         INLET FLANGE PRESSURE= 1.00770
         SCROLL CALIB. COEFF. = 1.0000
         IGV POSITION         = 5.49            POSITIVE IS CLOSED
         USE GIVEN IGV DP/Pin = 0               0 - NO   1 - YES
         IGV DELTA P/Pin      = 0.0050
         USE GIVEN R1 ALPHA   = 1               0 - NO   1 - YES
         IGV EXIT ANGLE COEFF.= 0.9726
         ROTOR 1 INLET ALPHA  = 20.93           AT THE NOMINAL IGV POSITION

 NUMBER OF SPEEDLINES = 1
 NO OF PTS    TEMP    SHAFT SPEED    REL HUMIDITY    MASS FLOW
    -9       31.40      3708.64         25.37
 
 
 VARIABLE STATOR RESTAGGERS     1        2        3        
                      DBETA    2.01     1.83     1.10
                     BETA1B   48.13    50.66    53.39
                     BETA2B   12.57    14.96    23.39
                    STAGGER   28.57    30.02    34.96  
 
 
 
         **   COMPRESSOR MEAN LINE OFF-DESIGN PROGRAM  Version 2.0b dev **
 
SPEEDLINE  1    NRT =  3606.4    TEMP =  31.4    GAS CONSTANT = 288.34
 
 
INLET SUMMARY
       SCROLL  IGV INLET   IGV     ---IGV EXIT---
POINT   DP/P       PT      DP/P      PT     ALPHA
   1   0.0058    1.0019   0.0078   0.9940   26.27
   2   0.0058    1.0019   0.0078   0.9940   26.27
   3   0.0057    1.0019   0.0078   0.9941   26.27
   4   0.0057    1.0019   0.0078   0.9941   26.27
   5   0.0057    1.0020   0.0078   0.9942   26.27
   6   0.0057    1.0020   0.0077   0.9943   26.27
   7   0.0056    1.0020   0.0077   0.9944   26.27
   8   0.0056    1.0021   0.0076   0.9944   26.27
   9   0.0055    1.0021   0.0075   0.9946   26.27
 
 
STAGE  1 SUMMARY
POINT   ALF1   ALF2   ALF3   ALF4   DEFR   DEFS     WR     WS    MNR    MNS    DFR    DFS   INCR   INCS
   1  -52.14 -35.01  48.08  20.76  17.13  27.32  0.038  0.039  0.898  0.790  0.424  0.438   1.88  -0.05
   2  -52.16 -35.02  48.10  20.77  17.14  27.33  0.039  0.039  0.898  0.789  0.425  0.438   1.90  -0.03
   3  -52.23 -35.05  48.17  20.80  17.18  27.37  0.039  0.039  0.898  0.789  0.429  0.440   1.97   0.04
   4  -52.34 -35.10  48.29  20.85  17.25  27.44  0.039  0.040  0.897  0.788  0.435  0.442   2.08   0.15
   5  -52.50 -35.17  48.43  20.91  17.33  27.52  0.040  0.040  0.896  0.786  0.442  0.445   2.24   0.30
   6  -52.68 -35.25  48.61  20.99  17.43  27.62  0.041  0.041  0.896  0.784  0.448  0.448   2.42   0.48
   7  -52.89 -35.35  48.80  21.08  17.53  27.72  0.042  0.041  0.895  0.782  0.453  0.452   2.63   0.67
   8  -53.11 -35.46  49.00  21.18  17.65  27.82  0.043  0.042  0.894  0.780  0.458  0.456   2.85   0.87
   9  -53.34 -35.57  49.20  21.27  17.77  27.93  0.045  0.043  0.893  0.778  0.463  0.459   3.08   1.06
 
POINT    PS1    PS2    PS3    PS4    PT0    PT1    PT2    PT3    PT4    UM      T0    DEVR   DEVS
   1   0.770  0.986  0.969  1.165  0.994  1.300  1.268  1.462  1.442 329.04  304.55   6.61   8.19
   2   0.771  0.987  0.970  1.166  0.994  1.300  1.268  1.462  1.443 329.04  304.55   6.62   8.20
   3   0.771  0.988  0.971  1.168  0.994  1.301  1.269  1.463  1.444 329.04  304.55   6.65   8.23
   4   0.773  0.990  0.973  1.171  0.994  1.302  1.270  1.465  1.446 329.04  304.55   6.70   8.28
   5   0.774  0.993  0.976  1.175  0.994  1.304  1.271  1.467  1.448 329.04  304.55   6.77   8.34
   6   0.776  0.996  0.980  1.179  0.994  1.306  1.273  1.470  1.450 329.04  304.55   6.85   8.42
   7   0.778  1.000  0.984  1.184  0.994  1.309  1.275  1.473  1.453 329.04  304.55   6.95   8.51
   8   0.781  1.004  0.988  1.189  0.994  1.311  1.276  1.476  1.456 329.04  304.55   7.06   8.60
   9   0.783  1.007  0.992  1.194  0.995  1.314  1.278  1.479  1.458 329.04  304.55   7.17   8.70
 
POINT INCCHR INCMLR INCOPR INCPSR INCCHS INCMLS INCOPS INCPSS ALFCHR ALFCHS    CMR    CMS   BLK1   BLK2   BLK3   BLK4
   1    1.58   4.59   3.34   8.03  -6.55  -1.39  -0.34   4.70  51.84  41.58   0.58  15.63   2.00   1.96   1.73   2.46
   2    1.58   4.59   3.34   8.03  -6.56  -1.39  -0.34   4.70  51.84  41.58   0.62  15.70   2.00   1.97   1.73   2.47
   3    1.58   4.59   3.34   8.03  -6.57  -1.40  -0.34   4.70  51.84  41.56   0.76  15.92   2.00   1.98   1.74   2.49
   4    1.57   4.59   3.34   8.03  -6.60  -1.40  -0.34   4.70  51.83  41.53   0.98  16.27   2.00   2.00   1.76   2.53
   5    1.57   4.59   3.34   8.03  -6.64  -1.41  -0.34   4.70  51.83  41.49   1.28  16.73   2.00   2.03   1.79   2.58
   6    1.57   4.59   3.34   8.03  -6.69  -1.42  -0.34   4.70  51.83  41.44   1.64  17.29   2.00   2.07   1.82   2.63
   7    1.56   4.58   3.34   8.03  -6.74  -1.44  -0.34   4.70  51.82  41.39   2.05  17.90   2.00   2.11   1.86   2.70
   8    1.56   4.58   3.34   8.03  -6.80  -1.45  -0.34   4.70  51.82  41.33   2.49  18.55   2.00   2.17   1.90   2.77
   9    1.56   4.58   3.34   8.03  -6.86  -1.47  -0.34   4.70  51.82  41.27   2.94  19.20   2.00   2.23   1.95   2.84
 
POINT WR-PRF WR-SHK WR-TIP WR-SEC WS-PRF WS-SHK WS-TIP WS-SEC   O/SR   O/SS  CLV2R  CLV2S   DEHR   DEHS    LG2   KOCH
   1   0.028  0.000  0.001  0.010  0.030  0.000  0.001  0.008  0.633  0.744  0.993  1.188  0.716  0.739  1.514  0.537
   2   0.028  0.000  0.001  0.010  0.030  0.000  0.001  0.008  0.633  0.744  0.994  1.189  0.715  0.739  1.515  0.537
   3   0.029  0.000  0.001  0.010  0.030  0.000  0.001  0.008  0.633  0.744  0.999  1.193  0.713  0.738  1.515  0.538
   4   0.029  0.000  0.001  0.010  0.031  0.000  0.001  0.008  0.633  0.744  1.006  1.199  0.709  0.736  1.516  0.541
   5   0.030  0.000  0.001  0.010  0.031  0.000  0.001  0.008  0.633  0.744  1.015  1.207  0.704  0.734  1.517  0.543
   6   0.031  0.000  0.001  0.010  0.032  0.000  0.001  0.008  0.633  0.744  1.026  1.216  0.701  0.732  1.518  0.547
   7   0.032  0.000  0.001  0.010  0.032  0.000  0.001  0.008  0.633  0.744  1.039  1.227  0.697  0.729  1.520  0.550
   8   0.033  0.000  0.001  0.010  0.033  0.000  0.001  0.008  0.633  0.744  1.051  1.237  0.694  0.727  1.522  0.553
   9   0.034  0.000  0.001  0.010  0.034  0.000  0.001  0.008  0.633  0.744  1.064  1.248  0.690  0.724  1.523  0.556
 
POINT   VAU1   VAU2   VAU3   VAU4  DHUSQ EDHUSQ   DT/T  R_TOT R_STAT    PTS SPRCIR SPRCIS SPRCCR SPRCCS ETAADI
   1   0.566  0.533  0.561  0.574  0.340  0.314  0.121  1.451  1.513  1.172  0.503  0.466  0.408  0.399 0.9236
   2   0.566  0.533  0.561  0.573  0.340  0.314  0.121  1.451  1.513  1.173  0.503  0.467  0.408  0.399 0.9235
   3   0.565  0.532  0.560  0.572  0.341  0.314  0.122  1.452  1.514  1.175  0.504  0.468  0.409  0.400 0.9233
   4   0.563  0.530  0.558  0.570  0.342  0.315  0.122  1.454  1.516  1.178  0.506  0.470  0.411  0.402 0.9228
   5   0.561  0.528  0.555  0.568  0.343  0.317  0.123  1.456  1.517  1.182  0.509  0.473  0.413  0.404 0.9222
   6   0.558  0.525  0.552  0.565  0.345  0.318  0.123  1.459  1.519  1.186  0.512  0.475  0.415  0.406 0.9213
   7   0.555  0.522  0.549  0.562  0.348  0.320  0.124  1.461  1.521  1.191  0.516  0.478  0.418  0.409 0.9201
   8   0.552  0.520  0.546  0.559  0.350  0.321  0.125  1.464  1.522  1.195  0.519  0.482  0.420  0.412 0.9187
   9   0.549  0.517  0.543  0.556  0.352  0.323  0.126  1.466  1.524  1.200  0.522  0.485  0.422  0.414 0.9169
 
 
STAGE  2 SUMMARY
POINT   ALF1   ALF2   ALF3   ALF4   DEFR   DEFS     WR     WS    MNR    MNS    DFR    DFS   INCR   INCS
   1  -53.07 -37.63  46.61  21.92  15.44  24.69  0.039  0.040  0.912  0.725  0.435  0.394   1.90  -4.05
   2  -53.09 -37.64  46.64  21.93  15.45  24.71  0.039  0.040  0.911  0.724  0.435  0.395   1.92  -4.02
   3  -53.15 -37.66  46.73  21.95  15.49  24.79  0.039  0.040  0.911  0.724  0.437  0.397   1.98  -3.93
   4  -53.25 -37.70  46.88  21.98  15.55  24.90  0.039  0.040  0.909  0.723  0.439  0.400   2.08  -3.78
   5  -53.38 -37.75  47.07  22.02  15.63  25.06  0.039  0.039  0.907  0.722  0.442  0.405   2.21  -3.58
   6  -53.53 -37.80  47.30  22.07  15.72  25.23  0.040  0.039  0.905  0.720  0.446  0.410   2.36  -3.36
   7  -53.69 -37.87  47.55  22.13  15.82  25.42  0.041  0.039  0.903  0.719  0.450  0.415   2.52  -3.11
   8  -53.86 -37.94  47.80  22.19  15.93  25.60  0.041  0.040  0.901  0.717  0.454  0.421   2.69  -2.86
   9  -54.03 -38.01  48.05  22.26  16.03  25.79  0.042  0.040  0.898  0.715  0.458  0.427   2.86  -2.61
 
POINT    PS1    PS2    PS3    PS4    PT0    PT1    PT2    PT3    PT4    UM      T0    DEVR   DEVS
   1   1.146  1.521  1.502  1.744  1.442  1.963  1.944  2.129  2.104 335.20  341.47   5.97   6.96
   2   1.147  1.521  1.503  1.746  1.443  1.963  1.944  2.130  2.105 335.20  341.49   5.98   6.97
   3   1.149  1.524  1.506  1.750  1.444  1.965  1.946  2.133  2.108 335.20  341.58   6.00   6.98
   4   1.152  1.528  1.510  1.756  1.446  1.967  1.948  2.137  2.112 335.20  341.72   6.04   7.01
   5   1.156  1.534  1.516  1.764  1.448  1.970  1.951  2.143  2.118 335.20  341.89   6.09   7.06
   6   1.161  1.540  1.523  1.774  1.450  1.973  1.954  2.149  2.124 335.20  342.10   6.14   7.11
   7   1.166  1.547  1.529  1.784  1.453  1.977  1.957  2.156  2.131 335.20  342.34   6.21   7.17
   8   1.171  1.553  1.536  1.794  1.456  1.981  1.960  2.162  2.137 335.20  342.58   6.28   7.23
   9   1.176  1.560  1.543  1.803  1.458  1.984  1.963  2.168  2.144 335.20  342.82   6.35   7.30
 
POINT INCCHR INCMLR INCOPR INCPSR INCCHS INCMLS INCOPS INCPSS ALFCHR ALFCHS    CMR    CMS   BLK1   BLK2   BLK3   BLK4
   1    0.42   3.45   4.29   8.91  -9.69  -3.17  -0.64   4.16  51.59  40.96   2.87  13.78   2.19   1.52   1.42   1.49
   2    0.42   3.44   4.29   8.91  -9.70  -3.17  -0.64   4.16  51.59  40.95   2.91  13.88   2.19   1.52   1.42   1.49
   3    0.41   3.44   4.29   8.91  -9.72  -3.18  -0.64   4.16  51.58  40.93   3.04  14.17   2.21   1.54   1.43   1.51
   4    0.40   3.43   4.29   8.91  -9.76  -3.18  -0.64   4.16  51.57  40.90   3.25  14.63   2.24   1.55   1.45   1.54
   5    0.39   3.42   4.29   8.91  -9.81  -3.19  -0.64   4.16  51.56  40.85   3.53  15.24   2.29   1.58   1.47   1.58
   6    0.37   3.40   4.29   8.91  -9.86  -3.20  -0.64   4.16  51.54  40.79   3.86  15.95   2.34   1.61   1.50   1.62
   7    0.35   3.39   4.29   8.91  -9.93  -3.21  -0.64   4.16  51.52  40.73   4.22  16.73   2.39   1.64   1.53   1.67
   8    0.33   3.37   4.29   8.91  -9.99  -3.22  -0.64   4.16  51.50  40.67   4.60  17.54   2.45   1.67   1.56   1.73
   9    0.30   3.35   4.29   8.91 -10.05  -3.23  -0.64   4.16  51.47  40.60   4.97  18.33   2.52   1.71   1.59   1.78
 
POINT WR-PRF WR-SHK WR-TIP WR-SEC WS-PRF WS-SHK WS-TIP WS-SEC   O/SR   O/SS  CLV2R  CLV2S   DEHR   DEHS    LG2   KOCH
   1   0.030  0.000  0.000  0.008  0.030  0.000  0.001  0.009  0.637  0.722  0.941  1.056  0.697  0.759  1.652  0.545
   2   0.030  0.000  0.000  0.008  0.030  0.000  0.001  0.009  0.637  0.722  0.942  1.058  0.696  0.758  1.652  0.545
   3   0.030  0.000  0.000  0.008  0.030  0.000  0.001  0.009  0.637  0.722  0.947  1.064  0.695  0.757  1.653  0.547
   4   0.030  0.000  0.000  0.008  0.030  0.000  0.001  0.009  0.637  0.722  0.953  1.074  0.694  0.754  1.653  0.550
   5   0.031  0.000  0.001  0.008  0.030  0.000  0.001  0.009  0.637  0.722  0.962  1.087  0.691  0.751  1.654  0.554
   6   0.031  0.000  0.001  0.008  0.030  0.000  0.001  0.008  0.637  0.722  0.971  1.102  0.689  0.748  1.655  0.558
   7   0.032  0.000  0.001  0.008  0.030  0.000  0.001  0.008  0.637  0.722  0.982  1.119  0.686  0.744  1.656  0.562
   8   0.032  0.000  0.001  0.008  0.030  0.000  0.001  0.008  0.637  0.722  0.994  1.136  0.683  0.740  1.657  0.567
   9   0.033  0.000  0.001  0.008  0.030  0.000  0.001  0.008  0.637  0.722  1.005  1.153  0.680  0.736  1.659  0.571
 
POINT   VAU1   VAU2   VAU3   VAU4  DHUSQ EDHUSQ   DT/T  R_TOT R_STAT    PTS SPRCIR SPRCIS SPRCCR SPRCCS ETAADI
   1   0.587  0.534  0.555  0.556  0.381  0.354  0.122  1.459  1.521  1.209  0.523  0.450  0.458  0.386 0.9277
   2   0.586  0.534  0.555  0.556  0.382  0.354  0.122  1.459  1.522  1.210  0.523  0.450  0.459  0.387 0.9277
   3   0.585  0.532  0.553  0.554  0.382  0.355  0.122  1.460  1.523  1.212  0.525  0.452  0.460  0.389 0.9278
   4   0.583  0.531  0.551  0.552  0.383  0.356  0.122  1.461  1.524  1.215  0.526  0.456  0.462  0.392 0.9278
   5   0.580  0.528  0.549  0.549  0.385  0.357  0.123  1.463  1.526  1.219  0.529  0.460  0.464  0.396 0.9279
   6   0.577  0.525  0.546  0.546  0.386  0.358  0.123  1.465  1.528  1.223  0.532  0.465  0.467  0.401 0.9278
   7   0.574  0.522  0.542  0.542  0.388  0.360  0.124  1.467  1.530  1.228  0.535  0.470  0.469  0.406 0.9277
   8   0.571  0.519  0.539  0.538  0.390  0.361  0.124  1.468  1.532  1.232  0.538  0.475  0.472  0.411 0.9275
   9   0.567  0.516  0.536  0.535  0.391  0.363  0.125  1.470  1.533  1.237  0.541  0.480  0.475  0.416 0.9272
 
 
STAGE  3 SUMMARY
POINT   ALF1   ALF2   ALF3   ALF4   DEFR   DEFS     WR     WS    MNR    MNS    DFR    DFS   INCR   INCS
   1  -53.76 -38.68  48.28  28.12  15.08  20.16  0.039  0.044  0.856  0.680  0.438  0.360   0.24  -5.11
   2  -53.79 -38.69  48.32  28.12  15.10  20.20  0.039  0.044  0.856  0.679  0.439  0.361   0.27  -5.07
   3  -53.88 -38.72  48.43  28.12  15.16  20.32  0.039  0.044  0.855  0.679  0.441  0.364   0.36  -4.95
   4  -54.01 -38.76  48.62  28.12  15.25  20.50  0.039  0.044  0.854  0.678  0.445  0.368   0.49  -4.77
   5  -54.18 -38.83  48.85  28.14  15.36  20.71  0.040  0.043  0.852  0.676  0.449  0.374   0.66  -4.53
   6  -54.38 -38.90  49.12  28.17  15.48  20.95  0.040  0.043  0.850  0.675  0.454  0.381   0.86  -4.26
   7  -54.60 -38.98  49.41  28.20  15.62  21.21  0.041  0.043  0.848  0.673  0.460  0.388   1.08  -3.98
   8  -54.82 -39.07  49.70  28.24  15.74  21.46  0.041  0.043  0.846  0.671  0.466  0.395   1.30  -3.69
   9  -55.03 -39.16  49.98  28.28  15.87  21.69  0.042  0.043  0.843  0.670  0.471  0.402   1.51  -3.41
 
POINT    PS1    PS2    PS3    PS4    PT0    PT1    PT2    PT3    PT4    UM      T0    DEVR   DEVS
   1   1.723  2.223  2.207  2.523  2.104  2.778  2.753  3.003  2.968 340.40  383.11   5.66   4.73
   2   1.725  2.225  2.209  2.526  2.105  2.779  2.754  3.006  2.970 340.40  383.17   5.67   4.73
   3   1.729  2.231  2.215  2.535  2.108  2.783  2.759  3.012  2.977 340.40  383.32   5.70   4.73
   4   1.736  2.241  2.225  2.548  2.112  2.790  2.765  3.022  2.987 340.40  383.57   5.74   4.74
   5   1.744  2.253  2.237  2.566  2.118  2.799  2.773  3.035  3.000 340.40  383.90   5.81   4.76
   6   1.754  2.266  2.251  2.585  2.124  2.809  2.783  3.050  3.015 340.40  384.28   5.88   4.78
   7   1.764  2.280  2.265  2.605  2.131  2.819  2.792  3.065  3.030 340.40  384.70   5.96   4.82
   8   1.774  2.294  2.279  2.624  2.137  2.829  2.801  3.079  3.045 340.40  385.12   6.05   4.86
   9   1.784  2.307  2.292  2.643  2.144  2.838  2.810  3.092  3.058 340.40  385.54   6.14   4.90
 
POINT INCCHR INCMLR INCOPR INCPSR INCCHS INCMLS INCOPS INCPSS ALFCHR ALFCHS    CMR    CMS   BLK1   BLK2   BLK3   BLK4
   1   -1.25   1.86   3.57   7.94 -14.30  -5.60   0.75   5.28  52.27  39.09   2.86  23.51   1.40   1.19   1.18   1.04
   2   -1.26   1.85   3.57   7.94 -14.31  -5.60   0.75   5.28  52.26  39.08   2.92  23.65   1.40   1.20   1.18   1.04
   3   -1.27   1.85   3.57   7.94 -14.34  -5.60   0.75   5.28  52.25  39.04   3.11  24.06   1.42   1.21   1.19   1.06
   4   -1.28   1.84   3.57   7.94 -14.40  -5.60   0.75   5.28  52.24  38.99   3.39  24.70   1.45   1.24   1.22   1.09
   5   -1.30   1.83   3.57   7.94 -14.47  -5.60   0.75   5.28  52.22  38.92   3.77  25.53   1.48   1.27   1.25   1.13
   6   -1.33   1.82   3.57   7.94 -14.55  -5.60   0.75   5.28  52.19  38.84   4.20  26.48   1.52   1.31   1.29   1.17
   7   -1.36   1.81   3.57   7.94 -14.64  -5.60   0.75   5.28  52.16  38.75   4.67  27.51   1.57   1.36   1.33   1.22
   8   -1.39   1.79   3.57   7.94 -14.73  -5.60   0.75   5.28  52.13  38.66   5.16  28.55   1.62   1.39   1.37   1.27
   9   -1.42   1.78   3.57   7.94 -14.81  -5.60   0.75   5.28  52.10  38.57   5.63  29.57   1.67   1.44   1.41   1.32
 
POINT WR-PRF WR-SHK WR-TIP WR-SEC WS-PRF WS-SHK WS-TIP WS-SEC   O/SR   O/SS  CLV2R  CLV2S   DEHR   DEHS    LG2   KOCH
   1   0.029  0.000  0.000  0.009  0.034  0.000  0.001  0.009  0.617  0.715  1.018  0.919  0.697  0.763  1.665  0.560
   2   0.029  0.000  0.000  0.009  0.034  0.000  0.001  0.009  0.617  0.715  1.021  0.922  0.696  0.763  1.665  0.561
   3   0.029  0.000  0.000  0.009  0.034  0.000  0.001  0.009  0.617  0.715  1.027  0.931  0.694  0.761  1.666  0.564
   4   0.030  0.000  0.000  0.009  0.034  0.000  0.001  0.009  0.617  0.715  1.037  0.946  0.692  0.757  1.667  0.568
   5   0.030  0.000  0.000  0.009  0.033  0.000  0.001  0.009  0.617  0.715  1.050  0.964  0.689  0.753  1.668  0.574
   6   0.030  0.000  0.001  0.009  0.033  0.000  0.001  0.009  0.617  0.715  1.065  0.984  0.686  0.748  1.669  0.579
   7   0.031  0.000  0.001  0.009  0.033  0.000  0.001  0.009  0.617  0.715  1.081  1.006  0.682  0.743  1.670  0.585
   8   0.032  0.000  0.001  0.009  0.033  0.000  0.001  0.009  0.617  0.715  1.097  1.027  0.678  0.739  1.672  0.591
   9   0.032  0.000  0.001  0.009  0.033  0.000  0.001  0.009  0.617  0.715  1.112  1.048  0.674  0.734  1.673  0.596
 
POINT   VAU1   VAU2   VAU3   VAU4  DHUSQ EDHUSQ   DT/T  R_TOT R_STAT    PTS SPRCIR SPRCIS SPRCCR SPRCCS ETAADI
   1   0.567  0.511  0.526  0.511  0.377  0.349  0.110  1.410  1.464  1.199  0.535  0.462  0.474  0.396 0.9248
   2   0.567  0.510  0.525  0.511  0.377  0.349  0.110  1.411  1.464  1.200  0.535  0.463  0.475  0.398 0.9249
   3   0.565  0.509  0.524  0.509  0.378  0.350  0.111  1.412  1.466  1.202  0.537  0.466  0.476  0.401 0.9253
   4   0.563  0.507  0.522  0.506  0.380  0.352  0.111  1.414  1.468  1.206  0.540  0.470  0.479  0.406 0.9257
   5   0.560  0.504  0.518  0.503  0.382  0.354  0.112  1.417  1.471  1.211  0.543  0.476  0.482  0.412 0.9261
   6   0.556  0.500  0.515  0.499  0.385  0.356  0.112  1.419  1.474  1.217  0.547  0.482  0.486  0.418 0.9264
   7   0.552  0.497  0.511  0.495  0.387  0.359  0.113  1.422  1.477  1.222  0.551  0.489  0.489  0.425 0.9265
   8   0.548  0.493  0.507  0.491  0.390  0.361  0.113  1.424  1.479  1.228  0.555  0.495  0.493  0.431 0.9264
   9   0.545  0.490  0.504  0.487  0.392  0.363  0.114  1.427  1.481  1.233  0.558  0.502  0.496  0.438 0.9262
 
 
STAGE  4 SUMMARY
POINT   ALF1   ALF2   ALF3   ALF4   DEFR   DEFS     WR     WS    MNR    MNS    DFR    DFS   INCR   INCS
   1  -54.61 -40.54  51.15  33.05  14.08  18.10  0.041  0.040  0.761  0.636  0.407  0.394  -1.22  -1.98
   2  -54.66 -40.55  51.21  33.06  14.11  18.14  0.041  0.040  0.761  0.636  0.409  0.395  -1.17  -1.92
   3  -54.78 -40.58  51.37  33.10  14.20  18.27  0.041  0.040  0.761  0.635  0.412  0.400  -1.05  -1.76
   4  -54.98 -40.63  51.63  33.16  14.35  18.47  0.041  0.040  0.760  0.634  0.418  0.406  -0.85  -1.50
   5  -55.22 -40.70  51.95  33.24  14.52  18.71  0.041  0.041  0.758  0.633  0.425  0.414  -0.61  -1.18
   6  -55.50 -40.79  52.30  33.33  14.71  18.97  0.042  0.041  0.757  0.631  0.433  0.423  -0.33  -0.83
   7  -55.79 -40.88  52.67  33.44  14.91  19.23  0.042  0.041  0.755  0.630  0.441  0.432  -0.04  -0.46
   8  -56.07 -40.98  53.02  33.55  15.10  19.47  0.043  0.042  0.753  0.628  0.449  0.441   0.24  -0.11
   9  -56.34 -41.07  53.35  33.65  15.27  19.69  0.043  0.043  0.752  0.627  0.456  0.449   0.51   0.22
 
POINT    PS1    PS2    PS3    PS4    PT0    PT1    PT2    PT3    PT4    UM      T0    DEVR   DEVS
   1   2.509  3.041  3.029  3.428  2.968  3.676  3.638  3.970  3.932 344.38  425.35   4.91   5.11
   2   2.512  3.046  3.034  3.434  2.970  3.680  3.642  3.976  3.938 344.38  425.44   4.92   5.12
   3   2.521  3.059  3.047  3.452  2.977  3.691  3.653  3.991  3.953 344.38  425.72   4.95   5.16
   4   2.535  3.080  3.068  3.480  2.987  3.707  3.669  4.015  3.977 344.38  426.16   5.00   5.22
   5   2.552  3.106  3.094  3.513  3.000  3.728  3.690  4.044  4.006 344.38  426.73   5.07   5.30
   6   2.571  3.134  3.122  3.550  3.015  3.751  3.712  4.077  4.038 344.38  427.38   5.16   5.39
   7   2.592  3.163  3.151  3.587  3.030  3.774  3.735  4.110  4.070 344.38  428.07   5.25   5.50
   8   2.611  3.190  3.179  3.623  3.045  3.797  3.757  4.141  4.101 344.38  428.77   5.35   5.61
   9   2.630  3.216  3.205  3.656  3.058  3.818  3.777  4.170  4.129 344.38  429.44   5.44   5.71
 
POINT INCCHR INCMLR INCOPR INCPSR INCCHS INCMLS INCOPS INCPSS ALFCHR ALFCHS    CMR    CMS   BLK1   BLK2   BLK3   BLK4
   1   -4.67  -0.55   3.48   7.65 -12.27  -3.15   1.88   6.31  51.16  40.86   6.76  25.19   1.04   1.03   1.07   1.36
   2   -4.68  -0.55   3.48   7.65 -12.29  -3.15   1.88   6.31  51.15  40.84   6.85  25.37   1.04   1.03   1.08   1.38
   3   -4.69  -0.55   3.48   7.65 -12.32  -3.15   1.88   6.31  51.14  40.81   7.13  25.89   1.06   1.06   1.10   1.42
   4   -4.72  -0.56   3.48   7.65 -12.38  -3.16   1.88   6.31  51.11  40.75   7.56  26.69   1.09   1.09   1.13   1.48
   5   -4.75  -0.56   3.48   7.65 -12.45  -3.16   1.88   6.31  51.08  40.68   8.10  27.69   1.12   1.14   1.17   1.56
   6   -4.78  -0.57   3.48   7.65 -12.53  -3.17   1.88   6.31  51.05  40.60   8.72  28.81   1.16   1.19   1.22   1.66
   7   -4.82  -0.58   3.48   7.65 -12.61  -3.18   1.88   6.31  51.01  40.52   9.36  29.97   1.21   1.25   1.27   1.76
   8   -4.86  -0.59   3.48   7.65 -12.69  -3.18   1.88   6.31  50.97  40.44  10.00  31.11   1.25   1.31   1.33   1.86
   9   -4.89  -0.60   3.48   7.65 -12.77  -3.19   1.88   6.31  50.94  40.36  10.62  32.19   1.30   1.37   1.39   1.96
 
POINT WR-PRF WR-SHK WR-TIP WR-SEC WS-PRF WS-SHK WS-TIP WS-SEC   O/SR   O/SS  CLV2R  CLV2S   DEHR   DEHS    LG2   KOCH
   1   0.031  0.000  0.001  0.010  0.030  0.000  0.002  0.009  0.606  0.671  0.942  1.008  0.717  0.743  1.660  0.532
   2   0.031  0.000  0.001  0.010  0.030  0.000  0.002  0.009  0.606  0.671  0.946  1.013  0.716  0.742  1.660  0.533
   3   0.031  0.000  0.001  0.010  0.030  0.000  0.002  0.009  0.606  0.671  0.956  1.026  0.713  0.739  1.661  0.537
   4   0.031  0.000  0.001  0.010  0.030  0.000  0.002  0.009  0.606  0.671  0.973  1.045  0.709  0.734  1.662  0.543
   5   0.031  0.000  0.001  0.010  0.030  0.000  0.002  0.009  0.606  0.671  0.994  1.070  0.704  0.729  1.664  0.550
   6   0.031  0.000  0.001  0.010  0.030  0.000  0.002  0.009  0.606  0.671  1.017  1.097  0.699  0.723  1.666  0.557
   7   0.031  0.000  0.001  0.010  0.030  0.000  0.002  0.009  0.606  0.671  1.041  1.125  0.693  0.717  1.668  0.564
   8   0.032  0.000  0.001  0.010  0.031  0.000  0.002  0.009  0.606  0.671  1.064  1.151  0.688  0.711  1.670  0.571
   9   0.033  0.000  0.001  0.010  0.031  0.000  0.002  0.009  0.606  0.671  1.086  1.176  0.683  0.705  1.673  0.577
 
POINT   VAU1   VAU2   VAU3   VAU4  DHUSQ EDHUSQ   DT/T  R_TOT R_STAT    PTS SPRCIR SPRCIS SPRCCR SPRCCS ETAADI
   1   0.517  0.471  0.481  0.462  0.330  0.305  0.089  1.325  1.367  1.155  0.517  0.484  0.456  0.424 0.9224
   2   0.516  0.470  0.480  0.461  0.331  0.305  0.089  1.326  1.367  1.156  0.518  0.485  0.457  0.425 0.9226
   3   0.514  0.468  0.478  0.459  0.333  0.307  0.090  1.328  1.370  1.160  0.521  0.488  0.461  0.429 0.9231
   4   0.511  0.466  0.475  0.456  0.336  0.311  0.090  1.331  1.373  1.165  0.526  0.494  0.465  0.435 0.9237
   5   0.508  0.462  0.471  0.452  0.340  0.314  0.091  1.335  1.377  1.171  0.532  0.501  0.471  0.441 0.9244
   6   0.504  0.458  0.467  0.448  0.344  0.318  0.092  1.339  1.380  1.177  0.538  0.508  0.477  0.448 0.9248
   7   0.500  0.454  0.463  0.443  0.348  0.322  0.093  1.343  1.384  1.184  0.544  0.515  0.483  0.455 0.9251
   8   0.496  0.450  0.459  0.439  0.352  0.326  0.094  1.347  1.387  1.190  0.550  0.522  0.488  0.461 0.9250
   9   0.492  0.446  0.455  0.435  0.356  0.329  0.095  1.350  1.390  1.195  0.555  0.528  0.493  0.467 0.9246
 
 
STAGE  5 SUMMARY
POINT   ALF1   ALF2   ALF3   ALF4   DEFR   DEFS     WR     WS    MNR    MNS    DFR    DFS   INCR   INCS
   1  -56.20 -40.54  54.31  39.65  15.66  14.66  0.041  0.036  0.689  0.614  0.434  0.383  -1.42  -6.57
   2  -56.25 -40.56  54.37  39.65  15.70  14.72  0.041  0.036  0.689  0.613  0.436  0.385  -1.37  -6.51
   3  -56.41 -40.61  54.55  39.66  15.80  14.89  0.041  0.036  0.688  0.613  0.440  0.390  -1.21  -6.33
   4  -56.64 -40.68  54.82  39.67  15.95  15.15  0.041  0.036  0.687  0.611  0.447  0.399  -0.98  -6.06
   5  -56.92 -40.78  55.15  39.68  16.14  15.47  0.042  0.036  0.685  0.610  0.455  0.409  -0.70  -5.74
   6  -57.23 -40.90  55.50  39.68  16.33  15.81  0.043  0.037  0.684  0.608  0.464  0.420  -0.39  -5.38
   7  -57.55 -41.02  55.85  39.70  16.52  16.15  0.044  0.037  0.682  0.607  0.473  0.430  -0.07  -5.03
   8  -57.85 -41.15  56.18  39.72  16.70  16.46  0.045  0.037  0.680  0.605  0.482  0.440   0.23  -4.70
   9  -58.13 -41.27  56.48  39.74  16.86  16.74  0.047  0.038  0.678  0.604  0.489  0.449   0.51  -4.40
 
POINT    PS1    PS2    PS3    PS4    PT0    PT1    PT2    PT3    PT4    UM      T0    DEVR   DEVS
   1   3.416  4.004  3.992  4.461  3.932  4.683  4.631  5.136  5.095 345.24  463.23   5.25   6.46
   2   3.422  4.012  4.000  4.471  3.938  4.690  4.638  5.145  5.104 345.24  463.41   5.27   6.47
   3   3.440  4.035  4.023  4.502  3.953  4.711  4.659  5.172  5.131 345.24  463.92   5.32   6.48
   4   3.467  4.071  4.059  4.548  3.977  4.743  4.691  5.213  5.172 345.24  464.72   5.39   6.49
   5   3.501  4.114  4.103  4.604  4.006  4.782  4.729  5.263  5.221 345.24  465.71   5.49   6.50
   6   3.538  4.161  4.150  4.664  4.038  4.825  4.770  5.317  5.274 345.24  466.82   5.61   6.50
   7   3.576  4.208  4.197  4.724  4.070  4.869  4.812  5.371  5.327 345.24  467.98   5.73   6.52
   8   3.612  4.253  4.242  4.780  4.101  4.910  4.851  5.420  5.376 345.24  469.12   5.86   6.54
   9   3.644  4.292  4.282  4.830  4.129  4.947  4.886  5.465  5.420 345.24  470.20   5.98   6.56
 
POINT INCCHR INCMLR INCOPR INCPSR INCCHS INCMLS INCOPS INCPSS ALFCHR ALFCHS    CMR    CMS   BLK1   BLK2   BLK3   BLK4
   1   -9.49  -3.55   2.24   6.22 -19.41  -6.95  -0.38   3.32  48.13  41.47  16.76  30.95   1.36   1.65   1.64   1.76
   2   -9.50  -3.55   2.24   6.22 -19.42  -6.95  -0.38   3.32  48.12  41.46  16.89  31.15   1.37   1.66   1.66   1.78
   3   -9.52  -3.55   2.24   6.22 -19.46  -6.95  -0.38   3.32  48.10  41.42  17.28  31.71   1.41   1.72   1.71   1.87
   4   -9.57  -3.56   2.24   6.22 -19.53  -6.95  -0.38   3.32  48.05  41.36  17.86  32.56   1.47   1.80   1.78   2.00
   5   -9.62  -3.57   2.24   6.22 -19.60  -6.95  -0.38   3.32  48.00  41.28  18.59  33.59   1.54   1.90   1.88   2.18
   6   -9.68  -3.57   2.24   6.22 -19.68  -6.95  -0.38   3.32  47.94  41.20  19.39  34.70   1.63   2.02   2.00   2.39
   7   -9.75  -3.58   2.24   6.22 -19.77  -6.95  -0.38   3.32  47.87  41.12  20.21  35.83   1.73   2.15   2.12   2.62
   8   -9.81  -3.59   2.24   6.22 -19.85  -6.95  -0.38   3.32  47.81  41.03  21.00  36.91   1.83   2.28   2.25   2.85
   9   -9.87  -3.60   2.24   6.22 -19.92  -6.95  -0.38   3.32  47.75  40.96  21.75  37.90   1.92   2.41   2.37   3.07
 
POINT WR-PRF WR-SHK WR-TIP WR-SEC WS-PRF WS-SHK WS-TIP WS-SEC   O/SR   O/SS  CLV2R  CLV2S   DEHR   DEHS    LG2   KOCH
   1   0.029  0.000  0.001  0.011  0.025  0.000  0.002  0.009  0.619  0.653  1.135  1.111  0.712  0.766  1.448  0.543
   2   0.030  0.000  0.001  0.011  0.025  0.000  0.002  0.009  0.619  0.653  1.140  1.118  0.711  0.765  1.448  0.545
   3   0.030  0.000  0.001  0.011  0.025  0.000  0.002  0.009  0.619  0.653  1.154  1.139  0.708  0.761  1.449  0.549
   4   0.030  0.000  0.001  0.011  0.025  0.000  0.002  0.009  0.619  0.653  1.175  1.169  0.703  0.756  1.450  0.556
   5   0.030  0.000  0.001  0.011  0.025  0.000  0.002  0.009  0.619  0.653  1.200  1.208  0.698  0.749  1.452  0.564
   6   0.031  0.000  0.001  0.011  0.026  0.000  0.002  0.009  0.619  0.653  1.228  1.249  0.692  0.743  1.453  0.572
   7   0.032  0.000  0.001  0.011  0.026  0.000  0.002  0.009  0.619  0.653  1.255  1.291  0.686  0.736  1.455  0.580
   8   0.033  0.000  0.001  0.011  0.026  0.000  0.002  0.009  0.619  0.653  1.281  1.329  0.680  0.730  1.457  0.587
   9   0.034  0.000  0.002  0.011  0.026  0.000  0.003  0.009  0.619  0.653  1.305  1.364  0.675  0.724  1.458  0.593
 
POINT   VAU1   VAU2   VAU3   VAU4  DHUSQ EDHUSQ   DT/T  R_TOT R_STAT    PTS SPRCIR SPRCIS SPRCCR SPRCCS ETAADI
   1   0.469  0.440  0.448  0.433  0.324  0.301  0.081  1.296  1.306  1.134  0.528  0.464  0.464  0.410 0.9290
   2   0.468  0.440  0.447  0.432  0.325  0.302  0.081  1.296  1.307  1.135  0.529  0.465  0.465  0.412 0.9291
   3   0.466  0.437  0.445  0.430  0.327  0.304  0.081  1.298  1.309  1.139  0.532  0.470  0.468  0.416 0.9293
   4   0.463  0.434  0.442  0.427  0.330  0.306  0.082  1.300  1.312  1.144  0.537  0.477  0.473  0.423 0.9295
   5   0.459  0.431  0.438  0.423  0.333  0.310  0.082  1.303  1.315  1.149  0.543  0.486  0.479  0.432 0.9295
   6   0.455  0.426  0.434  0.418  0.337  0.313  0.083  1.306  1.318  1.155  0.549  0.495  0.484  0.441 0.9292
   7   0.450  0.422  0.429  0.414  0.341  0.316  0.084  1.309  1.321  1.161  0.555  0.504  0.489  0.449 0.9286
   8   0.446  0.418  0.425  0.410  0.344  0.319  0.084  1.311  1.323  1.166  0.561  0.512  0.494  0.456 0.9278
   9   0.442  0.415  0.421  0.407  0.347  0.322  0.085  1.313  1.325  1.170  0.566  0.519  0.498  0.463 0.9267
 
 
STAGE  6 SUMMARY
POINT   ALF1   ALF2   ALF3   ALF4   DEFR   DEFS     WR     WS    MNR    MNS    DFR    DFS   INCR   INCS
   1  -54.57 -42.47  52.41  38.27  12.10  14.14  0.040  0.044  0.618  0.578  0.313  0.305  -6.31  -6.93
   2  -54.64 -42.47  52.52  38.28  12.17  14.24  0.040  0.044  0.618  0.578  0.316  0.308  -6.23  -6.83
   3  -54.86 -42.49  52.83  38.30  12.36  14.53  0.040  0.044  0.617  0.577  0.323  0.318  -6.02  -6.52
   4  -55.18 -42.52  53.29  38.33  12.66  14.95  0.039  0.043  0.616  0.576  0.335  0.332  -5.69  -6.06
   5  -55.57 -42.56  53.83  38.35  13.02  15.48  0.039  0.043  0.615  0.575  0.350  0.349  -5.30  -5.51
   6  -55.99 -42.58  54.41  38.39  13.41  16.02  0.039  0.042  0.614  0.574  0.365  0.367  -4.88  -4.93
   7  -56.40 -42.62  54.97  38.44  13.78  16.53  0.039  0.042  0.613  0.573  0.380  0.384  -4.47  -4.37
   8  -56.78 -42.67  55.48  38.50  14.11  16.99  0.039  0.042  0.612  0.572  0.393  0.399  -4.10  -3.86
   9  -57.12 -42.72  55.94  38.55  14.40  17.38  0.039  0.042  0.611  0.571  0.405  0.413  -3.76  -3.41
 
POINT    PS1    PS2    PS3    PS4    PT0    PT1    PT2    PT3    PT4    UM      T0    DEVR   DEVS
   1   4.423  4.869  4.852  5.288  5.095  5.708  5.650  6.071  6.018 344.07  500.55   5.30   4.75
   2   4.434  4.884  4.867  5.308  5.104  5.721  5.663  6.089  6.035 344.07  500.81   5.31   4.76
   3   4.465  4.927  4.910  5.366  5.131  5.758  5.700  6.140  6.086 344.07  501.56   5.33   4.78
   4   4.512  4.992  4.975  5.452  5.172  5.814  5.756  6.217  6.163 344.07  502.70   5.36   4.81
   5   4.568  5.070  5.054  5.558  5.221  5.882  5.824  6.310  6.256 344.07  504.09   5.39   4.83
   6   4.629  5.155  5.139  5.672  5.274  5.956  5.897  6.412  6.358 344.07  505.62   5.42   4.87
   7   4.690  5.239  5.223  5.784  5.327  6.029  5.970  6.511  6.457 344.07  507.20   5.46   4.92
   8   4.746  5.316  5.301  5.886  5.376  6.097  6.037  6.603  6.548 344.07  508.72   5.51   4.98
   9   4.797  5.385  5.370  5.977  5.420  6.157  6.097  6.684  6.630 344.07  510.14   5.56   5.03
 
POINT INCCHR INCMLR INCOPR INCPSR INCCHS INCMLS INCOPS INCPSS ALFCHR ALFCHS    CMR    CMS   BLK1   BLK2   BLK3   BLK4
   1  -16.18  -5.78   1.23   4.93 -19.09  -5.67   1.09   5.02  44.70  40.26  22.07  30.18   1.72   1.08   1.11   0.76
   2  -16.19  -5.78   1.23   4.93 -19.10  -5.67   1.09   5.02  44.69  40.24  22.28  30.51   1.74   1.10   1.13   0.78
   3  -16.22  -5.78   1.23   4.93 -19.15  -5.67   1.09   5.02  44.65  40.20  22.86  31.42   1.81   1.16   1.18   0.83
   4  -16.27  -5.78   1.23   4.93 -19.22  -5.67   1.09   5.02  44.60  40.13  23.73  32.79   1.93   1.25   1.26   0.90
   5  -16.33  -5.78   1.23   4.93 -19.30  -5.67   1.09   5.02  44.54  40.05  24.77  34.41   2.08   1.37   1.38   1.01
   6  -16.39  -5.78   1.23   4.93 -19.37  -5.67   1.09   5.02  44.48  39.98  25.88  36.12   2.26   1.51   1.52   1.14
   7  -16.46  -5.78   1.23   4.93 -19.45  -5.67   1.09   5.02  44.42  39.90  26.98  37.79   2.46   1.67   1.67   1.28
   8  -16.52  -5.78   1.23   4.93 -19.53  -5.67   1.09   5.02  44.35  39.82  28.01  39.34   2.66   1.84   1.82   1.42
   9  -16.58  -5.78   1.23   4.93 -19.60  -5.67   1.09   5.02  44.29  39.75  28.95  40.73   2.86   1.99   1.97   1.57
 
POINT WR-PRF WR-SHK WR-TIP WR-SEC WS-PRF WS-SHK WS-TIP WS-SEC   O/SR   O/SS  CLV2R  CLV2S   DEHR   DEHS    LG2   KOCH
   1   0.027  0.000  0.001  0.012  0.032  0.000  0.001  0.011  0.622  0.640  0.812  0.742  0.802  0.798  1.557  0.437
   2   0.027  0.000  0.001  0.012  0.032  0.000  0.001  0.011  0.622  0.640  0.820  0.751  0.800  0.796  1.557  0.441
   3   0.027  0.000  0.001  0.012  0.032  0.000  0.001  0.010  0.622  0.640  0.843  0.777  0.795  0.790  1.557  0.451
   4   0.027  0.000  0.001  0.012  0.032  0.000  0.001  0.010  0.622  0.640  0.878  0.816  0.787  0.780  1.558  0.467
   5   0.027  0.000  0.001  0.012  0.032  0.000  0.001  0.010  0.622  0.640  0.921  0.866  0.777  0.768  1.559  0.485
   6   0.027  0.000  0.001  0.011  0.031  0.000  0.001  0.010  0.622  0.640  0.970  0.920  0.767  0.756  1.560  0.504
   7   0.027  0.000  0.001  0.011  0.031  0.000  0.001  0.010  0.622  0.640  1.018  0.973  0.757  0.744  1.561  0.522
   8   0.027  0.000  0.001  0.011  0.031  0.000  0.001  0.010  0.622  0.640  1.063  1.023  0.748  0.733  1.562  0.538
   9   0.027  0.000  0.001  0.011  0.031  0.000  0.001  0.009  0.622  0.640  1.104  1.068  0.740  0.723  1.563  0.552
 
POINT   VAU1   VAU2   VAU3   VAU4  DHUSQ EDHUSQ   DT/T  R_TOT R_STAT    PTS SPRCIR SPRCIS SPRCCR SPRCCS ETAADI
   1   0.456  0.446  0.455  0.448  0.230  0.207  0.052  1.181  1.195  1.038  0.409  0.416  0.347  0.357 0.9009
   2   0.455  0.445  0.454  0.447  0.231  0.209  0.053  1.182  1.197  1.040  0.411  0.419  0.350  0.361 0.9017
   3   0.453  0.442  0.451  0.443  0.236  0.213  0.054  1.186  1.202  1.046  0.419  0.428  0.358  0.370 0.9039
   4   0.449  0.438  0.447  0.438  0.242  0.219  0.055  1.192  1.209  1.054  0.430  0.442  0.369  0.384 0.9069
   5   0.445  0.433  0.441  0.431  0.249  0.227  0.056  1.198  1.217  1.065  0.444  0.459  0.382  0.401 0.9103
   6   0.440  0.427  0.435  0.424  0.258  0.235  0.058  1.205  1.225  1.075  0.458  0.477  0.397  0.419 0.9136
   7   0.436  0.421  0.429  0.417  0.266  0.243  0.060  1.212  1.233  1.086  0.472  0.493  0.410  0.435 0.9165
   8   0.432  0.416  0.424  0.411  0.273  0.250  0.061  1.218  1.240  1.095  0.484  0.507  0.422  0.449 0.9188
   9   0.428  0.412  0.419  0.406  0.279  0.257  0.062  1.223  1.246  1.103  0.494  0.519  0.433  0.462 0.9206
 
 
STAGE  7 SUMMARY
POINT   ALF1   ALF2   ALF3   ALF4   DEFR   DEFS     WR     WS    MNR    MNS    DFR    DFS   INCR   INCS
   1  -54.48 -40.94  52.26  38.53  13.53  13.74  0.042  0.039  0.604  0.574  0.296  0.293  -5.38  -7.78
   2  -54.60 -40.95  52.42  38.53  13.65  13.89  0.042  0.039  0.604  0.573  0.300  0.298  -5.26  -7.62
   3  -54.94 -40.96  52.88  38.56  13.98  14.32  0.041  0.039  0.603  0.572  0.311  0.312  -4.92  -7.16
   4  -55.45 -40.97  53.54  38.59  14.49  14.96  0.041  0.039  0.601  0.571  0.327  0.333  -4.41  -6.50
   5  -56.06 -40.98  54.31  38.61  15.09  15.70  0.041  0.039  0.600  0.570  0.347  0.357  -3.80  -5.73
   6  -56.69 -41.00  55.09  38.63  15.70  16.46  0.040  0.038  0.599  0.568  0.367  0.381  -3.17  -4.95
   7  -57.30 -41.03  55.81  38.67  16.27  17.14  0.040  0.039  0.597  0.567  0.385  0.403  -2.56  -4.23
   8  -57.84 -41.06  56.44  38.71  16.78  17.73  0.040  0.039  0.596  0.566  0.402  0.422  -2.02  -3.60
   9  -58.32 -41.08  56.99  38.76  17.23  18.23  0.040  0.039  0.594  0.565  0.416  0.438  -1.54  -3.05
 
POINT    PS1    PS2    PS3    PS4    PT0    PT1    PT2    PT3    PT4    UM      T0    DEVR   DEVS
   1   5.267  5.782  5.757  6.237  6.018  6.720  6.645  7.175  7.119 341.94  526.79   3.41   5.08
   2   5.287  5.809  5.784  6.273  6.035  6.744  6.669  7.208  7.152 341.94  527.21   3.41   5.09
   3   5.345  5.888  5.863  6.377  6.086  6.813  6.738  7.301  7.245 341.94  528.43   3.42   5.11
   4   5.432  6.006  5.982  6.532  6.163  6.917  6.842  7.442  7.385 341.94  530.28   3.43   5.14
   5   5.538  6.149  6.125  6.719  6.256  7.045  6.969  7.612  7.555 341.94  532.53   3.44   5.16
   6   5.653  6.301  6.278  6.916  6.358  7.181  7.105  7.793  7.734 341.94  535.00   3.46   5.18
   7   5.765  6.448  6.426  7.105  6.457  7.314  7.238  7.968  7.908 341.94  537.45   3.49   5.22
   8   5.868  6.583  6.561  7.276  6.548  7.436  7.359  8.128  8.067 341.94  539.76   3.52   5.27
   9   5.959  6.702  6.680  7.426  6.630  7.545  7.466  8.269  8.207 341.94  541.87   3.54   5.31
 
POINT INCCHR INCMLR INCOPR INCPSR INCCHS INCMLS INCOPS INCPSS ALFCHR ALFCHS    CMR    CMS   BLK1   BLK2   BLK3   BLK4
   1  -16.04  -4.98   2.20   6.03 -21.07  -6.31   0.37   4.18  43.82  38.97  24.33  34.11   0.81   0.96   1.00   1.04
   2  -16.06  -4.98   2.20   6.03 -21.09  -6.31   0.37   4.18  43.80  38.95  24.65  34.61   0.83   0.99   1.02   1.08
   3  -16.11  -4.98   2.20   6.03 -21.16  -6.31   0.37   4.18  43.75  38.88  25.57  35.99   0.87   1.07   1.10   1.20
   4  -16.17  -4.98   2.20   6.03 -21.24  -6.31   0.37   4.18  43.69  38.80  26.93  37.99   0.94   1.21   1.22   1.42
   5  -16.24  -4.98   2.20   6.03 -21.33  -6.31   0.37   4.18  43.62  38.71  28.53  40.29   1.04   1.41   1.41   1.72
   6  -16.32  -4.98   2.20   6.03 -21.42  -6.31   0.37   4.18  43.54  38.62  30.20  42.63   1.16   1.65   1.63   2.09
   7  -16.39  -4.98   2.20   6.03 -21.50  -6.31   0.37   4.18  43.47  38.54  31.80  44.79   1.29   1.92   1.88   2.50
   8  -16.45  -4.98   2.20   6.03 -21.57  -6.31   0.37   4.18  43.41  38.48  33.25  46.70   1.42   2.20   2.14   2.92
   9  -16.51  -4.98   2.20   6.03 -21.62  -6.31   0.37   4.18  43.35  38.42  34.52  48.34   1.56   2.48   2.40   3.33
 
POINT WR-PRF WR-SHK WR-TIP WR-SEC WS-PRF WS-SHK WS-TIP WS-SEC   O/SR   O/SS  CLV2R  CLV2S   DEHR   DEHS    LG2   KOCH
   1   0.029  0.000  0.001  0.012  0.027  0.000  0.002  0.011  0.624  0.651  0.752  0.794  0.804  0.818  1.563  0.412
   2   0.029  0.000  0.001  0.012  0.027  0.000  0.002  0.011  0.624  0.651  0.763  0.809  0.801  0.814  1.564  0.417
   3   0.028  0.000  0.001  0.012  0.027  0.000  0.002  0.011  0.624  0.651  0.794  0.850  0.793  0.805  1.564  0.432
   4   0.028  0.000  0.001  0.012  0.027  0.000  0.002  0.010  0.624  0.651  0.842  0.913  0.782  0.791  1.564  0.453
   5   0.028  0.000  0.001  0.012  0.027  0.000  0.002  0.010  0.624  0.651  0.902  0.989  0.769  0.775  1.564  0.477
   6   0.028  0.000  0.001  0.011  0.027  0.000  0.002  0.010  0.624  0.651  0.964  1.069  0.755  0.759  1.565  0.501
   7   0.028  0.000  0.001  0.011  0.027  0.000  0.002  0.010  0.624  0.651  1.024  1.145  0.742  0.745  1.566  0.522
   8   0.028  0.000  0.001  0.011  0.027  0.000  0.002  0.010  0.624  0.651  1.080  1.213  0.731  0.733  1.566  0.539
   9   0.028  0.000  0.001  0.011  0.027  0.000  0.003  0.010  0.624  0.651  1.131  1.274  0.721  0.722  1.567  0.554
 
POINT   VAU1   VAU2   VAU3   VAU4  DHUSQ EDHUSQ   DT/T  R_TOT R_STAT    PTS SPRCIR SPRCIS SPRCCR SPRCCS ETAADI
   1   0.462  0.457  0.468  0.466  0.245  0.222  0.052  1.183  1.184  1.036  0.421  0.392  0.354  0.338 0.9061
   2   0.460  0.455  0.466  0.464  0.248  0.225  0.053  1.185  1.187  1.039  0.425  0.397  0.359  0.343 0.9073
   3   0.456  0.450  0.461  0.459  0.254  0.231  0.054  1.190  1.193  1.048  0.436  0.411  0.370  0.357 0.9104
   4   0.451  0.444  0.455  0.451  0.264  0.241  0.056  1.198  1.203  1.060  0.452  0.431  0.386  0.377 0.9144
   5   0.444  0.436  0.447  0.442  0.275  0.253  0.058  1.208  1.213  1.074  0.471  0.453  0.405  0.400 0.9184
   6   0.436  0.428  0.438  0.434  0.287  0.264  0.060  1.217  1.223  1.088  0.490  0.475  0.424  0.421 0.9219
   7   0.430  0.421  0.431  0.426  0.297  0.275  0.062  1.225  1.232  1.100  0.507  0.495  0.441  0.440 0.9246
   8   0.423  0.415  0.424  0.419  0.307  0.284  0.064  1.232  1.240  1.111  0.522  0.511  0.456  0.457 0.9266
   9   0.418  0.409  0.418  0.413  0.315  0.292  0.065  1.238  1.246  1.120  0.534  0.525  0.468  0.470 0.9281
 
 
STAGE  8 SUMMARY
POINT   ALF1   ALF2   ALF3   ALF4   DEFR   DEFS     WR     WS    MNR    MNS    DFR    DFS   INCR   INCS
   1  -52.48 -39.38  50.95  38.11  13.10  12.84  0.038  0.044  0.582  0.568  0.301  0.264  -8.33  -9.51
   2  -52.66 -39.39  51.17  38.13  13.27  13.04  0.037  0.044  0.582  0.567  0.307  0.271  -8.15  -9.29
   3  -53.17 -39.41  51.77  38.18  13.76  13.59  0.037  0.044  0.580  0.566  0.324  0.291  -7.64  -8.68
   4  -53.90 -39.44  52.62  38.27  14.46  14.35  0.037  0.043  0.578  0.563  0.347  0.318  -6.91  -7.83
   5  -54.74 -39.46  53.55  38.37  15.28  15.18  0.038  0.043  0.576  0.561  0.374  0.349  -6.07  -6.90
   6  -55.57 -39.44  54.43  38.48  16.14  15.95  0.038  0.042  0.574  0.559  0.398  0.379  -5.24  -6.03
   7  -56.31 -39.43  55.16  38.61  16.89  16.54  0.038  0.042  0.572  0.557  0.419  0.405  -4.50  -5.30
   8  -56.95 -39.41  55.73  38.77  17.54  16.96  0.039  0.042  0.571  0.555  0.437  0.426  -3.86  -4.72
   9  -57.49 -39.39  56.17  38.93  18.10  17.24  0.039  0.043  0.569  0.554  0.450  0.443  -3.32  -4.28
 
POINT    PS1    PS2    PS3    PS4    PT0    PT1    PT2    PT3    PT4    UM      T0    DEVR   DEVS
   1   6.210  6.717  6.689  7.191  7.119  7.789  7.713  8.300  8.228 338.96  554.37   6.16   5.29
   2   6.246  6.765  6.736  7.252  7.152  7.832  7.756  8.355  8.283 338.96  555.05   6.17   5.31
   3   6.351  6.899  6.871  7.426  7.245  7.954  7.877  8.511  8.439 338.96  556.99   6.20   5.37
   4   6.507  7.099  7.072  7.684  7.385  8.137  8.059  8.744  8.672 338.96  559.90   6.22   5.45
   5   6.695  7.337  7.311  7.989  7.555  8.359  8.279  9.023  8.950 338.96  563.42   6.24   5.56
   6   6.893  7.585  7.560  8.306  7.734  8.592  8.510  9.316  9.242 338.96  567.16   6.22   5.66
   7   7.082  7.818  7.794  8.600  7.908  8.815  8.731  9.590  9.514 338.96  570.78   6.21   5.80
   8   7.254  8.025  8.002  8.859  8.067  9.017  8.930  9.834  9.756 338.96  574.12   6.19   5.95
   9   7.405  8.205  8.183  9.083  8.207  9.193  9.104 10.045  9.966 338.96  577.12   6.17   6.12
 
POINT INCCHR INCMLR INCOPR INCPSR INCCHS INCMLS INCOPS INCPSS ALFCHR ALFCHS    CMR    CMS   BLK1   BLK2   BLK3   BLK4
   1  -21.31  -6.91  -0.33   3.37 -21.55  -6.36   0.22   4.06  39.50  38.90  32.85  30.96   1.06   1.30   1.31   0.82
   2  -21.34  -6.91  -0.33   3.37 -21.61  -6.36   0.22   4.06  39.47  38.85  33.42  31.72   1.10   1.37   1.37   0.86
   3  -21.43  -6.91  -0.33   3.37 -21.76  -6.36   0.22   4.06  39.38  38.70  35.02  33.79   1.20   1.56   1.55   0.97
   4  -21.54  -6.91  -0.33   3.37 -21.97  -6.36   0.22   4.06  39.27  38.48  37.28  36.74   1.40   1.92   1.88   1.16
   5  -21.65  -6.91  -0.33   3.37 -22.21  -6.36   0.22   4.06  39.16  38.24  39.79  40.03   1.68   2.46   2.38   1.43
   6  -21.73  -6.91  -0.33   3.37 -22.45  -6.36   0.22   4.06  39.08  38.01  42.20  43.20   2.02   3.18   3.04   1.77
   7  -21.79  -6.91  -0.33   3.37 -22.69  -6.36   0.22   4.06  39.02  37.76  44.33  46.06   2.40   4.01   3.79   2.13
   8  -21.83  -6.91  -0.33   3.37 -22.93  -6.36   0.22   4.06  38.98  37.52  46.10  48.52   2.79   4.89   4.61   2.47
   9  -21.84  -6.91  -0.33   3.37 -23.16  -6.36   0.22   4.06  38.97  37.30  47.51  50.60   3.17   5.80   5.45   2.77
 
POINT WR-PRF WR-SHK WR-TIP WR-SEC WS-PRF WS-SHK WS-TIP WS-SEC   O/SR   O/SS  CLV2R  CLV2S   DEHR   DEHS    LG2   KOCH
   1   0.024  0.000  0.001  0.012  0.030  0.000  0.001  0.013  0.653  0.645  0.855  0.660  0.821  0.830  1.429  0.377
   2   0.025  0.000  0.001  0.012  0.030  0.000  0.001  0.013  0.653  0.645  0.873  0.677  0.817  0.825  1.429  0.385
   3   0.025  0.000  0.001  0.011  0.030  0.000  0.001  0.013  0.653  0.645  0.924  0.726  0.806  0.812  1.430  0.406
   4   0.025  0.000  0.001  0.011  0.030  0.000  0.001  0.012  0.653  0.645  0.999  0.800  0.792  0.793  1.431  0.434
   5   0.025  0.000  0.001  0.011  0.030  0.000  0.001  0.012  0.653  0.645  1.088  0.886  0.775  0.772  1.432  0.465
   6   0.026  0.000  0.002  0.011  0.030  0.000  0.001  0.011  0.653  0.645  1.180  0.977  0.760  0.751  1.433  0.495
   7   0.026  0.000  0.002  0.010  0.030  0.000  0.002  0.011  0.653  0.645  1.261  1.057  0.747  0.733  1.435  0.519
   8   0.026  0.000  0.002  0.010  0.030  0.000  0.002  0.011  0.653  0.645  1.329  1.126  0.737  0.717  1.436  0.538
   9   0.026  0.000  0.002  0.011  0.030  0.000  0.002  0.011  0.653  0.645  1.384  1.183  0.729  0.705  1.438  0.553
 
POINT   VAU1   VAU2   VAU3   VAU4  DHUSQ EDHUSQ   DT/T  R_TOT R_STAT    PTS SPRCIR SPRCIS SPRCCR SPRCCS ETAADI
   1   0.482  0.481  0.492  0.488  0.228  0.204  0.045  1.156  1.158  1.010  0.383  0.369  0.321  0.312 0.8967
   2   0.480  0.478  0.489  0.485  0.231  0.207  0.046  1.158  1.161  1.014  0.389  0.376  0.327  0.319 0.8984
   3   0.474  0.472  0.483  0.477  0.240  0.216  0.047  1.165  1.169  1.025  0.404  0.396  0.342  0.339 0.9028
   4   0.466  0.463  0.473  0.465  0.253  0.229  0.050  1.174  1.181  1.041  0.425  0.423  0.363  0.366 0.9083
   5   0.457  0.454  0.463  0.452  0.267  0.244  0.052  1.185  1.193  1.058  0.449  0.453  0.386  0.396 0.9135
   6   0.448  0.445  0.454  0.440  0.281  0.258  0.054  1.195  1.205  1.074  0.471  0.482  0.407  0.425 0.9178
   7   0.439  0.438  0.446  0.429  0.293  0.270  0.056  1.203  1.214  1.087  0.488  0.506  0.424  0.449 0.9208
   8   0.432  0.432  0.440  0.420  0.303  0.280  0.058  1.209  1.221  1.098  0.502  0.525  0.438  0.468 0.9227
   9   0.426  0.428  0.435  0.412  0.311  0.287  0.059  1.214  1.227  1.107  0.512  0.540  0.447  0.483 0.9238
 
 
STAGE  9 SUMMARY
POINT   ALF1   ALF2   ALF3   ALF4   DEFR   DEFS     WR     WS    MNR    MNS    DFR    DFS   INCR   INCS
   1  -50.40 -37.13  49.83  37.67  13.27  12.16  0.039  0.045  0.568  0.569  0.278  0.256  -8.40 -10.67
   2  -50.68 -37.14  50.14  37.70  13.54  12.43  0.039  0.045  0.567  0.568  0.286  0.266  -8.13 -10.37
   3  -51.43 -37.16  50.95  37.79  14.28  13.16  0.038  0.045  0.565  0.566  0.308  0.292  -7.37  -9.56
   4  -52.50 -37.15  52.03  37.91  15.35  14.12  0.038  0.044  0.562  0.562  0.338  0.327  -6.31  -8.47
   5  -53.66 -37.08  53.12  38.06  16.58  15.06  0.038  0.044  0.558  0.559  0.369  0.365  -5.14  -7.38
   6  -54.79 -36.88  53.94  38.27  17.91  15.67  0.039  0.044  0.555  0.557  0.392  0.398  -4.01  -6.57
   7  -55.76 -36.56  54.28  38.63  19.19  15.66  0.040  0.044  0.551  0.556  0.402  0.423  -3.05  -6.22
   8  -56.55 -35.88  53.75  39.27  20.67  14.48  0.041  0.044  0.549  0.557  0.389  0.438  -2.25  -6.75
   9  -57.21 -35.49  53.58  39.68  21.72  13.90  0.041  0.045  0.546  0.558  0.386  0.450  -1.59  -6.92
 
POINT    PS1    PS2    PS3    PS4    PT0    PT1    PT2    PT3    PT4    UM      T0    DEVR   DEVS
   1   7.150  7.670  7.633  8.159  8.228  8.873  8.789  9.478  9.394 335.25  579.40   5.62   6.42
   2   7.212  7.748  7.711  8.259  8.283  8.944  8.860  9.568  9.483 335.25  580.43   5.63   6.45
   3   7.388  7.966  7.931  8.537  8.439  9.144  9.059  9.820  9.735 335.25  583.34   5.64   6.54
   4   7.647  8.285  8.251  8.939  8.672  9.441  9.354 10.190 10.104 335.25  587.63   5.64   6.66
   5   7.953  8.655  8.624  9.404  8.950  9.793  9.704 10.625 10.536 335.25  592.71   5.57   6.81
   6   8.272  9.025  8.996  9.868  9.242 10.159 10.067 11.066 10.975 335.25  597.98   5.37   7.02
   7   8.567  9.347  9.322 10.272  9.514 10.497 10.401 11.457 11.362 335.25  602.88   5.05   7.38
   8   8.827  9.583  9.566 10.580  9.756 10.794 10.694 11.769 11.671 335.25  607.27   4.37   8.02
   9   9.052  9.803  9.790 10.854  9.966 11.048 10.946 12.047 11.946 335.25  611.11   3.98   8.43
 
POINT INCCHR INCMLR INCOPR INCPSR INCCHS INCMLS INCOPS INCPSS ALFCHR ALFCHS    CMR    CMS   BLK1   BLK2   BLK3   BLK4
   1  -23.58  -6.62  -0.01   3.83 -22.03  -7.00  -0.58   3.21  35.22  38.48  43.10  29.51   1.09   1.58   1.57   1.15
   2  -23.65  -6.62  -0.01   3.83 -22.11  -7.00  -0.58   3.21  35.15  38.39  44.15  30.60   1.12   1.69   1.67   1.22
   3  -23.82  -6.62  -0.01   3.83 -22.35  -7.00  -0.58   3.21  34.99  38.15  47.01  33.54   1.22   2.04   1.99   1.47
   4  -24.02  -6.62  -0.01   3.83 -22.67  -7.00  -0.58   3.21  34.79  37.84  50.92  37.51   1.39   2.69   2.59   1.90
   5  -24.18  -6.62  -0.01   3.83 -23.00  -7.00  -0.58   3.21  34.63  37.50  54.98  41.66   1.64   3.73   3.53   2.53
   6  -24.16  -6.62  -0.01   3.83 -23.35  -7.00  -0.58   3.21  34.65  37.15  58.14  45.19   1.95   5.46   5.08   3.25
   7  -23.93  -6.62  -0.01   3.83 -23.78  -7.00  -0.58   3.21  34.87  36.72  59.90  47.81   2.28   7.93   7.28   3.86
   8  -23.24  -6.62  -0.01   3.83 -24.34  -7.00  -0.58   3.21  35.56  36.17  59.04  48.62   2.60  12.17  11.02   4.47
   9  -22.90  -6.62  -0.01   3.83 -24.72  -7.00  -0.58   3.21  35.90  35.78  59.36  49.74   2.90  14.83  13.49   5.21
 
POINT WR-PRF WR-SHK WR-TIP WR-SEC WS-PRF WS-SHK WS-TIP WS-SEC   O/SR   O/SS  CLV2R  CLV2S   DEHR   DEHS    LG2   KOCH
   1   0.022  0.000  0.003  0.014  0.028  0.000  0.004  0.014  0.680  0.650  0.807  0.659  0.836  0.842  1.347  0.333
   2   0.022  0.000  0.003  0.014  0.028  0.000  0.003  0.014  0.680  0.650  0.830  0.683  0.831  0.836  1.347  0.343
   3   0.023  0.000  0.003  0.013  0.028  0.000  0.003  0.013  0.680  0.650  0.897  0.751  0.817  0.818  1.348  0.369
   4   0.023  0.000  0.003  0.013  0.029  0.000  0.003  0.013  0.680  0.650  0.993  0.848  0.799  0.795  1.349  0.404
   5   0.023  0.000  0.003  0.012  0.029  0.000  0.003  0.012  0.680  0.650  1.101  0.957  0.781  0.770  1.350  0.439
   6   0.024  0.000  0.003  0.012  0.029  0.000  0.003  0.012  0.680  0.650  1.196  1.058  0.768  0.746  1.351  0.467
   7   0.025  0.000  0.003  0.012  0.029  0.000  0.004  0.011  0.680  0.650  1.254  1.128  0.765  0.727  1.352  0.484
   8   0.025  0.000  0.003  0.012  0.029  0.000  0.004  0.011  0.680  0.650  1.243  1.141  0.780  0.713  1.355  0.484
   9   0.026  0.000  0.003  0.012  0.029  0.000  0.005  0.011  0.680  0.650  1.252  1.161  0.786  0.703  1.357  0.487
 
POINT   VAU1   VAU2   VAU3   VAU4  DHUSQ EDHUSQ   DT/T  R_TOT R_STAT    PTS SPRCIR SPRCIS SPRCCR SPRCCS ETAADI
   1   0.508  0.508  0.520  0.518  0.225  0.199  0.041  1.142  1.141  0.992  0.363  0.342  0.302  0.285 0.8877
   2   0.505  0.504  0.517  0.513  0.229  0.204  0.042  1.145  1.145  0.997  0.370  0.352  0.309  0.295 0.8904
   3   0.496  0.495  0.507  0.502  0.242  0.217  0.044  1.154  1.156  1.012  0.391  0.378  0.329  0.321 0.8971
   4   0.484  0.484  0.495  0.486  0.259  0.234  0.047  1.165  1.169  1.031  0.417  0.413  0.356  0.355 0.9047
   5   0.470  0.472  0.483  0.471  0.277  0.252  0.050  1.177  1.182  1.051  0.443  0.448  0.382  0.390 0.9112
   6   0.457  0.465  0.475  0.457  0.293  0.268  0.052  1.188  1.193  1.068  0.462  0.480  0.399  0.421 0.9153
   7   0.446  0.464  0.472  0.445  0.305  0.280  0.054  1.194  1.199  1.080  0.468  0.504  0.404  0.445 0.9172
   8   0.436  0.477  0.481  0.437  0.310  0.284  0.054  1.196  1.199  1.084  0.448  0.519  0.384  0.460 0.9172
   9   0.428  0.482  0.485  0.431  0.316  0.289  0.055  1.199  1.199  1.089  0.440  0.531  0.376  0.471 0.9175
 
 
STAGE 10 SUMMARY
POINT   ALF1   ALF2   ALF3   ALF4   DEFR   DEFS     WR     WS    MNR    MNS    DFR    DFS   INCR   INCS
   1  -48.25 -35.19  48.25  36.22  13.06  12.03  0.044  0.044  0.557  0.571  0.226  0.236  -9.38 -10.63
   2  -48.64 -35.22  48.70  36.25  13.42  12.46  0.043  0.044  0.556  0.570  0.237  0.250  -9.00 -10.17
   3  -49.66 -35.28  49.91  36.32  14.39  13.60  0.042  0.043  0.552  0.565  0.269  0.287  -7.97  -8.96
   4  -51.03 -35.35  51.49  36.39  15.68  15.11  0.040  0.043  0.547  0.559  0.309  0.332  -6.60  -7.38
   5  -52.43 -35.41  53.10  36.40  17.02  16.70  0.039  0.043  0.542  0.554  0.350  0.377  -5.20  -5.78
   6  -53.66 -35.49  54.47  36.41  18.17  18.05  0.039  0.043  0.537  0.549  0.386  0.413  -3.98  -4.41
   7  -54.58 -35.57  55.53  36.40  19.01  19.13  0.039  0.044  0.532  0.545  0.411  0.439  -3.05  -3.35
   8  -55.02 -35.65  56.32  36.29  19.37  20.04  0.039  0.045  0.526  0.542  0.425  0.452  -2.61  -2.56
   9  -55.41 -35.77  57.00  36.13  19.64  20.87  0.039  0.046  0.521  0.540  0.439  0.461  -2.22  -1.88
 
POINT    PS1    PS2    PS3    PS4    PT0    PT1    PT2    PT3    PT4    UM      T0    DEVR   DEVS
   1   8.122  8.608  8.566  9.117  9.394  9.994  9.893 10.649 10.557 332.49  603.45   4.56   6.08
   2   8.222  8.733  8.692  9.276  9.483 10.106 10.005 10.791 10.699 332.49  604.96   4.58   6.11
   3   8.501  9.082  9.043  9.713  9.735 10.420 10.320 11.187 11.094 332.49  609.16   4.64   6.18
   4   8.906  9.582  9.545 10.332 10.104 10.877 10.777 11.757 11.663 332.49  615.24   4.71   6.25
   5   9.372 10.151 10.115 11.025 10.536 11.404 11.303 12.409 12.311 332.49  622.22   4.77   6.25
   6   9.838 10.706 10.673 11.686 10.975 11.929 11.825 13.046 12.944 332.49  629.20   4.85   6.27
   7  10.244 11.176 11.144 12.234 11.362 12.375 12.269 13.584 13.477 332.49  635.32   4.93   6.26
   8  10.552 11.514 11.482 12.614 11.671 12.691 12.585 13.969 13.858 332.49  640.22   5.02   6.14
   9  10.827 11.820 11.790 12.951 11.946 12.981 12.873 14.317 14.201 332.49  644.61   5.13   5.99
 
POINT INCCHR INCMLR INCOPR INCPSR INCCHS INCMLS INCOPS INCPSS ALFCHR ALFCHS    CMR    CMS   BLK1   BLK2   BLK3   BLK4
   1  -24.38  -6.06   0.58   4.59 -22.72  -6.81  -0.34   3.54  33.26  36.15  45.09  33.45   1.17   1.01   1.07   1.11
   2  -24.52  -6.06   0.58   4.59 -22.88  -6.81  -0.34   3.54  33.11  36.00  46.89  35.29   1.24   1.09   1.14   1.23
   3  -24.91  -6.06   0.58   4.59 -23.27  -6.81  -0.34   3.54  32.72  35.61  51.78  40.18   1.47   1.35   1.38   1.60
   4  -25.43  -6.06   0.58   4.59 -23.75  -6.81  -0.34   3.54  32.20  35.13  58.48  46.59   1.87   1.81   1.80   2.32
   5  -25.99  -6.06   0.58   4.59 -24.17  -6.81  -0.34   3.54  31.64  34.70  65.70  53.00   2.45   2.46   2.41   3.42
   6  -26.55  -6.06   0.58   4.59 -24.52  -6.81  -0.34   3.54  31.09  34.36  72.61  58.52   3.13   3.24   3.14   4.78
   7  -27.15  -6.06   0.58   4.59 -24.72  -6.81  -0.34   3.54  30.49  34.15  79.02  62.60   3.71   3.96   3.82   6.23
   8  -28.01  -6.06   0.58   4.59 -24.73  -6.81  -0.34   3.54  29.62  34.15  85.74  64.92   4.28   4.34   4.18   7.80
   9  -28.71  -6.06   0.58   4.59 -24.69  -6.81  -0.34   3.54  28.92  34.19  91.59  66.71   4.98   4.69   4.53   9.46
 
POINT WR-PRF WR-SHK WR-TIP WR-SEC WS-PRF WS-SHK WS-TIP WS-SEC   O/SR   O/SS  CLV2R  CLV2S   DEHR   DEHS    LG2   KOCH
   1   0.027  0.000  0.003  0.014  0.026  0.000  0.004  0.015  0.686  0.673  0.629  0.645  0.863  0.859  1.384  0.294
   2   0.026  0.000  0.002  0.014  0.026  0.000  0.004  0.014  0.686  0.673  0.657  0.680  0.855  0.850  1.384  0.308
   3   0.026  0.000  0.002  0.013  0.026  0.000  0.004  0.013  0.686  0.673  0.735  0.776  0.834  0.826  1.385  0.346
   4   0.026  0.000  0.002  0.013  0.026  0.000  0.004  0.013  0.686  0.673  0.846  0.911  0.808  0.797  1.386  0.393
   5   0.025  0.000  0.002  0.012  0.027  0.000  0.004  0.012  0.686  0.673  0.971  1.059  0.780  0.769  1.387  0.438
   6   0.025  0.000  0.002  0.011  0.027  0.000  0.004  0.012  0.686  0.673  1.085  1.188  0.757  0.746  1.388  0.473
   7   0.025  0.000  0.003  0.011  0.027  0.000  0.005  0.012  0.686  0.673  1.172  1.285  0.740  0.731  1.388  0.496
   8   0.025  0.000  0.003  0.011  0.027  0.000  0.006  0.012  0.686  0.673  1.219  1.344  0.730  0.724  1.388  0.508
   9   0.025  0.000  0.003  0.011  0.027  0.000  0.007  0.012  0.686  0.673  1.265  1.388  0.721  0.720  1.387  0.516
 
POINT   VAU1   VAU2   VAU3   VAU4  DHUSQ EDHUSQ   DT/T  R_TOT R_STAT    PTS SPRCIR SPRCIS SPRCCR SPRCCS ETAADI
   1   0.535  0.540  0.553  0.553  0.213  0.185  0.037  1.124  1.122  0.970  0.323  0.320  0.259  0.264 0.8713
   2   0.530  0.535  0.547  0.546  0.219  0.192  0.038  1.128  1.128  0.978  0.335  0.334  0.271  0.278 0.8764
   3   0.518  0.520  0.532  0.529  0.236  0.210  0.041  1.140  1.143  0.998  0.366  0.369  0.303  0.313 0.8885
   4   0.502  0.502  0.513  0.509  0.259  0.233  0.044  1.154  1.160  1.023  0.406  0.412  0.343  0.356 0.9012
   5   0.485  0.483  0.494  0.489  0.282  0.256  0.047  1.168  1.176  1.046  0.446  0.453  0.383  0.397 0.9107
   6   0.470  0.467  0.477  0.474  0.300  0.275  0.050  1.179  1.188  1.065  0.478  0.484  0.415  0.427 0.9164
   7   0.458  0.455  0.464  0.464  0.313  0.288  0.051  1.186  1.194  1.077  0.500  0.505  0.438  0.447 0.9190
   8   0.450  0.445  0.454  0.460  0.317  0.292  0.051  1.187  1.195  1.081  0.512  0.514  0.449  0.455 0.9196
   9   0.443  0.437  0.446  0.458  0.322  0.296  0.052  1.189  1.196  1.084  0.524  0.519  0.461  0.460 0.9200
 
 
STAGE 11 SUMMARY
POINT   ALF1   ALF2   ALF3   ALF4   DEFR   DEFS     WR     WS    MNR    MNS    DFR    DFS   INCR   INCS
   1  -46.34 -35.32  45.45  35.28  11.02  10.17  0.047  0.049  0.557  0.562  0.178  0.164 -12.22 -14.25
   2  -46.90 -35.36  46.15  35.35  11.53  10.80  0.046  0.047  0.555  0.559  0.195  0.185 -11.67 -13.55
   3  -48.34 -35.48  47.93  35.51  12.86  12.42  0.045  0.046  0.549  0.552  0.239  0.238 -10.22 -11.76
   4  -50.15 -35.63  50.14  35.69  14.52  14.45  0.043  0.045  0.543  0.543  0.295  0.303  -8.41  -9.56
   5  -51.89 -35.80  52.23  35.84  16.09  16.39  0.042  0.045  0.537  0.535  0.349  0.364  -6.68  -7.46
   6  -53.25 -35.95  53.93  35.91  17.30  18.02  0.042  0.045  0.532  0.529  0.393  0.411  -5.31  -5.77
   7  -54.18 -36.15  55.14  36.01  18.03  19.13  0.042  0.046  0.529  0.524  0.425  0.443  -4.38  -4.56
   8  -54.63 -36.39  55.91  36.05  18.25  19.86  0.042  0.047  0.527  0.521  0.446  0.462  -3.93  -3.78
   9  -54.93 -36.73  56.69  36.13  18.19  20.56  0.043  0.049  0.526  0.517  0.466  0.482  -3.63  -3.01
 
POINT    PS1    PS2    PS3    PS4    PT0    PT1    PT2    PT3    PT4    UM      T0    DEVR   DEVS
   1   9.079  9.516  9.471  9.877 10.557 11.167 11.054 11.689 11.581 330.40  625.74   5.13   6.51
   2   9.239  9.718  9.674 10.135 10.699 11.345 11.233 11.912 11.807 330.40  627.92   5.17   6.58
   3   9.679 10.269 10.227 10.825 11.094 11.837 11.725 12.525 12.419 330.40  633.89   5.28   6.74
   4  10.301 11.038 10.999 11.772 11.663 12.537 12.425 13.387 13.279 330.40  642.28   5.44   6.93
   5  10.995 11.888 11.851 12.798 12.311 13.328 13.214 14.344 14.232 330.40  651.59   5.61   7.07
   6  11.659 12.687 12.653 13.750 12.944 14.085 13.967 15.249 15.131 330.40  660.47   5.76   7.14
   7  12.209 13.342 13.309 14.513 13.477 14.713 14.591 15.985 15.861 330.40  667.85   5.96   7.24
   8  12.591 13.800 13.768 15.033 13.858 15.156 15.029 16.492 16.363 330.40  673.15   6.20   7.29
   9  12.930 14.212 14.182 15.502 14.201 15.551 15.420 16.941 16.806 330.40  677.96   6.54   7.36
 
POINT INCCHR INCMLR INCOPR INCPSR INCCHS INCMLS INCOPS INCPSS ALFCHR ALFCHS    CMR    CMS   BLK1   BLK2   BLK3   BLK4
   1  -23.87  -6.45   0.05   4.01 -22.85  -7.30  -1.03   2.84  34.69  36.85  33.56  23.36   1.15   0.79   0.87   0.70
   2  -24.09  -6.45   0.05   4.01 -23.12  -7.30  -1.03   2.84  34.47  36.58  36.05  26.18   1.25   0.87   0.94   0.77
   3  -24.67  -6.45   0.05   4.01 -23.80  -7.30  -1.03   2.84  33.89  35.90  42.64  33.52   1.60   1.12   1.18   1.03
   4  -25.40  -6.45   0.05   4.01 -24.62  -7.30  -1.03   2.84  33.16  35.08  51.24  42.94   2.27   1.60   1.62   1.57
   5  -26.10  -6.45   0.05   4.01 -25.38  -7.30  -1.03   2.84  32.46  34.31  59.85  52.22   3.31   2.32   2.30   2.44
   6  -26.75  -6.45   0.05   4.01 -25.99  -7.30  -1.03   2.84  31.82  33.71  67.38  59.97   4.59   3.19   3.12   3.56
   7  -27.30  -6.45   0.05   4.01 -26.46  -7.30  -1.03   2.84  31.26  33.23  73.31  65.92   5.95   3.98   3.88   4.65
   8  -27.74  -6.45   0.05   4.01 -26.82  -7.30  -1.03   2.84  30.83  32.87  77.23  70.10   7.42   4.54   4.41   5.56
   9  -28.26  -6.45   0.05   4.01 -27.24  -7.30  -1.03   2.84  30.30  32.46  81.26  74.63   8.98   4.66   4.52   5.98
 
POINT WR-PRF WR-SHK WR-TIP WR-SEC WS-PRF WS-SHK WS-TIP WS-SEC   O/SR   O/SS  CLV2R  CLV2S   DEHR   DEHS    LG2   KOCH
   1   0.027  0.000  0.002  0.017  0.027  0.000  0.003  0.018  0.673  0.659  0.498  0.455  0.893  0.905  1.418  0.224
   2   0.027  0.000  0.002  0.017  0.027  0.000  0.003  0.017  0.673  0.659  0.536  0.500  0.881  0.891  1.419  0.248
   3   0.027  0.000  0.002  0.016  0.027  0.000  0.003  0.016  0.673  0.659  0.637  0.620  0.852  0.856  1.421  0.307
   4   0.027  0.000  0.002  0.014  0.028  0.000  0.003  0.014  0.673  0.659  0.779  0.786  0.815  0.814  1.424  0.376
   5   0.027  0.000  0.002  0.013  0.029  0.000  0.003  0.013  0.673  0.659  0.933  0.963  0.778  0.775  1.427  0.439
   6   0.027  0.000  0.002  0.013  0.029  0.000  0.003  0.013  0.673  0.659  1.071  1.123  0.748  0.744  1.429  0.487
   7   0.027  0.000  0.002  0.012  0.029  0.000  0.004  0.013  0.673  0.659  1.176  1.239  0.726  0.723  1.432  0.519
   8   0.027  0.000  0.003  0.012  0.029  0.000  0.005  0.013  0.673  0.659  1.244  1.312  0.710  0.710  1.435  0.538
   9   0.027  0.000  0.004  0.012  0.029  0.000  0.006  0.013  0.673  0.659  1.308  1.389  0.695  0.698  1.439  0.557
 
POINT   VAU1   VAU2   VAU3   VAU4  DHUSQ EDHUSQ   DT/T  R_TOT R_STAT    PTS SPRCIR SPRCIS SPRCCR SPRCCS ETAADI
   1   0.567  0.573  0.585  0.595  0.185  0.154  0.030  1.097  1.088  0.936  0.271  0.238  0.209  0.183 0.8347
   2   0.561  0.564  0.577  0.584  0.195  0.165  0.032  1.104  1.097  0.947  0.289  0.261  0.228  0.206 0.8471
   3   0.543  0.542  0.554  0.557  0.220  0.191  0.036  1.119  1.118  0.976  0.335  0.316  0.273  0.260 0.8695
   4   0.521  0.516  0.527  0.525  0.251  0.223  0.040  1.139  1.143  1.009  0.392  0.381  0.330  0.324 0.8894
   5   0.501  0.491  0.501  0.497  0.280  0.253  0.044  1.156  1.164  1.040  0.444  0.438  0.383  0.380 0.9029
   6   0.485  0.471  0.480  0.476  0.304  0.277  0.047  1.169  1.179  1.062  0.485  0.481  0.424  0.423 0.9110
   7   0.475  0.456  0.465  0.461  0.320  0.292  0.049  1.177  1.189  1.077  0.514  0.509  0.452  0.450 0.9147
   8   0.470  0.446  0.455  0.452  0.329  0.301  0.050  1.181  1.194  1.085  0.533  0.524  0.471  0.465 0.9157
   9   0.467  0.436  0.444  0.443  0.336  0.307  0.050  1.183  1.199  1.092  0.552  0.540  0.489  0.479 0.9152
 
 
STAGE 12 SUMMARY
POINT   ALF1   ALF2   ALF3   ALF4   DEFR   DEFS     WR     WS    MNR    MNS    DFR    DFS   INCR   INCS
   1  -44.19 -35.18  43.15  34.62   9.01   8.53  0.053  0.080  0.549  0.557  0.125  0.084 -14.01 -15.45
   2  -45.06 -35.24  44.23  34.69   9.82   9.54  0.050  0.066  0.545  0.552  0.151  0.118 -13.13 -14.37
   3  -47.22 -35.37  46.78  34.84  11.84  11.94  0.047  0.056  0.537  0.541  0.215  0.193 -10.98 -11.82
   4  -49.80 -35.48  49.65  35.00  14.31  14.66  0.045  0.051  0.528  0.531  0.289  0.274  -8.40  -8.95
   5  -52.14 -35.52  52.06  35.13  16.62  16.93  0.043  0.048  0.520  0.522  0.353  0.341  -6.05  -6.54
   6  -53.95 -35.47  53.75  35.32  18.48  18.43  0.043  0.047  0.515  0.517  0.399  0.393  -4.24  -4.85
   7  -55.23 -35.65  55.22  35.44  19.59  19.78  0.045  0.049  0.511  0.512  0.439  0.433  -2.96  -3.38
   8  -56.17 -35.67  56.08  35.48  20.51  20.61  0.047  0.051  0.507  0.509  0.462  0.453  -2.02  -2.52
   9  -57.01 -35.52  56.51  35.68  21.49  20.83  0.049  0.053  0.505  0.507  0.475  0.470  -1.19  -2.09
 
POINT    PS1    PS2    PS3    PS4    PT0    PT1    PT2    PT3    PT4    UM      T0    DEVR   DEVS
   1   9.894 10.221 10.166 10.403 11.581 12.099 11.970 12.501 12.313 327.96  644.74   5.31   4.09
   2  10.152 10.547 10.495 10.856 11.807 12.380 12.256 12.858 12.703 327.96  647.92   5.37   4.16
   3  10.841 11.400 11.351 11.938 12.419 13.138 13.017 13.799 13.662 327.96  656.44   5.50   4.31
   4  11.786 12.544 12.500 13.340 13.279 14.190 14.069 15.079 14.947 327.96  667.96   5.61   4.47
   5  12.810 13.760 13.720 14.798 14.232 15.342 15.218 16.454 16.323 327.96  680.24   5.65   4.60
   6  13.761 14.867 14.830 16.110 15.131 16.420 16.289 17.714 17.578 327.96  691.45   5.60   4.79
   7  14.526 15.763 15.729 17.155 15.861 17.280 17.141 18.720 18.575 327.96  700.38   5.78   4.91
   8  15.057 16.366 16.334 17.844 16.363 17.869 17.721 19.403 19.248 327.96  706.53   5.79   4.95
   9  15.528 16.884 16.855 18.442 16.806 18.397 18.241 20.001 19.833 327.96  712.02   5.65   5.15
 
POINT INCCHR INCMLR INCOPR INCPSR INCCHS INCMLS INCOPS INCPSS ALFCHR ALFCHS    CMR    CMS   BLK1   BLK2   BLK3   BLK4
   1  -25.33  -6.58  -0.08   3.87 -22.38  -6.10   0.43   4.44  32.86  36.22  34.48  19.15   1.17   0.80   0.91   0.65
   2  -25.73  -6.58  -0.08   3.87 -22.84  -6.10   0.43   4.44  32.46  35.76  38.82  23.71   1.24   0.91   1.01   0.76
   3  -26.69  -6.58  -0.08   3.87 -23.90  -6.10   0.43   4.44  31.51  34.70  49.85  34.84   1.50   1.32   1.38   1.19
   4  -27.72  -6.58  -0.08   3.87 -25.04  -6.10   0.43   4.44  30.48  33.56  63.40  47.95   2.06   2.26   2.25   2.18
   5  -28.53  -6.58  -0.08   3.87 -25.99  -6.10   0.43   4.44  29.67  32.61  75.76  59.64   2.97   3.85   3.74   3.70
   6  -29.03  -6.58  -0.08   3.87 -26.79  -6.10   0.43   4.44  29.17  31.81  84.96  68.98   4.15   5.86   5.64   5.10
   7  -29.69  -6.58  -0.08   3.87 -27.43  -6.10   0.43   4.44  28.50  31.17  93.79  77.17   5.09   6.63   6.35   5.99
   8  -30.06  -6.58  -0.08   3.87 -27.70  -6.10   0.43   4.44  28.13  30.90  99.68  81.49   5.39   7.49   7.15   7.20
   9  -30.02  -6.58  -0.08   3.87 -28.06  -6.10   0.43   4.44  28.18  30.54 102.32  85.00   5.71   9.15   8.67   8.03
 
POINT WR-PRF WR-SHK WR-TIP WR-SEC WS-PRF WS-SHK WS-TIP WS-SEC   O/SR   O/SS  CLV2R  CLV2S   DEHR   DEHS    LG2   KOCH
   1   0.027  0.000  0.006  0.020  0.049  0.000  0.011  0.020  0.680  0.659  0.403  0.307  0.929  0.952  1.466  0.128
   2   0.026  0.000  0.005  0.019  0.036  0.000  0.010  0.019  0.680  0.659  0.458  0.367  0.912  0.928  1.467  0.173
   3   0.025  0.000  0.005  0.017  0.030  0.000  0.009  0.017  0.680  0.659  0.602  0.515  0.872  0.878  1.469  0.257
   4   0.025  0.000  0.004  0.015  0.028  0.000  0.008  0.015  0.680  0.659  0.795  0.705  0.824  0.823  1.471  0.342
   5   0.025  0.000  0.004  0.014  0.027  0.000  0.007  0.013  0.680  0.659  0.990  0.892  0.784  0.776  1.473  0.412
   6   0.025  0.000  0.005  0.014  0.027  0.000  0.008  0.013  0.680  0.659  1.154  1.051  0.755  0.739  1.474  0.460
   7   0.025  0.000  0.006  0.013  0.027  0.000  0.009  0.012  0.680  0.659  1.295  1.186  0.728  0.713  1.477  0.495
   8   0.025  0.000  0.007  0.014  0.027  0.000  0.011  0.012  0.680  0.659  1.385  1.264  0.714  0.699  1.478  0.512
   9   0.026  0.000  0.009  0.014  0.027  0.000  0.014  0.012  0.680  0.659  1.448  1.322  0.707  0.686  1.479  0.523
 
POINT   VAU1   VAU2   VAU3   VAU4  DHUSQ EDHUSQ   DT/T  R_TOT R_STAT    PTS SPRCIR SPRCIS SPRCCR SPRCCS ETAADI
   1   0.593  0.601  0.615  0.628  0.150  0.107  0.023  1.063  1.051  0.898  0.210  0.180  0.148  0.102 0.7097
   2   0.582  0.588  0.601  0.609  0.165  0.128  0.026  1.076  1.069  0.919  0.239  0.222  0.178  0.153 0.7732
   3   0.556  0.556  0.569  0.569  0.202  0.169  0.031  1.100  1.101  0.961  0.304  0.304  0.243  0.240 0.8375
   4   0.525  0.522  0.534  0.528  0.245  0.215  0.037  1.126  1.132  1.005  0.376  0.387  0.316  0.325 0.8765
   5   0.497  0.495  0.505  0.496  0.282  0.254  0.041  1.147  1.155  1.040  0.436  0.454  0.375  0.394 0.8987
   6   0.476  0.476  0.485  0.471  0.311  0.282  0.045  1.162  1.171  1.065  0.477  0.503  0.416  0.444 0.9086
   7   0.460  0.459  0.466  0.453  0.331  0.302  0.047  1.171  1.181  1.082  0.512  0.538  0.449  0.477 0.9119
   8   0.448  0.449  0.456  0.444  0.344  0.313  0.048  1.176  1.185  1.090  0.530  0.554  0.466  0.492 0.9116
   9   0.438  0.445  0.452  0.436  0.354  0.322  0.049  1.180  1.188  1.097  0.538  0.569  0.473  0.504 0.9100
 
 
STAGE 13 SUMMARY
POINT   ALF1   ALF2   ALF3   ALF4   DEFR   DEFS     WR     WS    MNR    MNS    DFR    DFS   INCR   INCS
   1  -41.05 -34.85  37.33  34.29   6.20   3.04  0.095  0.996  0.563  0.571  0.027 -0.607 -17.95 -21.89
   2  -42.58 -35.01  39.72  34.47   7.57   5.25  0.062  0.215  0.556  0.558  0.084 -0.018 -16.42 -19.50
   3  -45.78 -35.31  43.78  34.80  10.48   8.98  0.050  0.061  0.542  0.538  0.183  0.138 -13.21 -15.44
   4  -49.16 -35.53  47.69  35.16  13.63  12.53  0.048  0.053  0.528  0.521  0.281  0.251  -9.84 -11.54
   5  -51.92 -35.57  50.56  35.52  16.34  15.04  0.047  0.050  0.518  0.510  0.355  0.338  -7.08  -8.66
   6  -53.98 -35.51  52.59  35.86  18.47  16.72  0.048  0.050  0.510  0.503  0.406  0.403  -5.01  -6.64
   7  -55.55 -35.56  54.06  36.06  20.00  18.00  0.050  0.051  0.505  0.498  0.446  0.444  -3.45  -5.17
   8  -56.32 -35.44  54.53  36.37  20.89  18.16  0.052  0.054  0.502  0.496  0.459  0.466  -2.67  -4.70
   9  -56.96 -35.11  54.61  36.79  21.85  17.82  0.052  0.056  0.499  0.494  0.458  0.483  -2.04  -4.61
 
POINT    PS1    PS2    PS3    PS4    PT0    PT1    PT2    PT3    PT4    UM      T0    DEVR   DEVS
   1  10.334 10.325 10.245  6.220 12.313 12.764 12.521 12.727 10.254 326.26  659.88   6.14   4.76
   2  10.790 11.002 10.927 10.561 12.703 13.255 13.088 13.445 12.904 326.26  664.59   6.30   4.93
   3  11.879 12.382 12.317 12.772 13.662 14.442 14.299 14.932 14.774 326.26  676.77   6.60   5.27
   4  13.288 14.077 14.021 14.846 14.947 16.000 15.855 16.800 16.653 326.26  692.50   6.82   5.62
   5  14.752 15.784 15.735 16.882 16.323 17.636 17.484 18.713 18.564 326.26  708.46   6.87   5.99
   6  16.069 17.289 17.248 18.660 17.578 19.107 18.945 20.413 20.256 326.26  722.44   6.80   6.33
   7  17.117 18.484 18.448 20.039 18.575 20.282 20.106 21.755 21.586 326.26  733.29   6.85   6.53
   8  17.809 19.235 19.207 20.902 19.248 21.058 20.873 22.609 22.427 326.26  740.65   6.73   6.84
   9  18.409 19.846 19.832 21.617 19.833 21.717 21.529 23.324 23.127 326.26  747.12   6.40   7.26
 
POINT INCCHR INCMLR INCOPR INCPSR INCCHS INCMLS INCOPS INCPSS ALFCHR ALFCHS    CMR    CMS   BLK1   BLK2   BLK3   BLK4
   1  -24.34  -7.26  -0.93   2.94 -23.38  -6.58  -0.20   3.77  34.66  35.84  18.42   4.16   0.77   0.58   0.77   0.17
   2  -25.05  -7.26  -0.93   2.94 -24.55  -6.58  -0.20   3.77  33.95  34.67  25.43  14.56   0.88   0.70   0.89   0.50
   3  -26.55  -7.26  -0.93   2.94 -26.72  -6.58  -0.20   3.77  32.45  32.51  41.09  34.67   1.26   1.19   1.33   0.82
   4  -28.04  -7.26  -0.93   2.94 -28.84  -6.58  -0.20   3.77  30.96  30.38  58.78  56.94   2.16   2.52   2.54   1.60
   5  -29.11  -7.26  -0.93   2.94 -30.56  -6.58  -0.20   3.77  29.89  28.67  73.72  76.37   3.58   4.92   4.75   2.93
   6  -29.88  -7.26  -0.93   2.94 -31.92  -6.58  -0.20   3.77  29.12  27.31  85.38  92.57   4.88   7.38   6.97   4.06
   7  -30.39  -7.26  -0.93   2.94 -32.88  -6.58  -0.20   3.77  28.61  26.34  94.20 105.19   5.70   9.03   8.45   5.26
   8  -30.50  -7.26  -0.93   2.94 -33.68  -6.58  -0.20   3.77  28.50  25.55  97.61 113.44   6.79  11.26  10.39   6.07
   9  -30.39  -7.26  -0.93   2.94 -34.49  -6.58  -0.20   3.77  28.61  24.73  99.11 120.81   7.55  14.12  12.71   6.64
 
POINT WR-PRF WR-SHK WR-TIP WR-SEC WS-PRF WS-SHK WS-TIP WS-SEC   O/SR   O/SS  CLV2R  CLV2S   DEHR   DEHS    LG2   KOCH
   1   0.062  0.000  0.009  0.024  0.919  0.000  0.023  0.055  0.677  0.670  0.225 -0.201  0.995  1.505  1.424   N/A 
   2   0.032  0.000  0.009  0.022  0.179  0.000  0.010  0.025  0.677  0.670  0.321  0.133  0.958  1.024  1.426   N/A 
   3   0.024  0.000  0.007  0.019  0.033  0.000  0.008  0.020  0.677  0.670  0.523  0.375  0.895  0.912  1.431  0.191
   4   0.025  0.000  0.006  0.016  0.030  0.000  0.007  0.016  0.677  0.670  0.767  0.612  0.833  0.835  1.435  0.310
   5   0.027  0.000  0.006  0.015  0.030  0.000  0.006  0.014  0.677  0.670  0.992  0.834  0.788  0.775  1.439  0.393
   6   0.027  0.000  0.007  0.014  0.030  0.000  0.007  0.013  0.677  0.670  1.175  1.025  0.757  0.730  1.442  0.449
   7   0.027  0.000  0.009  0.014  0.030  0.000  0.009  0.013  0.677  0.670  1.324  1.168  0.732  0.701  1.444  0.484
   8   0.027  0.000  0.010  0.014  0.030  0.000  0.011  0.013  0.677  0.670  1.380  1.237  0.726  0.685  1.447  0.498
   9   0.027  0.000  0.010  0.014  0.030  0.000  0.014  0.013  0.677  0.670  1.394  1.283  0.729  0.671  1.449  0.504
 
POINT   VAU1   VAU2   VAU3   VAU4  DHUSQ EDHUSQ   DT/T  R_TOT R_STAT    PTS SPRCIR SPRCIS SPRCCR SPRCCS ETAADI
   1   0.649  0.676  0.695  1.075  0.092 -0.318  0.014  0.833  0.602  0.505  0.085 -1.218 -0.004 -1.621   N/A 
   2   0.629  0.644  0.661  0.697  0.124  0.028  0.019  1.016  0.979  0.831  0.153  0.032  0.086 -0.146 0.2279
   3   0.587  0.592  0.607  0.602  0.181  0.144  0.027  1.081  1.075  0.935  0.258  0.239  0.196  0.174 0.7973
   4   0.544  0.544  0.557  0.541  0.238  0.205  0.034  1.114  1.117  0.993  0.354  0.359  0.291  0.297 0.8624
   5   0.510  0.511  0.522  0.498  0.282  0.250  0.039  1.137  1.144  1.034  0.421  0.446  0.358  0.385 0.8890
   6   0.484  0.489  0.498  0.466  0.313  0.282  0.042  1.152  1.161  1.062  0.466  0.507  0.402  0.446 0.9005
   7   0.465  0.473  0.480  0.447  0.336  0.303  0.045  1.162  1.171  1.079  0.499  0.544  0.432  0.481 0.9036
   8   0.455  0.469  0.475  0.436  0.345  0.312  0.045  1.165  1.174  1.086  0.507  0.563  0.439  0.498 0.9029
   9   0.446  0.473  0.475  0.426  0.351  0.316  0.046  1.166  1.174  1.090  0.502  0.578  0.434  0.511 0.9017
 
 
OGV SUMMARY
POINT   ALF3   ALF4   DEFS     WS    MNS    DFS   INCS
   1   33.55  12.75  20.80  0.047  0.903  0.394  -0.45
   2   34.06  11.96  22.10  0.049  0.555  0.350   0.06
   3   34.43  11.98  22.45  0.050  0.471  0.352   0.43
   4   34.81  12.07  22.74  0.050  0.417  0.359   0.81
   5   35.20  12.23  22.97  0.050  0.379  0.371   1.20
   6   35.57  12.40  23.17  0.050  0.352  0.382   1.57
   7   35.79  12.53  23.26  0.050  0.335  0.391   1.79
   8   36.11  12.67  23.44  0.051  0.326  0.401   2.11
   9   36.54  12.84  23.70  0.051  0.319  0.410   2.54
 
POINT    PS3    PS4    PT3    PT4    T0    DEVS
   1   6.090  7.477 10.254 10.059 669.04  19.25
   2  10.514 11.106 12.904 12.786 676.91  18.46
   3  12.735 13.244 14.774 14.672 694.72  18.48
   4  14.816 15.291 16.653 16.561 715.95  18.57
   5  16.856 17.325 18.564 18.479 736.14  18.73
   6  18.637 19.108 20.256 20.175 753.10  18.90
   7  20.019 20.495 21.586 21.507 766.09  19.03
   8  20.884 21.371 22.427 22.349 774.35  19.17
   9  21.599 22.098 23.127 23.049 781.28  19.34
 
POINT INCCHS INCMLS INCOPS INCPSS   BLK3   BLK4
   1    2.93   6.00   1.65   8.84   0.39   3.88
   2  -34.00   4.22   1.65   8.84   0.69   2.83
   3  -34.00   3.21   1.65   8.84   0.98   2.53
   4  -34.00   2.51   1.65   8.84   1.71   2.59
   5  -34.00   1.94   1.65   8.84   2.98   2.89
   6  -34.00   1.50   1.65   8.84   4.04   3.00
   7  -34.00   1.18   1.65   8.84   5.17   3.30
   8  -34.00   1.00   1.65   8.84   5.94   3.51
   9  -34.00   0.86   1.65   8.84   6.48   3.63
 
POINT WS-PRF WS-SHK WS-TIP WS-SEC   O/SS
   1   0.024  0.000  0.006  0.017  0.804
   2   0.024  0.000  0.006  0.019  0.804
   3   0.024  0.000  0.006  0.019  0.804
   4   0.024  0.000  0.006  0.019  0.804
   5   0.025  0.000  0.006  0.019  0.804
   6   0.025  0.000  0.007  0.019  0.804
   7   0.025  0.000  0.007  0.018  0.804
   8   0.025  0.000  0.007  0.018  0.804
   9   0.026  0.000  0.007  0.018  0.804
 
 
DIFFUSER EXIT SUMMARY
POINT   DP/P   PT     PS     MN
   1  0.0238  9.820  9.485  0.226
   2  0.0149 12.595 12.335  0.175
   3  0.0116 14.502 14.272  0.153
   4  0.0093 16.407 16.199  0.137
   5  0.0077 18.337 18.147  0.124
   6  0.0066 20.043 19.867  0.114
   7  0.0058 21.382 21.215  0.108
   8  0.0054 22.228 22.067  0.104
   9  0.0051 22.931 22.775  0.100
 
 
OVERALL RESULTS FOR SPEEDLINE  1    NRT =  3606.4    TEMP =  31.4
 
                   INLET   DIFFUSER
         INLET    FLANGE     EXIT           ----------BLADING--------  -------COMPRESSOR--------
POINT     FLOW     WCORR     WCORR    DT/T     PR     ETAADI  ETAPOLY     PR     ETAADI  ETAPOLY
   1   520.7256  538.4422   73.0760  1.197  10.1199   0.7587   0.8209   9.7447   0.7420   0.8075
   2   520.5315  538.2415   57.2851  1.223  12.8628   0.8499   0.8921  12.4992   0.8367   0.8821
   3   519.9566  537.6470   50.3473  1.281  14.7600   0.8717   0.9093  14.3915   0.8602   0.9008
   4   519.0231  536.6817   45.0974  1.351  16.6594   0.8785   0.9153  16.2812   0.8682   0.9079
   5   517.7668  535.3827   40.8161  1.417  18.5869   0.8832   0.9196  18.1967   0.8739   0.9129
   6   516.2359  533.7998   37.6576  1.473  20.2917   0.8858   0.9222  19.8898   0.8772   0.9161
   7   514.4894  531.9938   35.4829  1.515  21.6290   0.8868   0.9234  21.2182   0.8786   0.9177
   8   512.5943  530.0343   34.1882  1.543  22.4740   0.8866   0.9236  22.0584   0.8787   0.9181
   9   510.6235  527.9964   33.1600  1.565  23.1751   0.8859   0.9234  22.7562   0.8783   0.9181
