         *****************************************************************
         *****************************************************************
         **                                                             **
         **                (c) SIEMENS ENERGY, INC.                     **
         **                                                             **
         **   COMPRESSOR MEAN LINE OFF-DESIGN PROGRAM  Version 2.0b dev **
         **                                                             **
         **                 04-Sep-2012   15:31:24                      **
         **                                                             **
         *****************************************************************
         *****************************************************************
 
 CMDP/CMODP: HARMONIZED COMPRESSOR  Test data RFT 163 Pt.1  Run 32.544  6/14/2006  @14:23
 Corr Flow = 566.486 kg/s  Blading  PR = 18.625  adia. eff. = 88.46% ,IGV 5.48,VGV1 0.49,VGV2 0.72,VGV3 2.98
 NO OF STAGES = 13
 ANNULUS DETAILS (mm)
        STAGE           X-HUB     R-HUB   X-CASING  R-CASING
 ROTOR    1  INLET     498.59    546.81    544.31   1122.66
 ROTOR    1  EXIT      800.17    598.99    735.58   1104.21
 STATOR   1  INLET     843.10    608.20    830.25   1093.56
 STATOR   1  EXIT     1020.45    645.71   1033.31   1064.24
 ROTOR    2  INLET    1057.93    653.47   1080.07   1058.43
 ROTOR    2  EXIT     1234.18    686.34   1201.29   1044.79
 STATOR   2  INLET    1264.54    691.49   1255.57   1039.19
 STATOR   2  EXIT     1396.79    713.01   1408.28   1025.03
 ROTOR    3  INLET    1432.02    718.62   1450.06   1022.04
 ROTOR    3  EXIT     1580.75    739.30   1548.51   1016.77
 STATOR   3  INLET    1609.90    742.81   1602.84   1014.25
 STATOR   3  EXIT     1722.00    755.48   1738.03   1009.10
 ROTOR    4  INLET    1754.66    758.90   1779.63   1007.85
 ROTOR    4  EXIT     1888.57    769.40   1856.01   1005.81
 STATOR   4  INLET    1919.78    771.34   1910.67   1004.29
 STATOR   4  EXIT     2002.49    776.65   2020.90    999.88
 ROTOR    5  INLET    2036.13    778.62   2057.70    998.11
 ROTOR    5  EXIT     2159.87    784.83   2130.36    994.54
 STATOR   5  INLET    2180.50    785.79   2170.01    992.54
 STATOR   5  EXIT     2246.10    788.66   2258.25    986.71
 ROTOR    6  INLET    2324.04    792.51   2347.95    980.75
 ROTOR    6  EXIT     2432.20    796.69   2407.58    976.52
 STATOR   6  INLET    2447.75    797.20   2444.33    973.78
 STATOR   6  EXIT     2515.76    799.30   2518.67    967.96
 ROTOR    7  INLET    2536.90    799.88   2559.21    964.71
 ROTOR    7  EXIT     2636.66    801.98   2611.66    960.27
 STATOR   7  INLET    2653.68    802.28   2648.71    956.90
 STATOR   7  EXIT     2712.83    803.52   2716.82    950.37
 ROTOR    8  INLET    2733.41    803.31   2749.80    946.73
 ROTOR    8  EXIT     2809.14    804.05   2792.48    942.45
 STATOR   8  INLET    2827.69    804.16   2827.17    939.31
 STATOR   8  EXIT     2895.61    804.43   2892.95    933.82
 ROTOR    9  INLET    2967.29    804.67   2983.75    926.24
 ROTOR    9  EXIT     3042.90    804.44   3025.75    922.73
 STATOR   9  INLET    3064.15    804.46   3059.80    919.87
 STATOR   9  EXIT     3116.05    804.59   3119.52    914.85
 ROTOR   10  INLET    3134.73    804.62   3147.58    912.24
 ROTOR   10  EXIT     3198.58    804.53   3186.81    908.30
 STATOR  10  INLET    3218.25    804.56   3213.28    906.02
 STATOR  10  EXIT     3265.26    804.68   3269.30    901.90
 ROTOR   11  INLET    3282.02    804.72   3293.30    900.14
 ROTOR   11  EXIT     3345.96    804.83   3335.00    897.08
 STATOR  11  INLET    3365.04    804.86   3358.75    895.38
 STATOR  11  EXIT     3412.08    804.94   3417.88    891.24
 ROTOR   12  INLET    3478.53    805.04   3486.45    886.62
 ROTOR   12  EXIT     3530.82    804.97   3525.41    884.11
 STATOR  12  INLET    3552.28    804.94   3549.71    882.60
 STATOR  12  EXIT     3595.35    804.87   3596.34    879.78
 ROTOR   13  INLET    3616.15    804.83   3627.09    877.90
 ROTOR   13  EXIT     3670.84    804.59   3659.97    875.87
 STATOR  13  INLET    3699.32    804.57   3697.26    874.16
 STATOR  13  EXIT     3740.09    804.57   3741.52    872.73
 OGV         INLET    3767.51    804.80   3767.85    872.29
 OGV         EXIT     3831.58    804.75   3831.27    872.30

 ROTOR BLADE GEOMETRY AND STAGE PRESSURE RATIO                                                                 STAGE
         BLADE                                                                         DELTA   DELTA         PRESSURE
 STAGE   TYPE  IFORM   S/C    T/C    BETA1   A/C  SHAPEK    O/S   NOB   BETA2 STAGGER   DEVN    LOSS   TCLHR   RATIO
   1      2      1    0.764  0.058  50.260  0.537  0.500  0.6642   20  28.400  42.570  0.000  0.0000  0.0046  1.5020
   2      2      1    0.715  0.067  51.170  0.465  0.500  0.6369   36  31.660  42.010  0.000  0.0000  0.0035  1.4850
   3      2      1    0.754  0.054  53.520  0.417  0.500  0.6170   42  33.020  43.550  0.000  0.0000  0.0030  1.4100
   4      2      1    0.750  0.053  55.830  0.399  0.500  0.6058   48  35.630  44.400  0.000  0.0000  0.0057  1.3180
   5      2      1    0.842  0.059  57.620  0.367  0.500  0.6191   46  35.290  44.840  0.000  0.0000  0.0056  1.2880
   6      3      1    0.926  0.082   0.000  0.500  0.000  0.6222   48   0.000   0.000  0.000  0.0000  0.0060  1.2010
   7      3      1    0.792  0.057   0.000  0.500  0.000  0.6238   63   0.000   0.000  0.000  0.0000  0.0083  1.1970
   8      3      1    1.010  0.079   0.000  0.500  0.000  0.6533   65   0.000   0.000  0.000  0.0000  0.0105  1.1800
   9      3      1    0.997  0.055   0.000  0.500  0.000  0.6802   67   0.000   0.000  0.000  0.0000  0.0171  1.1740
  10      3      1    0.863  0.058   0.000  0.500  0.000  0.6865   90   0.000   0.000  0.000  0.0000  0.0153  1.1670
  11      3      1    0.856  0.077   0.000  0.500  0.000  0.6731   88   0.000   0.000  0.000  0.0000  0.0146  1.1530
  12      3      1    0.913  0.067   0.000  0.500  0.000  0.6805   92   0.000   0.000  0.000  0.0000  0.0260  1.1450
  13      3      1    0.955  0.102   0.000  0.500  0.000  0.6775   95   0.000   0.000  0.000  0.0000  0.0334  1.1430


 STATOR BLADE GEOMETRY AND STATOR EXIT FLOW ANGLE
        BLADE                                                                          DELTA   DELTA          STATOR
 STAGE   TYPE  IFORM   S/C    T/C    BETA1   A/C  SHAPEK    O/S   NOB   BETA2 STAGGER   DEVN    LOSS   TCLHS  ALPHA4
   1      2      1    0.764  0.063  46.120  0.438  0.500  0.7474   34  10.560  26.560  0.000  0.0000  0.0038  20.690
   2      2      1    0.750  0.069  48.830  0.418  0.500  0.7216   46  13.135  28.190  0.000  0.0000  0.0047  22.120
   3      2      1    0.721  0.065  52.290  0.325  0.500  0.7153   54  22.290  33.860  0.000  0.0000  0.0061  27.860
   4      2      1    0.794  0.079  53.130  0.359  0.500  0.6715   58  27.940  38.350  0.000  0.0000  0.0115  32.680
   5      3      1    1.010  0.074   0.000  0.500  0.000  0.6535   54   0.000   0.000  0.000  0.0000  0.0118  39.310
   6      3      1    0.778  0.084   0.000  0.500  0.000  0.6401   72   0.000   0.000  0.000  0.0000  0.0093  38.520
   7      3      1    0.896  0.067   0.000  0.500  0.000  0.6514   74   0.000   0.000  0.000  0.0000  0.0131  38.790
   8      3      1    0.816  0.087   0.000  0.500  0.000  0.6454   76   0.000   0.000  0.000  0.0000  0.0111  38.450
   9      3      1    0.896  0.101   0.000  0.500  0.000  0.6503   78   0.000   0.000  0.000  0.0000  0.0208  38.010
  10      3      1    0.933  0.085   0.000  0.500  0.000  0.6727   86   0.000   0.000  0.000  0.0000  0.0232  36.700
  11      3      1    0.890  0.112   0.000  0.500  0.000  0.6591   90   0.000   0.000  0.000  0.0000  0.0181  35.960
  12      3      1    0.779  0.101   0.000  0.500  0.000  0.6588  118   0.000   0.000  0.000  0.0000  0.0382  35.280
  13      3      1    0.787  0.088   0.000  0.500  0.000  0.6700  120   0.000   0.000  0.000  0.0000  0.0347  35.220

 OUTLET GUIDE VANE GEOMETRY
        BLADE                                                                          DELTA   DELTA
         TYPE  IFORM   S/C    T/C    BETA1   A/C  SHAPEK    O/S   NOB   BETA2 STAGGER   DEVN    LOSS   TCLHS
          2      1    0.672  0.080  34.000  0.500  0.500  0.8044  120  -6.500  13.750  0.000  0.0000  0.0347

 INLET BLOCKAGE (PERCENT)
 HUB      CASING
 1.00      1.00

 ANNULUS BLOCKAGE (PERCENT)
 BLOCKAGE TYPE = 1                              1 - Blockage delta  2 - Total blockage
 STAGE    ROTOR INLET    ROTOR EXIT    STATOR INLET    STATOR EXIT
   1         0.00           0.00           0.00           0.00
   2         0.00           0.00           0.00           0.00
   3         0.00           0.00           0.00           0.00
   4         0.00           0.00           0.00           0.00
   5         0.00           0.00           0.00           0.00
   6         0.00           0.00           0.00           0.00
   7         0.00           0.00           0.00           0.00
   8         0.00           0.00           0.00           0.00
   9         0.00           0.00           0.00           0.00
  10         0.00           0.00           0.00           0.00
  11         0.00           0.00           0.00           0.00
  12         0.00           0.00           0.00           0.00
  13         0.00           0.00           0.00           0.00
  OGV                                      0.00           0.00

 3 BLEEDS SPECIFIED AFTER STAGES      5     8    11
 BLEED FLOWS (% OF INLET FLOW)     0.67  3.54  6.56

 VARIABLE BLEED SCHEDULE
 NUMBER OF VARIABLE BLEEDS = 0
 FRACTION OF
 DESIGN NRT      1        2        3
   0.00        0.20     0.40     1.60
   0.90        0.10     0.20     0.80
   0.95        0.05     0.10     0.40
   1.00        0.00     0.00     0.00
   1.10        0.00     0.00     0.00
 
 VARIABLE STATORS
 NUMBER OF VARIABLE STATORS = 3
 VG(1) = 0.3670
 VG(2) = 0.3330
 VG(3) = 0.2000

 ROTOR HPA DESIGN POINT DATA
 STAGE   BETA1   DBETA    T/C     AVDR   MACH1
   6    55.524  12.973   0.074   1.048   0.643
   7    55.259  14.054   0.057   1.044   0.614
   8    54.771  15.021   0.078   1.045   0.594
   9    53.742  16.155   0.054   1.040   0.573
  10    51.655  15.928   0.058   1.033   0.556
  11    52.356  16.570   0.077   1.038   0.545
  12    52.359  16.620   0.067   1.036   0.533
  13    52.220  16.170   0.101   1.026   0.526

 STATOR HPA DESIGN POINT DATA
 STAGE   BETA1   DBETA    T/C     AVDR   MACH1
   5    55.024  15.700   0.074   1.065   0.587
   6    53.290  14.943   0.084   1.043   0.578
   7    54.132  15.513   0.068   1.056   0.574
   8    53.880  15.780   0.087   1.057   0.569
   9    53.210  15.300   0.102   1.045   0.562
  10    52.478  15.960   0.085   1.045   0.555
  11    52.550  16.619   0.112   1.044   0.542
  12    52.099  16.968   0.058   1.037   0.528
  13    52.124  16.819   0.088   1.021   0.514

 LOSS MODEL                   = 1               0 - Miller-Wright   1 - Calvert's revisions
 SURGE MODEL                  = 5               1 - Density ratio   2 - Static pressure ratio  3 - Total pressure ratio  4 - Eta*Cp*DT  5 - PGK
 INCIDENCE TYPE               = 2               1 - Zero incidence  2 - Minimum loss incidence
 TIP CLEARANCE TYPE           = 1               1 - Clearance over height   2 - In millimeters
 DELTA LOSS FOR ALL ROWS      = 0.00000
 DELTA DEVIATION FOR ALL ROWS = -0.7320
 LOSS FACTOR FOR ALL ROWS     = 1.0000
 BLOCKAGE FACTOR FOR ALL ROWS = 1.000
 
 HPA MINIMUM LOSS CORR.       = 1.8840
 HPA OPERATING RANGE CORR.    = 1.0000
 CDA DEVIATION CORRECTION     = 1.0000
 CDA MAXIMUM CAMBER CORR.     = 12.0000
 CDA DIFFUSION CORRECTION     = 0.2500
 CDA CHOKE CHARACTERISTIC EXP = 3.0000
 CDA SURGE CHARACTERISTIC EXP = 3.0000
 CDA REF. INCIDENCE CORR.     = 0.1100
 CDA MINIMUM LOSS CORRECTION  = 2.0160
 CDA TRANSONIC LOSS CORR.     = 0.6000
 CDA SUPERCRITICAL LOSS EXP   = 5.0000
 CDA SUPERCRITICAL LOSS EXP   = 0.0300
 NACA CHOKE CHARACTERISTIC EXP= 2.0000
 NACA SURGE CHARACTERISTIC EXP= 2.0000
 NACA MINIMUM LOSS CORRECTION = 1.1400
 
 DIFFUSER CALIBRATION FACTOR  = 1.0000
 DIFFUSER AREA RATIO          = 2.2791
 
 AT DESIGN POINT :
         SHAFT SPEED          = 3708.64
         MASS FLOW            = 547.837
         AMBIENT TEMPERATURE  = 31.41
         AMBIENT REL HUMIDITY = 25.4
         INLET FLANGE PRESSURE= 1.00770
         SCROLL CALIB. COEFF. = 1.0000
         IGV POSITION         = 5.48            POSITIVE IS CLOSED
         USE GIVEN IGV DP/Pin = 0               0 - NO   1 - YES
         IGV DELTA P/Pin      = 0.0050
         USE GIVEN R1 ALPHA   = 1               0 - NO   1 - YES
         IGV EXIT ANGLE COEFF.= 0.9726
         ROTOR 1 INLET ALPHA  = 15.62           AT THE NOMINAL IGV POSITION

 NUMBER OF SPEEDLINES = 1
 NO OF PTS    TEMP    SHAFT SPEED    REL HUMIDITY    MASS FLOW
    -9       31.41      3708.72         25.37
 
 
 VARIABLE STATOR RESTAGGERS     1        2        3        
                      DBETA    2.01     1.82     1.10
                     BETA1B   48.13    50.65    53.39
                     BETA2B   12.57    14.96    23.39
                    STAGGER   28.57    30.01    34.96  
 
 
 
         **   COMPRESSOR MEAN LINE OFF-DESIGN PROGRAM  Version 2.0b dev **
 
SPEEDLINE  1    NRT =  3606.4    TEMP =  31.4    GAS CONSTANT = 288.34
 
 
INLET SUMMARY
       SCROLL  IGV INLET   IGV     ---IGV EXIT---
POINT   DP/P       PT      DP/P      PT     ALPHA
   1   0.0064    1.0012   0.0088   0.9924   20.95
   2   0.0064    1.0012   0.0088   0.9925   20.95
   3   0.0064    1.0012   0.0087   0.9925   20.95
   4   0.0064    1.0013   0.0087   0.9925   20.95
   5   0.0064    1.0013   0.0087   0.9926   20.95
   6   0.0063    1.0013   0.0086   0.9927   20.95
   7   0.0063    1.0013   0.0086   0.9927   20.95
   8   0.0063    1.0014   0.0085   0.9928   20.95
   9   0.0062    1.0014   0.0085   0.9929   20.95
 
 
STAGE  1 SUMMARY
POINT   ALF1   ALF2   ALF3   ALF4   DEFR   DEFS     WR     WS    MNR    MNS    DFR    DFS   INCR   INCS
   1  -52.07 -34.59  47.01  19.61  17.49  27.40  0.042  0.037  0.960  0.792  0.460  0.416   1.81  -1.12
   2  -52.09 -34.60  47.03  19.61  17.50  27.42  0.042  0.037  0.960  0.791  0.460  0.416   1.83  -1.10
   3  -52.15 -34.62  47.09  19.64  17.53  27.45  0.042  0.037  0.959  0.791  0.462  0.418   1.89  -1.04
   4  -52.24 -34.66  47.19  19.67  17.58  27.51  0.043  0.037  0.959  0.790  0.464  0.420   1.98  -0.94
   5  -52.37 -34.71  47.31  19.72  17.65  27.59  0.043  0.037  0.958  0.789  0.467  0.422   2.11  -0.82
   6  -52.52 -34.78  47.46  19.78  17.74  27.68  0.044  0.038  0.957  0.787  0.470  0.425   2.26  -0.67
   7  -52.69 -34.86  47.63  19.84  17.83  27.78  0.044  0.038  0.956  0.785  0.474  0.429   2.43  -0.50
   8  -52.87 -34.94  47.80  19.91  17.93  27.89  0.045  0.038  0.954  0.784  0.478  0.433   2.61  -0.33
   9  -53.06 -35.03  47.97  19.99  18.03  27.99  0.046  0.039  0.953  0.782  0.482  0.436   2.80  -0.16
 
POINT    PS1    PS2    PS3    PS4    PT0    PT1    PT2    PT3    PT4    UM      T0    DEVR   DEVS
   1   0.759  1.028  1.009  1.208  0.992  1.371  1.333  1.525  1.506 329.05  304.56   6.19   7.03
   2   0.759  1.028  1.009  1.209  0.992  1.371  1.333  1.525  1.506 329.05  304.56   6.20   7.04
   3   0.760  1.029  1.011  1.210  0.992  1.372  1.334  1.526  1.507 329.05  304.56   6.22   7.06
   4   0.761  1.031  1.013  1.213  0.993  1.373  1.334  1.528  1.508 329.05  304.56   6.26   7.10
   5   0.762  1.034  1.015  1.217  0.993  1.374  1.336  1.530  1.510 329.05  304.56   6.31   7.15
   6   0.764  1.037  1.018  1.221  0.993  1.376  1.337  1.532  1.513 329.05  304.56   6.38   7.21
   7   0.766  1.040  1.022  1.225  0.993  1.378  1.338  1.535  1.515 329.05  304.56   6.46   7.27
   8   0.768  1.043  1.025  1.230  0.993  1.380  1.340  1.537  1.518 329.05  304.56   6.54   7.34
   9   0.770  1.046  1.029  1.234  0.993  1.382  1.341  1.540  1.520 329.05  304.56   6.63   7.41
 
POINT INCCHR INCMLR INCOPR INCPSR INCCHS INCMLS INCOPS INCPSS ALFCHR ALFCHS    CMR    CMS   BLK1   BLK2   BLK3   BLK4
   1   -0.24   3.01   3.34   8.03  -6.80  -1.63  -0.34   4.70  50.02  41.33   4.11  13.74   2.00   2.24   1.95   2.43
   2   -0.24   3.01   3.34   8.03  -6.81  -1.63  -0.34   4.70  50.02  41.33   4.15  13.80   2.00   2.24   1.95   2.44
   3   -0.24   3.01   3.34   8.03  -6.82  -1.63  -0.34   4.70  50.02  41.31   4.26  13.99   2.00   2.25   1.96   2.45
   4   -0.24   3.01   3.34   8.03  -6.85  -1.64  -0.34   4.70  50.02  41.29   4.44  14.29   2.00   2.27   1.98   2.48
   5   -0.24   3.01   3.34   8.03  -6.88  -1.65  -0.34   4.70  50.02  41.25   4.69  14.69   2.00   2.30   2.00   2.52
   6   -0.24   3.00   3.34   8.03  -6.92  -1.66  -0.34   4.70  50.02  41.21   4.99  15.17   2.00   2.34   2.03   2.57
   7   -0.24   3.00   3.34   8.03  -6.96  -1.67  -0.34   4.70  50.02  41.17   5.33  15.70   2.00   2.37   2.07   2.63
   8   -0.24   2.99   3.34   8.03  -7.01  -1.68  -0.34   4.70  50.02  41.12   5.70  16.25   2.00   2.42   2.10   2.68
   9   -0.24   2.99   3.34   8.03  -7.06  -1.70  -0.34   4.70  50.02  41.07   6.07  16.81   2.00   2.47   2.14   2.74
 
POINT WR-PRF WR-SHK WR-TIP WR-SEC WS-PRF WS-SHK WS-TIP WS-SEC   O/SR   O/SS  CLV2R  CLV2S   DEHR   DEHS    LG2   KOCH
   1   0.028  0.004  0.001  0.009  0.028  0.000  0.001  0.008  0.664  0.747  1.108  1.159  0.688  0.754  1.510  0.558
   2   0.028  0.004  0.001  0.009  0.028  0.000  0.001  0.008  0.664  0.747  1.110  1.160  0.687  0.754  1.510  0.558
   3   0.028  0.004  0.001  0.009  0.029  0.000  0.001  0.008  0.664  0.747  1.113  1.164  0.686  0.753  1.510  0.559
   4   0.029  0.004  0.001  0.009  0.029  0.000  0.001  0.008  0.664  0.747  1.119  1.169  0.685  0.751  1.511  0.561
   5   0.029  0.004  0.001  0.009  0.029  0.000  0.001  0.008  0.664  0.747  1.127  1.177  0.683  0.750  1.512  0.564
   6   0.030  0.003  0.001  0.010  0.029  0.000  0.001  0.008  0.664  0.747  1.137  1.185  0.681  0.747  1.513  0.567
   7   0.031  0.003  0.001  0.010  0.029  0.000  0.001  0.008  0.664  0.747  1.147  1.195  0.678  0.745  1.514  0.570
   8   0.032  0.003  0.001  0.010  0.030  0.000  0.001  0.008  0.664  0.747  1.158  1.204  0.676  0.743  1.515  0.573
   9   0.033  0.003  0.001  0.010  0.030  0.000  0.001  0.008  0.664  0.747  1.169  1.214  0.673  0.740  1.516  0.575
 
POINT   VAU1   VAU2   VAU3   VAU4  DHUSQ EDHUSQ   DT/T  R_TOT R_STAT    PTS SPRCIR SPRCIS SPRCCR SPRCCS ETAADI
   1   0.605  0.549  0.578  0.591  0.382  0.353  0.136  1.517  1.593  1.217  0.541  0.452  0.440  0.386 0.9248
   2   0.605  0.548  0.577  0.591  0.382  0.353  0.136  1.517  1.593  1.218  0.542  0.452  0.440  0.386 0.9248
   3   0.604  0.548  0.576  0.589  0.383  0.354  0.137  1.518  1.594  1.220  0.543  0.454  0.441  0.387 0.9248
   4   0.602  0.546  0.575  0.588  0.384  0.355  0.137  1.520  1.595  1.222  0.544  0.455  0.442  0.389 0.9247
   5   0.600  0.544  0.573  0.586  0.385  0.356  0.137  1.522  1.596  1.226  0.546  0.458  0.444  0.391 0.9245
   6   0.598  0.542  0.570  0.583  0.387  0.357  0.138  1.524  1.598  1.230  0.548  0.460  0.446  0.394 0.9242
   7   0.595  0.540  0.568  0.580  0.388  0.359  0.139  1.526  1.600  1.234  0.551  0.463  0.448  0.397 0.9237
   8   0.592  0.537  0.565  0.577  0.390  0.360  0.139  1.529  1.601  1.239  0.553  0.467  0.449  0.400 0.9230
   9   0.589  0.535  0.562  0.574  0.392  0.361  0.140  1.531  1.602  1.243  0.556  0.470  0.451  0.402 0.9222
 
 
STAGE  2 SUMMARY
POINT   ALF1   ALF2   ALF3   ALF4   DEFR   DEFS     WR     WS    MNR    MNS    DFR    DFS   INCR   INCS
   1  -52.47 -36.75  45.98  21.10  15.71  24.88  0.038  0.040  0.922  0.731  0.424  0.381   1.30  -4.67
   2  -52.48 -36.76  46.01  21.11  15.72  24.90  0.038  0.040  0.922  0.730  0.424  0.382   1.31  -4.65
   3  -52.54 -36.78  46.10  21.12  15.76  24.98  0.038  0.040  0.921  0.730  0.426  0.384   1.37  -4.56
   4  -52.63 -36.81  46.23  21.14  15.82  25.09  0.038  0.039  0.920  0.729  0.428  0.387   1.46  -4.42
   5  -52.74 -36.84  46.41  21.17  15.90  25.24  0.038  0.039  0.918  0.728  0.431  0.391   1.57  -4.25
   6  -52.88 -36.89  46.62  21.21  15.99  25.41  0.038  0.039  0.916  0.727  0.434  0.396   1.71  -4.04
   7  -53.03 -36.94  46.84  21.26  16.08  25.59  0.038  0.039  0.914  0.725  0.438  0.401   1.86  -3.81
   8  -53.18 -37.00  47.08  21.31  16.18  25.77  0.039  0.039  0.912  0.724  0.442  0.406   2.01  -3.58
   9  -53.34 -37.06  47.31  21.36  16.28  25.95  0.039  0.039  0.910  0.722  0.446  0.411   2.17  -3.35
 
POINT    PS1    PS2    PS3    PS4    PT0    PT1    PT2    PT3    PT4    UM      T0    DEVR   DEVS
   1   1.187  1.587  1.566  1.819  1.506  2.055  2.036  2.232  2.206 335.21  346.09   5.09   6.14
   2   1.188  1.587  1.567  1.821  1.506  2.055  2.036  2.233  2.207 335.21  346.11   5.10   6.15
   3   1.189  1.590  1.570  1.825  1.507  2.057  2.038  2.236  2.210 335.21  346.18   5.12   6.16
   4   1.192  1.594  1.574  1.831  1.508  2.059  2.040  2.240  2.214 335.21  346.29   5.15   6.18
   5   1.196  1.600  1.580  1.839  1.510  2.062  2.043  2.246  2.220 335.21  346.43   5.18   6.21
   6   1.200  1.606  1.586  1.849  1.513  2.065  2.046  2.252  2.226 335.21  346.59   5.23   6.25
   7   1.205  1.612  1.593  1.859  1.515  2.069  2.049  2.259  2.233 335.21  346.78   5.28   6.30
   8   1.210  1.619  1.600  1.869  1.518  2.072  2.052  2.266  2.240 335.21  346.97   5.34   6.35
   9   1.215  1.626  1.607  1.879  1.520  2.076  2.056  2.272  2.246 335.21  347.16   5.40   6.40
 
POINT INCCHR INCMLR INCOPR INCPSR INCCHS INCMLS INCOPS INCPSS ALFCHR ALFCHS    CMR    CMS   BLK1   BLK2   BLK3   BLK4
   1    0.50   3.51   4.29   8.91  -9.46  -3.13  -0.64   4.16  51.67  41.19   1.54  11.62   2.16   1.57   1.46   1.51
   2    0.50   3.51   4.29   8.91  -9.47  -3.13  -0.64   4.16  51.67  41.19   1.58  11.71   2.17   1.57   1.46   1.52
   3    0.49   3.51   4.29   8.91  -9.49  -3.13  -0.64   4.16  51.66  41.17   1.70  11.97   2.18   1.58   1.47   1.54
   4    0.48   3.50   4.29   8.91  -9.52  -3.14  -0.64   4.16  51.65  41.13   1.88  12.39   2.21   1.60   1.49   1.56
   5    0.47   3.49   4.29   8.91  -9.56  -3.14  -0.64   4.16  51.64  41.09   2.13  12.94   2.24   1.62   1.51   1.60
   6    0.46   3.48   4.29   8.91  -9.61  -3.15  -0.64   4.16  51.63  41.04   2.42  13.58   2.28   1.65   1.54   1.64
   7    0.44   3.46   4.29   8.91  -9.67  -3.16  -0.64   4.16  51.61  40.99   2.74  14.29   2.33   1.68   1.56   1.69
   8    0.43   3.45   4.29   8.91  -9.72  -3.17  -0.64   4.16  51.60  40.93   3.08  15.02   2.38   1.71   1.59   1.74
   9    0.41   3.43   4.29   8.91  -9.78  -3.18  -0.64   4.16  51.58  40.88   3.41  15.74   2.43   1.74   1.62   1.79
 
POINT WR-PRF WR-SHK WR-TIP WR-SEC WS-PRF WS-SHK WS-TIP WS-SEC   O/SR   O/SS  CLV2R  CLV2S   DEHR   DEHS    LG2   KOCH
   1   0.029  0.000  0.000  0.008  0.030  0.000  0.001  0.009  0.637  0.722  0.953  1.049  0.704  0.767  1.637  0.544
   2   0.029  0.000  0.000  0.008  0.030  0.000  0.001  0.009  0.637  0.722  0.954  1.051  0.703  0.767  1.637  0.545
   3   0.029  0.000  0.000  0.008  0.030  0.000  0.001  0.009  0.637  0.722  0.958  1.057  0.702  0.765  1.637  0.547
   4   0.029  0.000  0.000  0.008  0.030  0.000  0.001  0.009  0.637  0.722  0.964  1.066  0.701  0.763  1.638  0.550
   5   0.029  0.000  0.000  0.008  0.030  0.000  0.001  0.009  0.637  0.722  0.972  1.078  0.699  0.760  1.638  0.553
   6   0.029  0.000  0.000  0.008  0.030  0.000  0.001  0.009  0.637  0.722  0.982  1.092  0.696  0.757  1.639  0.557
   7   0.030  0.000  0.000  0.008  0.030  0.000  0.001  0.008  0.637  0.722  0.992  1.108  0.694  0.754  1.640  0.562
   8   0.030  0.000  0.001  0.008  0.030  0.000  0.001  0.008  0.637  0.722  1.003  1.124  0.691  0.750  1.641  0.566
   9   0.030  0.000  0.001  0.008  0.030  0.000  0.001  0.008  0.637  0.722  1.014  1.140  0.688  0.746  1.642  0.570
 
POINT   VAU1   VAU2   VAU3   VAU4  DHUSQ EDHUSQ   DT/T  R_TOT R_STAT    PTS SPRCIR SPRCIS SPRCCR SPRCCS ETAADI
   1   0.605  0.548  0.570  0.571  0.391  0.363  0.123  1.465  1.533  1.208  0.526  0.444  0.460  0.380 0.9285
   2   0.605  0.548  0.569  0.570  0.391  0.363  0.123  1.465  1.533  1.209  0.526  0.444  0.461  0.380 0.9285
   3   0.603  0.547  0.568  0.569  0.392  0.364  0.123  1.466  1.534  1.211  0.527  0.446  0.462  0.382 0.9287
   4   0.602  0.545  0.566  0.567  0.393  0.365  0.124  1.468  1.536  1.214  0.529  0.449  0.464  0.385 0.9289
   5   0.599  0.543  0.564  0.564  0.394  0.366  0.124  1.469  1.538  1.218  0.531  0.453  0.466  0.389 0.9292
   6   0.597  0.540  0.561  0.561  0.396  0.368  0.125  1.471  1.540  1.222  0.534  0.458  0.469  0.394 0.9294
   7   0.594  0.537  0.558  0.557  0.397  0.369  0.125  1.474  1.542  1.227  0.536  0.462  0.471  0.399 0.9296
   8   0.590  0.534  0.555  0.554  0.399  0.371  0.125  1.476  1.544  1.231  0.539  0.467  0.474  0.404 0.9297
   9   0.587  0.531  0.552  0.550  0.401  0.373  0.126  1.478  1.546  1.236  0.542  0.472  0.477  0.409 0.9297
 
 
STAGE  3 SUMMARY
POINT   ALF1   ALF2   ALF3   ALF4   DEFR   DEFS     WR     WS    MNR    MNS    DFR    DFS   INCR   INCS
   1  -53.17 -37.80  47.73  27.40  15.37  20.33  0.038  0.046  0.861  0.685  0.426  0.348  -0.35  -5.65
   2  -53.19 -37.80  47.77  27.40  15.39  20.37  0.038  0.045  0.861  0.684  0.426  0.349  -0.33  -5.61
   3  -53.27 -37.83  47.89  27.41  15.44  20.48  0.038  0.045  0.860  0.684  0.428  0.352  -0.25  -5.50
   4  -53.40 -37.87  48.06  27.41  15.53  20.65  0.038  0.045  0.859  0.683  0.432  0.356  -0.12  -5.32
   5  -53.56 -37.92  48.29  27.41  15.64  20.88  0.038  0.044  0.857  0.681  0.436  0.362   0.04  -5.10
   6  -53.75 -37.98  48.55  27.41  15.77  21.13  0.039  0.044  0.855  0.680  0.441  0.369   0.23  -4.84
   7  -53.95 -38.05  48.82  27.43  15.90  21.39  0.039  0.043  0.853  0.678  0.446  0.375   0.43  -4.56
   8  -54.16 -38.12  49.10  27.46  16.04  21.64  0.039  0.043  0.851  0.677  0.451  0.382   0.64  -4.28
   9  -54.36 -38.19  49.38  27.49  16.16  21.88  0.040  0.043  0.849  0.675  0.457  0.389   0.84  -4.01
 
POINT    PS1    PS2    PS3    PS4    PT0    PT1    PT2    PT3    PT4    UM      T0    DEVR   DEVS
   1   1.796  2.325  2.307  2.638  2.206  2.910  2.885  3.152  3.114 340.41  388.74   4.78   4.02
   2   1.798  2.327  2.309  2.641  2.207  2.912  2.886  3.154  3.116 340.41  388.79   4.78   4.02
   3   1.802  2.333  2.315  2.650  2.210  2.916  2.890  3.161  3.123 340.41  388.93   4.81   4.02
   4   1.808  2.343  2.325  2.664  2.214  2.923  2.897  3.172  3.134 340.41  389.15   4.85   4.02
   5   1.817  2.355  2.338  2.682  2.220  2.932  2.906  3.185  3.148 340.41  389.43   4.90   4.03
   6   1.827  2.369  2.352  2.703  2.226  2.942  2.916  3.201  3.163 340.41  389.77   4.96   4.03
   7   1.837  2.383  2.367  2.724  2.233  2.952  2.926  3.216  3.180 340.41  390.13   5.03   4.05
   8   1.848  2.398  2.382  2.745  2.240  2.963  2.936  3.232  3.196 340.41  390.51   5.10   4.07
   9   1.858  2.412  2.396  2.765  2.246  2.973  2.945  3.247  3.211 340.41  390.88   5.17   4.10
 
POINT INCCHR INCMLR INCOPR INCPSR INCCHS INCMLS INCOPS INCPSS ALFCHR ALFCHS    CMR    CMS   BLK1   BLK2   BLK3   BLK4
   1   -1.19   1.89   3.57   7.94 -14.06  -5.60   0.75   5.28  52.33  39.33   1.60  21.37   1.42   1.23   1.21   1.06
   2   -1.20   1.88   3.57   7.94 -14.07  -5.60   0.75   5.28  52.32  39.32   1.66  21.50   1.43   1.23   1.21   1.06
   3   -1.20   1.88   3.57   7.94 -14.10  -5.60   0.75   5.28  52.32  39.29   1.83  21.88   1.44   1.25   1.23   1.08
   4   -1.22   1.87   3.57   7.94 -14.15  -5.60   0.75   5.28  52.30  39.24   2.10  22.49   1.47   1.27   1.25   1.11
   5   -1.24   1.86   3.57   7.94 -14.21  -5.60   0.75   5.28  52.28  39.18   2.44  23.26   1.50   1.31   1.28   1.15
   6   -1.26   1.85   3.57   7.94 -14.28  -5.60   0.75   5.28  52.26  39.10   2.85  24.15   1.54   1.35   1.32   1.19
   7   -1.28   1.84   3.57   7.94 -14.36  -5.60   0.75   5.28  52.24  39.02   3.28  25.11   1.58   1.39   1.36   1.24
   8   -1.31   1.83   3.57   7.94 -14.45  -5.60   0.75   5.28  52.21  38.94   3.73  26.10   1.63   1.43   1.40   1.29
   9   -1.34   1.82   3.57   7.94 -14.53  -5.60   0.75   5.28  52.18  38.86   4.17  27.06   1.68   1.47   1.44   1.34
 
POINT WR-PRF WR-SHK WR-TIP WR-SEC WS-PRF WS-SHK WS-TIP WS-SEC   O/SR   O/SS  CLV2R  CLV2S   DEHR   DEHS    LG2   KOCH
   1   0.029  0.000  0.000  0.009  0.035  0.000  0.001  0.009  0.617  0.715  1.025  0.915  0.705  0.771  1.649  0.559
   2   0.029  0.000  0.000  0.009  0.035  0.000  0.001  0.009  0.617  0.715  1.027  0.918  0.704  0.771  1.649  0.560
   3   0.029  0.000  0.000  0.009  0.035  0.000  0.001  0.009  0.617  0.715  1.033  0.927  0.703  0.769  1.649  0.563
   4   0.029  0.000  0.000  0.009  0.035  0.000  0.001  0.009  0.617  0.715  1.043  0.940  0.701  0.765  1.650  0.567
   5   0.029  0.000  0.000  0.009  0.034  0.000  0.001  0.009  0.617  0.715  1.056  0.958  0.698  0.761  1.650  0.572
   6   0.029  0.000  0.000  0.009  0.034  0.000  0.001  0.009  0.617  0.715  1.071  0.979  0.694  0.757  1.651  0.578
   7   0.029  0.000  0.000  0.009  0.033  0.000  0.001  0.009  0.617  0.715  1.086  1.000  0.691  0.752  1.652  0.584
   8   0.030  0.000  0.000  0.009  0.033  0.000  0.001  0.009  0.617  0.715  1.102  1.022  0.687  0.747  1.653  0.590
   9   0.030  0.000  0.001  0.009  0.033  0.000  0.001  0.009  0.617  0.715  1.118  1.043  0.684  0.742  1.655  0.596
 
POINT   VAU1   VAU2   VAU3   VAU4  DHUSQ EDHUSQ   DT/T  R_TOT R_STAT    PTS SPRCIR SPRCIS SPRCCR SPRCCS ETAADI
   1   0.582  0.523  0.539  0.524  0.384  0.354  0.110  1.412  1.468  1.196  0.535  0.458  0.474  0.391 0.9241
   2   0.582  0.523  0.538  0.523  0.384  0.355  0.111  1.412  1.469  1.197  0.536  0.459  0.475  0.392 0.9243
   3   0.580  0.521  0.537  0.522  0.385  0.356  0.111  1.413  1.471  1.199  0.537  0.461  0.477  0.395 0.9248
   4   0.578  0.519  0.535  0.519  0.387  0.358  0.111  1.416  1.473  1.203  0.540  0.466  0.479  0.400 0.9255
   5   0.575  0.516  0.532  0.516  0.389  0.360  0.112  1.418  1.476  1.208  0.543  0.472  0.483  0.406 0.9263
   6   0.572  0.513  0.528  0.512  0.391  0.363  0.112  1.421  1.480  1.214  0.547  0.478  0.486  0.413 0.9270
   7   0.568  0.510  0.525  0.508  0.394  0.365  0.113  1.424  1.483  1.220  0.551  0.485  0.490  0.420 0.9276
   8   0.565  0.506  0.521  0.504  0.396  0.368  0.114  1.427  1.486  1.226  0.554  0.491  0.494  0.427 0.9280
   9   0.561  0.503  0.517  0.500  0.399  0.370  0.114  1.430  1.488  1.231  0.558  0.497  0.497  0.433 0.9282
 
 
STAGE  4 SUMMARY
POINT   ALF1   ALF2   ALF3   ALF4   DEFR   DEFS     WR     WS    MNR    MNS    DFR    DFS   INCR   INCS
   1  -54.02 -39.70  50.59  32.23  14.32  18.36  0.041  0.040  0.764  0.639  0.392  0.381  -1.81  -2.54
   2  -54.06 -39.71  50.65  32.24  14.35  18.41  0.041  0.040  0.764  0.639  0.393  0.382  -1.77  -2.48
   3  -54.18 -39.73  50.81  32.27  14.45  18.54  0.041  0.040  0.763  0.639  0.397  0.386  -1.65  -2.32
   4  -54.37 -39.77  51.07  32.32  14.60  18.75  0.041  0.040  0.762  0.638  0.403  0.393  -1.46  -2.06
   5  -54.61 -39.83  51.39  32.38  14.78  19.00  0.041  0.040  0.761  0.636  0.410  0.401  -1.22  -1.74
   6  -54.89 -39.90  51.74  32.47  14.99  19.28  0.041  0.040  0.759  0.635  0.417  0.410  -0.94  -1.39
   7  -55.17 -39.98  52.11  32.56  15.19  19.55  0.041  0.040  0.758  0.633  0.425  0.419  -0.66  -1.02
   8  -55.45 -40.06  52.47  32.66  15.39  19.81  0.041  0.041  0.756  0.632  0.433  0.428  -0.38  -0.66
   9  -55.72 -40.15  52.80  32.76  15.58  20.05  0.042  0.041  0.755  0.631  0.441  0.437  -0.11  -0.33
 
POINT    PS1    PS2    PS3    PS4    PT0    PT1    PT2    PT3    PT4    UM      T0    DEVR   DEVS
   1   2.622  3.180  3.167  3.587  3.114  3.850  3.811  4.162  4.122 344.39  431.69   4.07   4.29
   2   2.625  3.185  3.172  3.593  3.116  3.854  3.814  4.168  4.128 344.39  431.78   4.08   4.30
   3   2.635  3.199  3.186  3.612  3.123  3.865  3.826  4.184  4.144 344.39  432.04   4.10   4.33
   4   2.649  3.221  3.208  3.641  3.134  3.883  3.843  4.209  4.169 344.39  432.45   4.14   4.38
   5   2.667  3.248  3.235  3.677  3.148  3.905  3.865  4.241  4.201 344.39  432.98   4.20   4.44
   6   2.688  3.279  3.266  3.717  3.163  3.930  3.890  4.276  4.236 344.39  433.58   4.27   4.53
   7   2.709  3.310  3.298  3.758  3.180  3.955  3.915  4.312  4.271 344.39  434.23   4.35   4.62
   8   2.731  3.341  3.328  3.798  3.196  3.980  3.939  4.348  4.306 344.39  434.88   4.43   4.72
   9   2.751  3.369  3.357  3.834  3.211  4.004  3.962  4.380  4.338 344.39  435.52   4.52   4.82
 
POINT INCCHR INCMLR INCOPR INCPSR INCCHS INCMLS INCOPS INCPSS ALFCHR ALFCHS    CMR    CMS   BLK1   BLK2   BLK3   BLK4
   1   -4.62  -0.53   3.48   7.65 -12.09  -3.13   1.88   6.31  51.21  41.04   5.49  23.25   1.06   1.04   1.08   1.38
   2   -4.63  -0.53   3.48   7.65 -12.10  -3.13   1.88   6.31  51.20  41.03   5.58  23.43   1.06   1.05   1.09   1.39
   3   -4.64  -0.54   3.48   7.65 -12.13  -3.13   1.88   6.31  51.19  41.00   5.85  23.93   1.08   1.07   1.11   1.43
   4   -4.66  -0.54   3.48   7.65 -12.18  -3.13   1.88   6.31  51.17  40.95   6.26  24.71   1.11   1.10   1.14   1.49
   5   -4.69  -0.55   3.48   7.65 -12.25  -3.14   1.88   6.31  51.14  40.88   6.80  25.69   1.14   1.15   1.18   1.58
   6   -4.72  -0.56   3.48   7.65 -12.32  -3.14   1.88   6.31  51.11  40.81   7.40  26.80   1.18   1.20   1.23   1.67
   7   -4.76  -0.56   3.48   7.65 -12.40  -3.15   1.88   6.31  51.07  40.73   8.03  27.94   1.23   1.26   1.29   1.78
   8   -4.79  -0.57   3.48   7.65 -12.48  -3.15   1.88   6.31  51.04  40.65   8.66  29.07   1.27   1.33   1.35   1.89
   9   -4.83  -0.58   3.48   7.65 -12.56  -3.16   1.88   6.31  51.00  40.57   9.26  30.14   1.32   1.39   1.41   1.99
 
POINT WR-PRF WR-SHK WR-TIP WR-SEC WS-PRF WS-SHK WS-TIP WS-SEC   O/SR   O/SS  CLV2R  CLV2S   DEHR   DEHS    LG2   KOCH
   1   0.031  0.000  0.001  0.010  0.029  0.000  0.002  0.009  0.606  0.671  0.942  1.009  0.727  0.752  1.641  0.530
   2   0.031  0.000  0.001  0.010  0.029  0.000  0.002  0.009  0.606  0.671  0.946  1.014  0.726  0.751  1.641  0.531
   3   0.031  0.000  0.001  0.010  0.029  0.000  0.002  0.009  0.606  0.671  0.956  1.027  0.724  0.748  1.642  0.535
   4   0.031  0.000  0.001  0.010  0.029  0.000  0.002  0.009  0.606  0.671  0.973  1.047  0.720  0.743  1.643  0.541
   5   0.031  0.000  0.001  0.010  0.029  0.000  0.002  0.009  0.606  0.671  0.994  1.072  0.715  0.738  1.644  0.548
   6   0.031  0.000  0.001  0.010  0.030  0.000  0.002  0.009  0.606  0.671  1.018  1.099  0.709  0.732  1.646  0.556
   7   0.031  0.000  0.001  0.010  0.030  0.000  0.002  0.009  0.606  0.671  1.043  1.128  0.704  0.725  1.648  0.564
   8   0.031  0.000  0.001  0.010  0.030  0.000  0.002  0.009  0.606  0.671  1.067  1.156  0.698  0.719  1.650  0.571
   9   0.031  0.000  0.001  0.010  0.030  0.000  0.002  0.009  0.606  0.671  1.090  1.182  0.693  0.714  1.652  0.578
 
POINT   VAU1   VAU2   VAU3   VAU4  DHUSQ EDHUSQ   DT/T  R_TOT R_STAT    PTS SPRCIR SPRCIS SPRCCR SPRCCS ETAADI
   1   0.529  0.482  0.492  0.472  0.334  0.308  0.089  1.324  1.368  1.152  0.516  0.481  0.455  0.422 0.9221
   2   0.529  0.482  0.492  0.472  0.335  0.309  0.089  1.325  1.369  1.153  0.517  0.482  0.456  0.423 0.9223
   3   0.527  0.480  0.490  0.470  0.337  0.311  0.089  1.327  1.371  1.156  0.520  0.486  0.459  0.427 0.9228
   4   0.524  0.477  0.487  0.467  0.340  0.314  0.090  1.330  1.374  1.162  0.524  0.492  0.463  0.432 0.9236
   5   0.521  0.473  0.483  0.463  0.344  0.318  0.091  1.334  1.378  1.168  0.530  0.499  0.469  0.439 0.9246
   6   0.517  0.469  0.479  0.458  0.349  0.323  0.092  1.339  1.383  1.175  0.536  0.506  0.476  0.446 0.9254
   7   0.513  0.465  0.474  0.454  0.353  0.327  0.093  1.343  1.387  1.182  0.543  0.513  0.482  0.454 0.9261
   8   0.508  0.461  0.470  0.450  0.357  0.331  0.094  1.347  1.391  1.188  0.549  0.521  0.488  0.461 0.9265
   9   0.504  0.457  0.466  0.446  0.361  0.334  0.095  1.351  1.394  1.194  0.555  0.527  0.494  0.467 0.9267
 
 
STAGE  5 SUMMARY
POINT   ALF1   ALF2   ALF3   ALF4   DEFR   DEFS     WR     WS    MNR    MNS    DFR    DFS   INCR   INCS
   1  -55.67 -39.67  53.81  38.86  16.00  14.95  0.040  0.035  0.691  0.616  0.420  0.368  -1.95  -7.07
   2  -55.72 -39.68  53.87  38.87  16.04  15.01  0.040  0.035  0.691  0.616  0.421  0.370  -1.90  -7.01
   3  -55.87 -39.72  54.05  38.88  16.15  15.17  0.040  0.035  0.690  0.615  0.426  0.376  -1.75  -6.83
   4  -56.10 -39.79  54.33  38.90  16.31  15.43  0.040  0.035  0.689  0.614  0.433  0.384  -1.52  -6.55
   5  -56.39 -39.88  54.66  38.91  16.51  15.75  0.041  0.036  0.688  0.613  0.441  0.395  -1.23  -6.22
   6  -56.70 -39.99  55.03  38.93  16.72  16.10  0.041  0.036  0.686  0.611  0.450  0.406  -0.92  -5.86
   7  -57.02 -40.10  55.39  38.92  16.92  16.46  0.042  0.036  0.684  0.610  0.459  0.417  -0.60  -5.50
   8  -57.33 -40.22  55.73  38.93  17.11  16.80  0.043  0.037  0.682  0.608  0.468  0.427  -0.29  -5.15
   9  -57.62 -40.33  56.04  38.94  17.29  17.10  0.044  0.037  0.680  0.606  0.476  0.436   0.00  -4.84
 
POINT    PS1    PS2    PS3    PS4    PT0    PT1    PT2    PT3    PT4    UM      T0    DEVR   DEVS
   1   3.573  4.192  4.179  4.674  4.122  4.907  4.853  5.387  5.345 345.25  470.00   4.38   5.68
   2   3.580  4.201  4.188  4.686  4.128  4.914  4.861  5.397  5.355 345.25  470.17   4.39   5.69
   3   3.598  4.226  4.213  4.718  4.144  4.937  4.883  5.426  5.383 345.25  470.66   4.43   5.70
   4   3.627  4.264  4.251  4.767  4.169  4.971  4.917  5.471  5.427 345.25  471.43   4.50   5.71
   5   3.664  4.311  4.299  4.828  4.201  5.014  4.959  5.525  5.482 345.25  472.40   4.59   5.73
   6   3.704  4.363  4.351  4.895  4.236  5.061  5.005  5.586  5.541 345.25  473.50   4.70   5.74
   7   3.745  4.416  4.404  4.962  4.271  5.109  5.052  5.646  5.601 345.25  474.63   4.81   5.74
   8   3.785  4.466  4.454  5.025  4.306  5.155  5.096  5.703  5.657 345.25  475.76   4.93   5.75
   9   3.822  4.511  4.500  5.083  4.338  5.197  5.137  5.755  5.708 345.25  476.83   5.04   5.76
 
POINT INCCHR INCMLR INCOPR INCPSR INCCHS INCMLS INCOPS INCPSS ALFCHR ALFCHS    CMR    CMS   BLK1   BLK2   BLK3   BLK4
   1   -9.41  -3.53   2.24   6.22 -19.25  -6.95  -0.38   3.32  48.21  41.63  15.47  29.26   1.37   1.68   1.67   1.80
   2   -9.42  -3.53   2.24   6.22 -19.26  -6.95  -0.38   3.32  48.20  41.62  15.60  29.45   1.39   1.70   1.69   1.83
   3   -9.44  -3.54   2.24   6.22 -19.30  -6.95  -0.38   3.32  48.18  41.58  15.97  30.00   1.42   1.75   1.74   1.91
   4   -9.49  -3.54   2.24   6.22 -19.36  -6.95  -0.38   3.32  48.13  41.52  16.55  30.84   1.48   1.84   1.82   2.04
   5   -9.54  -3.55   2.24   6.22 -19.43  -6.95  -0.38   3.32  48.08  41.45  17.28  31.88   1.56   1.95   1.92   2.22
   6   -9.60  -3.56   2.24   6.22 -19.52  -6.95  -0.38   3.32  48.02  41.37  18.08  33.02   1.65   2.07   2.04   2.44
   7   -9.66  -3.56   2.24   6.22 -19.60  -6.95  -0.38   3.32  47.96  41.29  18.91  34.15   1.75   2.21   2.17   2.68
   8   -9.73  -3.57   2.24   6.22 -19.67  -6.95  -0.38   3.32  47.89  41.21  19.71  35.24   1.86   2.35   2.31   2.93
   9   -9.79  -3.58   2.24   6.22 -19.75  -6.95  -0.38   3.32  47.83  41.14  20.46  36.24   1.96   2.48   2.44   3.17
 
POINT WR-PRF WR-SHK WR-TIP WR-SEC WS-PRF WS-SHK WS-TIP WS-SEC   O/SR   O/SS  CLV2R  CLV2S   DEHR   DEHS    LG2   KOCH
   1   0.029  0.000  0.001  0.010  0.024  0.000  0.002  0.009  0.619  0.653  1.142  1.119  0.721  0.775  1.430  0.544
   2   0.029  0.000  0.001  0.010  0.024  0.000  0.002  0.009  0.619  0.653  1.147  1.126  0.720  0.773  1.431  0.546
   3   0.029  0.000  0.001  0.010  0.024  0.000  0.002  0.009  0.619  0.653  1.161  1.146  0.717  0.770  1.431  0.550
   4   0.029  0.000  0.001  0.010  0.025  0.000  0.002  0.009  0.619  0.653  1.183  1.177  0.713  0.765  1.432  0.557
   5   0.030  0.000  0.001  0.010  0.025  0.000  0.002  0.009  0.619  0.653  1.210  1.215  0.707  0.758  1.433  0.566
   6   0.030  0.000  0.001  0.010  0.025  0.000  0.002  0.009  0.619  0.653  1.238  1.257  0.701  0.751  1.435  0.574
   7   0.031  0.000  0.001  0.011  0.025  0.000  0.002  0.009  0.619  0.653  1.267  1.301  0.695  0.744  1.436  0.583
   8   0.031  0.000  0.001  0.011  0.026  0.000  0.002  0.009  0.619  0.653  1.295  1.341  0.689  0.738  1.438  0.590
   9   0.032  0.000  0.001  0.011  0.026  0.000  0.002  0.009  0.619  0.653  1.320  1.378  0.684  0.732  1.439  0.597
 
POINT   VAU1   VAU2   VAU3   VAU4  DHUSQ EDHUSQ   DT/T  R_TOT R_STAT    PTS SPRCIR SPRCIS SPRCCR SPRCCS ETAADI
   1   0.480  0.451  0.458  0.443  0.329  0.306  0.081  1.297  1.308  1.134  0.527  0.463  0.464  0.410 0.9298
   2   0.479  0.450  0.458  0.442  0.330  0.307  0.081  1.297  1.309  1.135  0.528  0.465  0.465  0.412 0.9299
   3   0.477  0.448  0.455  0.440  0.332  0.309  0.081  1.299  1.311  1.138  0.532  0.470  0.469  0.416 0.9302
   4   0.474  0.445  0.452  0.436  0.335  0.312  0.082  1.302  1.314  1.143  0.537  0.477  0.474  0.423 0.9306
   5   0.470  0.441  0.448  0.432  0.339  0.316  0.083  1.305  1.318  1.149  0.543  0.486  0.480  0.432 0.9310
   6   0.466  0.436  0.444  0.428  0.343  0.320  0.083  1.308  1.321  1.156  0.549  0.495  0.486  0.441 0.9312
   7   0.461  0.432  0.439  0.424  0.347  0.323  0.084  1.311  1.325  1.162  0.556  0.504  0.491  0.450 0.9310
   8   0.457  0.428  0.435  0.420  0.351  0.326  0.085  1.314  1.328  1.167  0.562  0.512  0.497  0.457 0.9306
   9   0.453  0.424  0.431  0.416  0.354  0.329  0.085  1.316  1.330  1.172  0.567  0.519  0.501  0.464 0.9300
 
 
STAGE  6 SUMMARY
POINT   ALF1   ALF2   ALF3   ALF4   DEFR   DEFS     WR     WS    MNR    MNS    DFR    DFS   INCR   INCS
   1  -54.04 -41.69  51.89  37.51  12.34  14.38  0.040  0.044  0.619  0.580  0.297  0.291  -6.84  -7.45
   2  -54.11 -41.70  52.00  37.52  12.41  14.48  0.040  0.044  0.619  0.580  0.300  0.294  -6.76  -7.35
   3  -54.33 -41.72  52.30  37.54  12.61  14.76  0.040  0.044  0.619  0.579  0.307  0.304  -6.55  -7.04
   4  -54.65 -41.75  52.76  37.57  12.90  15.19  0.039  0.043  0.618  0.578  0.319  0.318  -6.22  -6.59
   5  -55.04 -41.79  53.31  37.60  13.25  15.70  0.039  0.043  0.617  0.577  0.333  0.335  -5.83  -6.04
   6  -55.47 -41.83  53.89  37.63  13.64  16.26  0.039  0.042  0.615  0.576  0.349  0.353  -5.41  -5.45
   7  -55.89 -41.86  54.47  37.67  14.04  16.81  0.039  0.042  0.614  0.575  0.364  0.370  -4.98  -4.87
   8  -56.28 -41.89  55.01  37.72  14.39  17.29  0.039  0.042  0.613  0.574  0.379  0.386  -4.59  -4.34
   9  -56.63 -41.94  55.48  37.77  14.70  17.71  0.039  0.042  0.612  0.573  0.391  0.401  -4.24  -3.87
 
POINT    PS1    PS2    PS3    PS4    PT0    PT1    PT2    PT3    PT4    UM      T0    DEVR   DEVS
   1   4.634  5.103  5.085  5.543  5.345  5.987  5.926  6.371  6.315 344.07  507.90   4.53   3.99
   2   4.645  5.119  5.101  5.564  5.355  6.001  5.940  6.390  6.333 344.07  508.16   4.54   4.00
   3   4.678  5.164  5.146  5.624  5.383  6.040  5.979  6.443  6.386 344.07  508.89   4.56   4.02
   4   4.728  5.233  5.215  5.716  5.427  6.100  6.039  6.525  6.468 344.07  510.01   4.59   4.05
   5   4.790  5.318  5.300  5.828  5.482  6.174  6.112  6.625  6.568 344.07  511.41   4.63   4.08
   6   4.857  5.410  5.393  5.952  5.541  6.255  6.193  6.735  6.678 344.07  512.96   4.67   4.11
   7   4.925  5.503  5.486  6.076  5.601  6.337  6.275  6.846  6.789 344.07  514.54   4.69   4.15
   8   4.989  5.591  5.574  6.191  5.657  6.414  6.352  6.950  6.893 344.07  516.07   4.73   4.20
   9   5.047  5.669  5.653  6.294  5.708  6.484  6.421  7.043  6.985 344.07  517.50   4.77   4.25
 
POINT INCCHR INCMLR INCOPR INCPSR INCCHS INCMLS INCOPS INCPSS ALFCHR ALFCHS    CMR    CMS   BLK1   BLK2   BLK3   BLK4
   1  -16.08  -5.78   1.23   4.93 -18.94  -5.67   1.09   5.02  44.79  40.41  20.65  28.42   1.75   1.11   1.14   0.78
   2  -16.10  -5.78   1.23   4.93 -18.96  -5.67   1.09   5.02  44.78  40.39  20.85  28.74   1.77   1.13   1.15   0.80
   3  -16.13  -5.78   1.23   4.93 -19.01  -5.67   1.09   5.02  44.74  40.34  21.43  29.65   1.84   1.19   1.20   0.85
   4  -16.19  -5.78   1.23   4.93 -19.08  -5.67   1.09   5.02  44.68  40.27  22.30  31.02   1.96   1.28   1.29   0.92
   5  -16.26  -5.78   1.23   4.93 -19.17  -5.67   1.09   5.02  44.62  40.18  23.37  32.67   2.12   1.40   1.40   1.03
   6  -16.33  -5.78   1.23   4.93 -19.26  -5.67   1.09   5.02  44.55  40.09  24.51  34.43   2.30   1.54   1.54   1.16
   7  -16.39  -5.78   1.23   4.93 -19.34  -5.67   1.09   5.02  44.49  40.01  25.64  36.16   2.51   1.71   1.70   1.31
   8  -16.45  -5.78   1.23   4.93 -19.42  -5.67   1.09   5.02  44.42  39.93  26.70  37.76   2.73   1.88   1.86   1.46
   9  -16.51  -5.78   1.23   4.93 -19.49  -5.67   1.09   5.02  44.36  39.85  27.67  39.20   2.94   2.05   2.02   1.61
 
POINT WR-PRF WR-SHK WR-TIP WR-SEC WS-PRF WS-SHK WS-TIP WS-SEC   O/SR   O/SS  CLV2R  CLV2S   DEHR   DEHS    LG2   KOCH
   1   0.027  0.000  0.001  0.012  0.032  0.000  0.001  0.011  0.622  0.640  0.817  0.746  0.812  0.808  1.539  0.437
   2   0.027  0.000  0.001  0.012  0.032  0.000  0.001  0.011  0.622  0.640  0.825  0.754  0.810  0.805  1.540  0.440
   3   0.027  0.000  0.001  0.012  0.032  0.000  0.001  0.011  0.622  0.640  0.847  0.779  0.805  0.799  1.540  0.450
   4   0.027  0.000  0.001  0.012  0.032  0.000  0.001  0.010  0.622  0.640  0.882  0.818  0.797  0.789  1.541  0.466
   5   0.027  0.000  0.001  0.012  0.032  0.000  0.001  0.010  0.622  0.640  0.925  0.866  0.788  0.778  1.542  0.484
   6   0.027  0.000  0.001  0.012  0.031  0.000  0.001  0.010  0.622  0.640  0.972  0.921  0.778  0.765  1.542  0.503
   7   0.027  0.000  0.001  0.011  0.031  0.000  0.001  0.010  0.622  0.640  1.023  0.976  0.767  0.753  1.543  0.522
   8   0.027  0.000  0.001  0.011  0.031  0.000  0.001  0.010  0.622  0.640  1.070  1.027  0.758  0.741  1.544  0.538
   9   0.027  0.000  0.001  0.011  0.031  0.000  0.001  0.009  0.622  0.640  1.113  1.074  0.750  0.731  1.545  0.553
 
POINT   VAU1   VAU2   VAU3   VAU4  DHUSQ EDHUSQ   DT/T  R_TOT R_STAT    PTS SPRCIR SPRCIS SPRCCR SPRCCS ETAADI
   1   0.467  0.456  0.466  0.458  0.234  0.210  0.052  1.181  1.196  1.037  0.408  0.414  0.347  0.356 0.9003
   2   0.466  0.455  0.465  0.457  0.235  0.212  0.053  1.183  1.198  1.039  0.411  0.418  0.350  0.359 0.9011
   3   0.463  0.452  0.461  0.453  0.239  0.216  0.054  1.186  1.202  1.045  0.418  0.427  0.357  0.369 0.9033
   4   0.460  0.448  0.457  0.447  0.246  0.223  0.055  1.192  1.209  1.053  0.429  0.441  0.368  0.382 0.9064
   5   0.455  0.442  0.451  0.441  0.253  0.230  0.056  1.198  1.217  1.063  0.443  0.457  0.381  0.399 0.9099
   6   0.450  0.436  0.445  0.433  0.261  0.238  0.058  1.205  1.225  1.074  0.457  0.474  0.395  0.416 0.9133
   7   0.446  0.431  0.439  0.427  0.269  0.247  0.060  1.212  1.234  1.085  0.471  0.491  0.410  0.433 0.9163
   8   0.441  0.425  0.433  0.420  0.277  0.254  0.061  1.218  1.241  1.094  0.484  0.506  0.422  0.448 0.9189
   9   0.437  0.420  0.428  0.415  0.283  0.261  0.062  1.224  1.247  1.103  0.495  0.519  0.433  0.461 0.9209
 
 
STAGE  7 SUMMARY
POINT   ALF1   ALF2   ALF3   ALF4   DEFR   DEFS     WR     WS    MNR    MNS    DFR    DFS   INCR   INCS
   1  -53.96 -40.19  51.74  37.76  13.78  13.99  0.043  0.040  0.606  0.576  0.281  0.278  -5.90  -8.30
   2  -54.08 -40.19  51.90  37.77  13.89  14.14  0.042  0.039  0.605  0.575  0.285  0.283  -5.78  -8.14
   3  -54.42 -40.20  52.35  37.79  14.22  14.56  0.042  0.039  0.604  0.574  0.296  0.297  -5.44  -7.69
   4  -54.93 -40.22  53.01  37.82  14.71  15.19  0.041  0.039  0.603  0.573  0.312  0.318  -4.93  -7.03
   5  -55.54 -40.22  53.78  37.85  15.32  15.93  0.041  0.038  0.601  0.571  0.332  0.342  -4.32  -6.26
   6  -56.19 -40.23  54.58  37.86  15.96  16.72  0.040  0.038  0.600  0.570  0.352  0.366  -3.67  -5.46
   7  -56.81 -40.25  55.33  37.89  16.56  17.45  0.040  0.038  0.598  0.568  0.371  0.389  -3.05  -4.71
   8  -57.38 -40.28  55.99  37.92  17.10  18.07  0.040  0.038  0.597  0.567  0.389  0.409  -2.48  -4.05
   9  -57.88 -40.30  56.56  37.96  17.58  18.60  0.040  0.039  0.595  0.566  0.403  0.425  -1.98  -3.48
 
POINT    PS1    PS2    PS3    PS4    PT0    PT1    PT2    PT3    PT4    UM      T0    DEVR   DEVS
   1   5.520  6.060  6.033  6.538  6.315  7.051  6.972  7.530  7.471 341.95  534.55   2.65   4.31
   2   5.541  6.089  6.062  6.576  6.333  7.076  6.997  7.564  7.505 341.95  534.96   2.65   4.32
   3   5.602  6.171  6.144  6.683  6.386  7.148  7.069  7.661  7.601 341.95  536.16   2.66   4.34
   4   5.694  6.295  6.268  6.845  6.468  7.257  7.178  7.807  7.748 341.95  537.98   2.68   4.37
   5   5.807  6.446  6.421  7.043  6.568  7.392  7.313  7.988  7.927 341.95  540.23   2.68   4.40
   6   5.931  6.611  6.586  7.256  6.678  7.540  7.460  8.183  8.122 341.95  542.68   2.69   4.42
   7   6.055  6.774  6.750  7.465  6.789  7.689  7.608  8.378  8.315 341.95  545.19   2.71   4.44
   8   6.171  6.925  6.901  7.656  6.893  7.826  7.745  8.557  8.493 341.95  547.56   2.74   4.48
   9   6.275  7.059  7.036  7.825  6.985  7.949  7.867  8.716  8.651 341.95  549.71   2.76   4.52
 
POINT INCCHR INCMLR INCOPR INCPSR INCCHS INCMLS INCOPS INCPSS ALFCHR ALFCHS    CMR    CMS   BLK1   BLK2   BLK3   BLK4
   1  -15.95  -4.98   2.20   6.03 -20.92  -6.31   0.37   4.18  43.91  39.12  22.89  32.26   0.83   0.97   1.01   1.06
   2  -15.97  -4.98   2.20   6.03 -20.94  -6.31   0.37   4.18  43.89  39.10  23.22  32.75   0.84   1.00   1.03   1.10
   3  -16.02  -4.98   2.20   6.03 -21.01  -6.31   0.37   4.18  43.84  39.03  24.14  34.13   0.89   1.08   1.10   1.22
   4  -16.09  -4.98   2.20   6.03 -21.11  -6.31   0.37   4.18  43.77  38.94  25.50  36.14   0.96   1.22   1.23   1.43
   5  -16.17  -4.98   2.20   6.03 -21.20  -6.31   0.37   4.18  43.69  38.84  27.13  38.48   1.06   1.41   1.40   1.72
   6  -16.25  -4.98   2.20   6.03 -21.29  -6.31   0.37   4.18  43.61  38.75  28.84  40.87   1.18   1.66   1.63   2.10
   7  -16.33  -4.98   2.20   6.03 -21.38  -6.31   0.37   4.18  43.53  38.66  30.50  43.13   1.31   1.93   1.89   2.52
   8  -16.40  -4.98   2.20   6.03 -21.46  -6.31   0.37   4.18  43.46  38.58  32.02  45.13   1.45   2.22   2.16   2.96
   9  -16.46  -4.98   2.20   6.03 -21.52  -6.31   0.37   4.18  43.40  38.52  33.34  46.84   1.59   2.51   2.43   3.39
 
POINT WR-PRF WR-SHK WR-TIP WR-SEC WS-PRF WS-SHK WS-TIP WS-SEC   O/SR   O/SS  CLV2R  CLV2S   DEHR   DEHS    LG2   KOCH
   1   0.029  0.000  0.001  0.013  0.027  0.000  0.002  0.011  0.624  0.651  0.756  0.799  0.814  0.827  1.546  0.410
   2   0.029  0.000  0.001  0.013  0.027  0.000  0.002  0.011  0.624  0.651  0.766  0.813  0.811  0.824  1.546  0.416
   3   0.029  0.000  0.001  0.012  0.027  0.000  0.002  0.011  0.624  0.651  0.797  0.853  0.804  0.815  1.547  0.430
   4   0.028  0.000  0.001  0.012  0.027  0.000  0.002  0.010  0.624  0.651  0.843  0.914  0.792  0.801  1.547  0.451
   5   0.028  0.000  0.001  0.012  0.027  0.000  0.002  0.010  0.624  0.651  0.902  0.989  0.779  0.785  1.547  0.475
   6   0.028  0.000  0.001  0.011  0.027  0.000  0.002  0.010  0.624  0.651  0.966  1.071  0.765  0.769  1.548  0.499
   7   0.028  0.000  0.001  0.011  0.027  0.000  0.002  0.010  0.624  0.651  1.028  1.150  0.752  0.754  1.548  0.521
   8   0.028  0.000  0.001  0.011  0.027  0.000  0.002  0.009  0.624  0.651  1.087  1.221  0.740  0.741  1.549  0.540
   9   0.028  0.000  0.001  0.011  0.027  0.000  0.002  0.009  0.624  0.651  1.139  1.283  0.730  0.730  1.549  0.555
 
POINT   VAU1   VAU2   VAU3   VAU4  DHUSQ EDHUSQ   DT/T  R_TOT R_STAT    PTS SPRCIR SPRCIS SPRCCR SPRCCS ETAADI
   1   0.472  0.467  0.478  0.477  0.249  0.226  0.052  1.183  1.184  1.035  0.420  0.391  0.353  0.337 0.9051
   2   0.470  0.465  0.477  0.475  0.252  0.228  0.053  1.185  1.187  1.038  0.424  0.396  0.357  0.342 0.9063
   3   0.467  0.461  0.472  0.469  0.258  0.235  0.054  1.190  1.193  1.046  0.435  0.409  0.368  0.356 0.9095
   4   0.461  0.454  0.465  0.461  0.267  0.244  0.056  1.198  1.202  1.058  0.451  0.429  0.384  0.375 0.9137
   5   0.454  0.446  0.457  0.452  0.279  0.256  0.058  1.207  1.213  1.072  0.469  0.451  0.403  0.397 0.9181
   6   0.446  0.438  0.448  0.443  0.290  0.268  0.060  1.216  1.223  1.087  0.488  0.473  0.422  0.419 0.9218
   7   0.439  0.430  0.440  0.435  0.302  0.279  0.062  1.225  1.233  1.100  0.506  0.493  0.440  0.439 0.9248
   8   0.432  0.423  0.433  0.428  0.311  0.289  0.064  1.232  1.241  1.111  0.521  0.510  0.455  0.456 0.9271
   9   0.426  0.418  0.427  0.421  0.320  0.297  0.065  1.238  1.247  1.120  0.534  0.524  0.468  0.470 0.9287
 
 
STAGE  8 SUMMARY
POINT   ALF1   ALF2   ALF3   ALF4   DEFR   DEFS     WR     WS    MNR    MNS    DFR    DFS   INCR   INCS
   1  -51.97 -38.60  50.45  37.34  13.36  13.11  0.037  0.045  0.584  0.570  0.286  0.251  -8.84 -10.00
   2  -52.15 -38.61  50.67  37.36  13.53  13.30  0.037  0.044  0.584  0.570  0.292  0.258  -8.66  -9.79
   3  -52.65 -38.64  51.26  37.41  14.01  13.85  0.037  0.044  0.582  0.568  0.308  0.277  -8.16  -9.19
   4  -53.37 -38.67  52.10  37.50  14.71  14.60  0.037  0.043  0.580  0.565  0.331  0.304  -7.44  -8.36
   5  -54.21 -38.69  53.03  37.60  15.52  15.43  0.037  0.043  0.578  0.563  0.357  0.335  -6.60  -7.43
   6  -55.06 -38.67  53.92  37.72  16.39  16.20  0.037  0.042  0.576  0.561  0.383  0.365  -5.75  -6.53
   7  -55.84 -38.64  54.69  37.84  17.20  16.85  0.038  0.042  0.574  0.559  0.405  0.392  -4.97  -5.76
   8  -56.51 -38.61  55.29  37.98  17.89  17.31  0.038  0.042  0.572  0.557  0.423  0.414  -4.30  -5.16
   9  -57.07 -38.58  55.75  38.14  18.48  17.61  0.038  0.042  0.570  0.555  0.437  0.432  -3.74  -4.70
 
POINT    PS1    PS2    PS3    PS4    PT0    PT1    PT2    PT3    PT4    UM      T0    DEVR   DEVS
   1   6.509  7.044  7.013  7.545  7.471  8.176  8.097  8.717  8.641 338.97  562.53   5.38   4.53
   2   6.547  7.093  7.063  7.608  7.505  8.220  8.140  8.774  8.698 338.97  563.19   5.39   4.54
   3   6.655  7.232  7.202  7.787  7.601  8.346  8.266  8.934  8.858 338.97  565.09   5.42   4.60
   4   6.818  7.439  7.410  8.054  7.748  8.537  8.455  9.176  9.100 338.97  567.95   5.45   4.68
   5   7.016  7.690  7.662  8.374  7.927  8.770  8.686  9.469  9.392 338.97  571.45   5.47   4.79
   6   7.230  7.958  7.931  8.714  8.122  9.022  8.936  9.784  9.706 338.97  575.22   5.45   4.90
   7   7.441  8.216  8.190  9.041  8.315  9.269  9.181 10.089 10.009 338.97  578.95   5.42   5.02
   8   7.633  8.448  8.423  9.331  8.493  9.495  9.405 10.362 10.280 338.97  582.39   5.39   5.17
   9   7.802  8.650  8.626  9.581  8.651  9.694  9.601 10.599 10.516 338.97  585.46   5.36   5.33
 
POINT INCCHR INCMLR INCOPR INCPSR INCCHS INCMLS INCOPS INCPSS ALFCHR ALFCHS    CMR    CMS   BLK1   BLK2   BLK3   BLK4
   1  -21.16  -6.91  -0.33   3.37 -21.37  -6.36   0.22   4.06  39.65  39.09  31.05  29.07   1.07   1.33   1.34   0.85
   2  -21.19  -6.91  -0.33   3.37 -21.42  -6.36   0.22   4.06  39.62  39.03  31.62  29.81   1.11   1.39   1.39   0.88
   3  -21.29  -6.91  -0.33   3.37 -21.58  -6.36   0.22   4.06  39.53  38.88  33.20  31.85   1.22   1.58   1.57   1.00
   4  -21.41  -6.91  -0.33   3.37 -21.80  -6.36   0.22   4.06  39.40  38.66  35.46  34.77   1.40   1.93   1.89   1.19
   5  -21.53  -6.91  -0.33   3.37 -22.05  -6.36   0.22   4.06  39.28  38.40  38.02  38.08   1.68   2.46   2.37   1.46
   6  -21.62  -6.91  -0.33   3.37 -22.30  -6.36   0.22   4.06  39.19  38.15  40.51  41.33   2.03   3.18   3.04   1.81
   7  -21.69  -6.91  -0.33   3.37 -22.55  -6.36   0.22   4.06  39.13  37.91  42.72  44.28   2.42   4.04   3.83   2.19
   8  -21.73  -6.91  -0.33   3.37 -22.79  -6.36   0.22   4.06  39.08  37.66  44.58  46.82   2.83   4.96   4.68   2.55
   9  -21.74  -6.91  -0.33   3.37 -23.03  -6.36   0.22   4.06  39.07  37.43  46.06  48.95   3.23   5.90   5.55   2.89
 
POINT WR-PRF WR-SHK WR-TIP WR-SEC WS-PRF WS-SHK WS-TIP WS-SEC   O/SR   O/SS  CLV2R  CLV2S   DEHR   DEHS    LG2   KOCH
   1   0.024  0.000  0.001  0.012  0.030  0.000  0.002  0.013  0.653  0.645  0.862  0.667  0.830  0.838  1.414  0.378
   2   0.024  0.000  0.001  0.012  0.030  0.000  0.001  0.013  0.653  0.645  0.880  0.684  0.826  0.834  1.414  0.385
   3   0.024  0.000  0.001  0.011  0.030  0.000  0.001  0.013  0.653  0.645  0.929  0.731  0.816  0.821  1.415  0.405
   4   0.025  0.000  0.001  0.011  0.030  0.000  0.001  0.012  0.653  0.645  1.003  0.803  0.802  0.802  1.416  0.433
   5   0.025  0.000  0.001  0.011  0.030  0.000  0.001  0.012  0.653  0.645  1.090  0.888  0.785  0.781  1.417  0.464
   6   0.025  0.000  0.001  0.011  0.030  0.000  0.001  0.011  0.653  0.645  1.183  0.978  0.770  0.760  1.418  0.494
   7   0.026  0.000  0.002  0.010  0.030  0.000  0.001  0.011  0.653  0.645  1.268  1.063  0.756  0.741  1.419  0.519
   8   0.026  0.000  0.002  0.010  0.030  0.000  0.002  0.011  0.653  0.645  1.339  1.135  0.745  0.725  1.421  0.539
   9   0.026  0.000  0.002  0.010  0.030  0.000  0.002  0.011  0.653  0.645  1.396  1.195  0.737  0.712  1.422  0.554
 
POINT   VAU1   VAU2   VAU3   VAU4  DHUSQ EDHUSQ   DT/T  R_TOT R_STAT    PTS SPRCIR SPRCIS SPRCCR SPRCCS ETAADI
   1   0.493  0.491  0.503  0.498  0.232  0.208  0.045  1.157  1.159  1.010  0.383  0.369  0.321  0.312 0.8967
   2   0.491  0.489  0.500  0.495  0.235  0.211  0.046  1.159  1.162  1.014  0.388  0.376  0.327  0.319 0.8984
   3   0.485  0.482  0.493  0.487  0.244  0.220  0.047  1.165  1.170  1.024  0.403  0.395  0.341  0.338 0.9027
   4   0.477  0.474  0.484  0.475  0.257  0.233  0.050  1.175  1.181  1.040  0.424  0.422  0.362  0.365 0.9082
   5   0.467  0.464  0.474  0.462  0.271  0.247  0.052  1.185  1.194  1.056  0.447  0.451  0.384  0.394 0.9135
   6   0.458  0.455  0.464  0.450  0.285  0.262  0.054  1.195  1.205  1.073  0.469  0.480  0.406  0.423 0.9180
   7   0.449  0.447  0.456  0.438  0.298  0.275  0.056  1.204  1.215  1.087  0.487  0.505  0.424  0.448 0.9213
   8   0.441  0.441  0.449  0.429  0.308  0.285  0.058  1.210  1.222  1.099  0.501  0.525  0.438  0.468 0.9235
   9   0.435  0.436  0.444  0.421  0.317  0.293  0.059  1.216  1.228  1.108  0.512  0.541  0.448  0.484 0.9249
 
 
STAGE  9 SUMMARY
POINT   ALF1   ALF2   ALF3   ALF4   DEFR   DEFS     WR     WS    MNR    MNS    DFR    DFS   INCR   INCS
   1  -49.91 -36.35  49.37  36.90  13.56  12.47  0.039  0.045  0.571  0.572  0.264  0.244  -8.89 -11.14
   2  -50.18 -36.36  49.66  36.93  13.82  12.73  0.039  0.045  0.570  0.571  0.272  0.253  -8.62 -10.84
   3  -50.92 -36.38  50.45  37.01  14.55  13.44  0.038  0.045  0.567  0.568  0.294  0.279  -7.88 -10.05
   4  -51.97 -36.38  51.51  37.13  15.59  14.39  0.038  0.044  0.564  0.564  0.323  0.313  -6.84  -8.99
   5  -53.13 -36.32  52.61  37.27  16.81  15.33  0.038  0.044  0.560  0.561  0.353  0.350  -5.67  -7.90
   6  -54.27 -36.12  53.46  37.48  18.15  15.98  0.038  0.044  0.556  0.559  0.377  0.384  -4.53  -7.04
   7  -55.29 -35.80  53.87  37.82  19.48  16.05  0.039  0.044  0.553  0.558  0.389  0.411  -3.52  -6.63
   8  -56.12 -35.20  53.51  38.41  20.92  15.10  0.040  0.044  0.550  0.559  0.381  0.427  -2.68  -6.99
   9  -56.80 -34.72  53.19  38.90  22.08  14.30  0.041  0.044  0.547  0.560  0.374  0.439  -2.00  -7.31
 
POINT    PS1    PS2    PS3    PS4    PT0    PT1    PT2    PT3    PT4    UM      T0    DEVR   DEVS
   1   7.501  8.052  8.012  8.572  8.641  9.324  9.235  9.966  9.877 335.26  588.02   4.84   5.65
   2   7.565  8.131  8.092  8.674  8.698  9.396  9.307 10.057  9.968 335.26  589.02   4.85   5.68
   3   7.745  8.355  8.317  8.958  8.858  9.602  9.512 10.315 10.226 335.26  591.86   4.87   5.76
   4   8.014  8.685  8.648  9.373  9.100  9.908  9.817 10.697 10.606 335.26  596.07   4.87   5.88
   5   8.336  9.073  9.038  9.858  9.392 10.276 10.184 11.150 11.058 335.26  601.10   4.81   6.02
   6   8.677  9.470  9.438 10.355  9.706 10.668 10.572 11.623 11.528 335.26  606.43   4.61   6.23
   7   9.005  9.830  9.803 10.808 10.009 11.044 10.944 12.060 11.962 335.26  611.52   4.29   6.56
   8   9.296 10.106 10.086 11.163 10.280 11.376 11.272 12.418 12.316 335.26  616.06   3.69   7.16
   9   9.548 10.342 10.328 11.462 10.516 11.661 11.554 12.724 12.619 335.26  620.01   3.21   7.64
 
POINT INCCHR INCMLR INCOPR INCPSR INCCHS INCMLS INCOPS INCPSS ALFCHR ALFCHS    CMR    CMS   BLK1   BLK2   BLK3   BLK4
   1  -23.36  -6.62  -0.01   3.83 -21.82  -7.00  -0.58   3.21  35.44  38.68  40.84  27.61   1.10   1.62   1.61   1.20
   2  -23.43  -6.62  -0.01   3.83 -21.91  -7.00  -0.58   3.21  35.37  38.59  41.87  28.67   1.14   1.73   1.70   1.27
   3  -23.61  -6.62  -0.01   3.83 -22.15  -7.00  -0.58   3.21  35.20  38.35  44.69  31.54   1.23   2.07   2.02   1.52
   4  -23.83  -6.62  -0.01   3.83 -22.47  -7.00  -0.58   3.21  34.98  38.03  48.57  35.46   1.41   2.70   2.59   1.95
   5  -24.01  -6.62  -0.01   3.83 -22.82  -7.00  -0.58   3.21  34.80  37.68  52.69  39.60   1.66   3.71   3.51   2.57
   6  -24.04  -6.62  -0.01   3.83 -23.17  -7.00  -0.58   3.21  34.77  37.33  56.09  43.21   1.98   5.38   5.02   3.32
   7  -23.83  -6.62  -0.01   3.83 -23.59  -7.00  -0.58   3.21  34.97  36.91  58.10  45.94   2.34   7.84   7.22   4.00
   8  -23.25  -6.62  -0.01   3.83 -24.11  -7.00  -0.58   3.21  35.55  36.39  57.85  47.04   2.68  11.74  10.68   4.63
   9  -22.81  -6.62  -0.01   3.83 -24.53  -7.00  -0.58   3.21  35.99  35.98  57.82  47.85   3.00  14.87  13.53   5.41
 
POINT WR-PRF WR-SHK WR-TIP WR-SEC WS-PRF WS-SHK WS-TIP WS-SEC   O/SR   O/SS  CLV2R  CLV2S   DEHR   DEHS    LG2   KOCH
   1   0.022  0.000  0.003  0.014  0.028  0.000  0.004  0.014  0.680  0.650  0.816  0.670  0.844  0.850  1.333  0.334
   2   0.022  0.000  0.003  0.014  0.028  0.000  0.004  0.014  0.680  0.650  0.839  0.693  0.839  0.844  1.333  0.344
   3   0.022  0.000  0.003  0.013  0.028  0.000  0.003  0.013  0.680  0.650  0.904  0.759  0.826  0.827  1.334  0.369
   4   0.023  0.000  0.003  0.013  0.028  0.000  0.003  0.013  0.680  0.650  0.997  0.853  0.808  0.804  1.335  0.403
   5   0.023  0.000  0.003  0.012  0.029  0.000  0.003  0.012  0.680  0.650  1.102  0.959  0.790  0.779  1.337  0.437
   6   0.024  0.000  0.003  0.012  0.029  0.000  0.003  0.012  0.680  0.650  1.199  1.061  0.777  0.756  1.337  0.466
   7   0.024  0.000  0.003  0.012  0.029  0.000  0.004  0.011  0.680  0.650  1.263  1.138  0.773  0.736  1.338  0.485
   8   0.025  0.000  0.003  0.012  0.029  0.000  0.004  0.011  0.680  0.650  1.265  1.163  0.784  0.720  1.340  0.488
   9   0.026  0.000  0.003  0.012  0.029  0.000  0.004  0.011  0.680  0.650  1.263  1.175  0.794  0.710  1.343  0.489
 
POINT   VAU1   VAU2   VAU3   VAU4  DHUSQ EDHUSQ   DT/T  R_TOT R_STAT    PTS SPRCIR SPRCIS SPRCCR SPRCCS ETAADI
   1   0.519  0.518  0.531  0.529  0.230  0.204  0.042  1.143  1.143  0.992  0.363  0.344  0.302  0.287 0.8879
   2   0.516  0.515  0.528  0.524  0.234  0.209  0.042  1.146  1.147  0.997  0.370  0.353  0.309  0.296 0.8905
   3   0.507  0.506  0.519  0.513  0.246  0.221  0.044  1.154  1.157  1.011  0.390  0.378  0.329  0.321 0.8970
   4   0.495  0.495  0.506  0.497  0.263  0.238  0.047  1.166  1.170  1.030  0.415  0.412  0.354  0.354 0.9046
   5   0.481  0.483  0.494  0.481  0.281  0.256  0.050  1.177  1.183  1.050  0.441  0.446  0.380  0.388 0.9113
   6   0.468  0.475  0.485  0.467  0.297  0.272  0.052  1.188  1.193  1.067  0.460  0.478  0.398  0.420 0.9158
   7   0.456  0.473  0.481  0.454  0.310  0.285  0.054  1.195  1.200  1.080  0.467  0.504  0.405  0.445 0.9182
   8   0.445  0.483  0.488  0.445  0.317  0.291  0.055  1.198  1.201  1.086  0.452  0.521  0.389  0.462 0.9186
   9   0.437  0.491  0.494  0.439  0.322  0.295  0.055  1.200  1.200  1.090  0.439  0.532  0.376  0.473 0.9188
 
 
STAGE 10 SUMMARY
POINT   ALF1   ALF2   ALF3   ALF4   DEFR   DEFS     WR     WS    MNR    MNS    DFR    DFS   INCR   INCS
   1  -47.81 -34.43  47.83  35.45  13.38  12.38  0.044  0.044  0.560  0.574  0.215  0.226  -9.82 -11.05
   2  -48.18 -34.46  48.27  35.48  13.73  12.79  0.043  0.044  0.558  0.572  0.226  0.239  -9.45 -10.61
   3  -49.18 -34.51  49.43  35.55  14.66  13.89  0.042  0.043  0.555  0.567  0.256  0.274  -8.46  -9.44
   4  -50.51 -34.59  50.98  35.62  15.93  15.36  0.041  0.043  0.550  0.561  0.296  0.318  -7.12  -7.90
   5  -51.90 -34.65  52.57  35.64  17.25  16.92  0.039  0.042  0.544  0.556  0.336  0.363  -5.73  -6.31
   6  -53.15 -34.71  53.97  35.63  18.44  18.34  0.039  0.042  0.539  0.551  0.372  0.399  -4.49  -4.91
   7  -54.12 -34.78  55.09  35.61  19.34  19.48  0.039  0.043  0.534  0.547  0.399  0.426  -3.51  -3.79
   8  -54.66 -34.87  55.93  35.51  19.79  20.42  0.039  0.044  0.528  0.544  0.415  0.442  -2.98  -2.95
   9  -55.00 -34.98  56.62  35.39  20.01  21.22  0.039  0.045  0.522  0.541  0.428  0.452  -2.64  -2.26
 
POINT    PS1    PS2    PS3    PS4    PT0    PT1    PT2    PT3    PT4    UM      T0    DEVR   DEVS
   1   8.532  9.050  9.005  9.596  9.877 10.518 10.411 11.216 11.118 332.50  612.58   3.80   5.31
   2   8.634  9.178  9.134  9.757  9.968 10.632 10.525 11.360 11.262 332.50  614.05   3.82   5.34
   3   8.920  9.534  9.492 10.202 10.226 10.952 10.846 11.762 11.664 332.50  618.14   3.88   5.41
   4   9.336 10.049 10.008 10.837 10.606 11.421 11.316 12.347 12.247 332.50  624.09   3.95   5.47
   5   9.824 10.641 10.603 11.557 11.058 11.971 11.865 13.024 12.922 332.50  630.99   4.01   5.50
   6  10.323 11.236 11.200 12.267 11.528 12.532 12.424 13.706 13.600 332.50  638.05   4.07   5.48
   7  10.777 11.763 11.729 12.882 11.962 13.034 12.923 14.310 14.199 332.50  644.46   4.15   5.47
   8  11.134 12.158 12.125 13.329 12.316 13.407 13.295 14.761 14.645 332.50  649.65   4.23   5.37
   9  11.433 12.489 12.456 13.697 12.619 13.719 13.606 15.135 15.015 332.50  654.09   4.35   5.25
 
POINT INCCHR INCMLR INCOPR INCPSR INCCHS INCMLS INCOPS INCPSS ALFCHR ALFCHS    CMR    CMS   BLK1   BLK2   BLK3   BLK4
   1  -24.10  -6.06   0.58   4.59 -22.50  -6.81  -0.34   3.54  33.53  36.38  42.58  31.46   1.21   1.06   1.11   1.17
   2  -24.25  -6.06   0.58   4.59 -22.65  -6.81  -0.34   3.54  33.38  36.23  44.33  33.24   1.28   1.13   1.18   1.28
   3  -24.64  -6.06   0.58   4.59 -23.04  -6.81  -0.34   3.54  32.99  35.83  49.06  37.96   1.51   1.38   1.41   1.65
   4  -25.17  -6.06   0.58   4.59 -23.53  -6.81  -0.34   3.54  32.46  35.34  55.60  44.24   1.91   1.84   1.83   2.35
   5  -25.75  -6.06   0.58   4.59 -23.99  -6.81  -0.34   3.54  31.89  34.89  62.76  50.67   2.49   2.48   2.43   3.42
   6  -26.32  -6.06   0.58   4.59 -24.34  -6.81  -0.34   3.54  31.31  34.53  69.74  56.29   3.19   3.28   3.18   4.80
   7  -26.93  -6.06   0.58   4.59 -24.58  -6.81  -0.34   3.54  30.70  34.30  76.30  60.62   3.83   4.05   3.91   6.32
   8  -27.75  -6.06   0.58   4.59 -24.63  -6.81  -0.34   3.54  29.88  34.25  82.90  63.32   4.43   4.53   4.36   7.88
   9  -28.54  -6.06   0.58   4.59 -24.65  -6.81  -0.34   3.54  29.10  34.23  89.01  65.39   5.17   4.86   4.68   9.33
 
POINT WR-PRF WR-SHK WR-TIP WR-SEC WS-PRF WS-SHK WS-TIP WS-SEC   O/SR   O/SS  CLV2R  CLV2S   DEHR   DEHS    LG2   KOCH
   1   0.027  0.000  0.003  0.014  0.025  0.000  0.004  0.015  0.686  0.673  0.640  0.660  0.870  0.865  1.371  0.296
   2   0.027  0.000  0.002  0.014  0.025  0.000  0.004  0.014  0.686  0.673  0.667  0.693  0.862  0.857  1.371  0.310
   3   0.026  0.000  0.002  0.014  0.026  0.000  0.004  0.014  0.686  0.673  0.742  0.785  0.843  0.834  1.372  0.346
   4   0.026  0.000  0.002  0.013  0.026  0.000  0.004  0.013  0.686  0.673  0.849  0.915  0.816  0.806  1.373  0.392
   5   0.025  0.000  0.002  0.012  0.026  0.000  0.004  0.012  0.686  0.673  0.971  1.059  0.789  0.778  1.374  0.436
   6   0.025  0.000  0.002  0.011  0.026  0.000  0.004  0.012  0.686  0.673  1.087  1.191  0.765  0.755  1.374  0.472
   7   0.025  0.000  0.002  0.011  0.027  0.000  0.005  0.012  0.686  0.673  1.179  1.294  0.747  0.739  1.375  0.497
   8   0.025  0.000  0.003  0.011  0.027  0.000  0.005  0.012  0.686  0.673  1.234  1.360  0.737  0.730  1.374  0.510
   9   0.025  0.000  0.003  0.011  0.027  0.000  0.006  0.012  0.686  0.673  1.276  1.410  0.728  0.725  1.374  0.520
 
POINT   VAU1   VAU2   VAU3   VAU4  DHUSQ EDHUSQ   DT/T  R_TOT R_STAT    PTS SPRCIR SPRCIS SPRCCR SPRCCS ETAADI
   1   0.546  0.551  0.564  0.563  0.219  0.191  0.037  1.126  1.125  0.972  0.325  0.323  0.261  0.267 0.8719
   2   0.542  0.546  0.559  0.557  0.225  0.197  0.038  1.130  1.130  0.979  0.336  0.336  0.272  0.280 0.8767
   3   0.529  0.531  0.544  0.540  0.242  0.215  0.041  1.141  1.144  0.998  0.366  0.369  0.302  0.313 0.8881
   4   0.513  0.513  0.524  0.520  0.263  0.237  0.044  1.155  1.161  1.022  0.404  0.411  0.342  0.355 0.9007
   5   0.496  0.494  0.505  0.500  0.286  0.260  0.047  1.169  1.176  1.045  0.443  0.450  0.381  0.394 0.9106
   6   0.481  0.477  0.487  0.485  0.305  0.280  0.050  1.180  1.188  1.064  0.476  0.482  0.413  0.426 0.9167
   7   0.468  0.464  0.473  0.474  0.319  0.293  0.051  1.187  1.195  1.077  0.499  0.504  0.437  0.447 0.9201
   8   0.458  0.454  0.463  0.469  0.324  0.299  0.052  1.189  1.197  1.082  0.513  0.515  0.451  0.457 0.9212
   9   0.452  0.445  0.454  0.465  0.327  0.302  0.052  1.190  1.198  1.085  0.524  0.522  0.462  0.463 0.9217
 
 
STAGE 11 SUMMARY
POINT   ALF1   ALF2   ALF3   ALF4   DEFR   DEFS     WR     WS    MNR    MNS    DFR    DFS   INCR   INCS
   1  -45.97 -34.56  45.13  34.52  11.40  10.62  0.047  0.049  0.560  0.565  0.170  0.157 -12.60 -14.56
   2  -46.50 -34.60  45.80  34.58  11.89  11.21  0.046  0.047  0.558  0.562  0.186  0.177 -12.06 -13.90
   3  -47.88 -34.71  47.50  34.74  13.17  12.76  0.045  0.046  0.552  0.554  0.228  0.228 -10.68 -12.19
   4  -49.65 -34.86  49.64  34.92  14.78  14.72  0.043  0.045  0.545  0.546  0.282  0.290  -8.92 -10.05
   5  -51.36 -35.03  51.71  35.06  16.34  16.64  0.042  0.045  0.539  0.538  0.335  0.350  -7.20  -7.99
   6  -52.77 -35.18  53.43  35.13  17.59  18.30  0.041  0.045  0.535  0.531  0.380  0.398  -5.79  -6.27
   7  -53.76 -35.36  54.71  35.21  18.39  19.50  0.041  0.045  0.531  0.526  0.414  0.432  -4.80  -4.99
   8  -54.30 -35.59  55.56  35.32  18.71  20.24  0.041  0.046  0.529  0.522  0.437  0.456  -4.27  -4.14
   9  -54.68 -35.90  56.37  35.34  18.77  21.03  0.042  0.048  0.527  0.518  0.458  0.474  -3.89  -3.33
 
POINT    PS1    PS2    PS3    PS4    PT0    PT1    PT2    PT3    PT4    UM      T0    DEVR   DEVS
   1   9.556 10.032  9.983 10.431 11.118 11.777 11.657 12.344 12.228 330.41  635.48   4.37   5.75
   2   9.718 10.236 10.188 10.692 11.262 11.956 11.837 12.569 12.456 330.41  637.58   4.41   5.81
   3  10.165 10.795 10.749 11.391 11.664 12.454 12.336 13.188 13.077 330.41  643.37   4.52   5.97
   4  10.803 11.581 11.538 12.356 12.247 13.171 13.052 14.067 13.953 330.41  651.55   4.67   6.15
   5  11.526 12.462 12.423 13.419 12.922 13.990 13.870 15.058 14.940 330.41  660.74   4.83   6.29
   6  12.238 13.321 13.284 14.440 13.600 14.804 14.680 16.027 15.904 330.41  669.73   4.99   6.36
   7  12.855 14.056 14.020 15.296 14.199 15.508 15.380 16.853 16.725 330.41  677.50   5.17   6.44
   8  13.304 14.592 14.558 15.914 14.645 16.028 15.896 17.450 17.316 330.41  683.24   5.40   6.55
   9  13.674 15.042 15.009 16.424 15.015 16.457 16.320 17.943 17.803 330.41  687.99   5.71   6.58
 
POINT INCCHR INCMLR INCOPR INCPSR INCCHS INCMLS INCOPS INCPSS ALFCHR ALFCHS    CMR    CMS   BLK1   BLK2   BLK3   BLK4
   1  -23.60  -6.45   0.05   4.01 -22.61  -7.30  -1.03   2.84  34.96  37.08  31.46  21.71   1.20   0.84   0.91   0.74
   2  -23.82  -6.45   0.05   4.01 -22.88  -7.30  -1.03   2.84  34.74  36.82  33.84  24.39   1.30   0.91   0.98   0.82
   3  -24.40  -6.45   0.05   4.01 -23.55  -7.30  -1.03   2.84  34.16  36.15  40.15  31.41   1.65   1.17   1.22   1.08
   4  -25.13  -6.45   0.05   4.01 -24.37  -7.30  -1.03   2.84  33.43  35.33  48.50  40.52   2.30   1.64   1.66   1.62
   5  -25.86  -6.45   0.05   4.01 -25.15  -7.30  -1.03   2.84  32.71  34.54  57.05  49.69   3.30   2.36   2.34   2.47
   6  -26.50  -6.45   0.05   4.01 -25.79  -7.30  -1.03   2.84  32.06  33.90  64.60  57.60   4.61   3.26   3.19   3.61
   7  -27.08  -6.45   0.05   4.01 -26.30  -7.30  -1.03   2.84  31.48  33.39  70.75  63.83   6.04   4.12   4.01   4.78
   8  -27.53  -6.45   0.05   4.01 -26.75  -7.30  -1.03   2.84  31.03  32.95  74.99  68.62   7.52   4.77   4.63   5.49
   9  -28.04  -6.45   0.05   4.01 -27.09  -7.30  -1.03   2.84  30.52  32.61  79.15  72.88   8.87   4.85   4.71   6.13
 
POINT WR-PRF WR-SHK WR-TIP WR-SEC WS-PRF WS-SHK WS-TIP WS-SEC   O/SR   O/SS  CLV2R  CLV2S   DEHR   DEHS    LG2   KOCH
   1   0.027  0.000  0.002  0.018  0.028  0.000  0.003  0.018  0.673  0.659  0.516  0.477  0.898  0.909  1.405  0.231
   2   0.027  0.000  0.002  0.017  0.027  0.000  0.003  0.017  0.673  0.659  0.551  0.519  0.887  0.896  1.406  0.254
   3   0.027  0.000  0.002  0.016  0.027  0.000  0.003  0.016  0.673  0.659  0.648  0.634  0.859  0.863  1.408  0.309
   4   0.027  0.000  0.002  0.015  0.028  0.000  0.003  0.015  0.673  0.659  0.784  0.793  0.823  0.822  1.411  0.376
   5   0.027  0.000  0.002  0.013  0.029  0.000  0.003  0.013  0.673  0.659  0.934  0.966  0.787  0.784  1.414  0.437
   6   0.027  0.000  0.002  0.013  0.029  0.000  0.003  0.013  0.673  0.659  1.074  1.126  0.757  0.752  1.416  0.486
   7   0.027  0.000  0.002  0.012  0.029  0.000  0.003  0.013  0.673  0.659  1.186  1.249  0.733  0.730  1.418  0.520
   8   0.027  0.000  0.003  0.012  0.029  0.000  0.004  0.013  0.673  0.659  1.261  1.337  0.717  0.714  1.421  0.542
   9   0.027  0.000  0.003  0.012  0.029  0.000  0.005  0.013  0.673  0.659  1.331  1.412  0.700  0.703  1.424  0.561
 
POINT   VAU1   VAU2   VAU3   VAU4  DHUSQ EDHUSQ   DT/T  R_TOT R_STAT    PTS SPRCIR SPRCIS SPRCCR SPRCCS ETAADI
   1   0.578  0.583  0.596  0.605  0.193  0.161  0.031  1.100  1.092  0.938  0.276  0.246  0.214  0.190 0.8360
   2   0.572  0.575  0.587  0.594  0.202  0.171  0.032  1.106  1.100  0.949  0.293  0.267  0.232  0.212 0.8486
   3   0.554  0.553  0.565  0.568  0.226  0.196  0.036  1.121  1.121  0.977  0.337  0.319  0.275  0.263 0.8703
   4   0.533  0.527  0.538  0.537  0.256  0.227  0.040  1.139  1.144  1.009  0.391  0.380  0.329  0.323 0.8893
   5   0.512  0.502  0.512  0.508  0.285  0.257  0.044  1.156  1.164  1.038  0.442  0.436  0.380  0.378 0.9028
   6   0.496  0.481  0.491  0.486  0.309  0.281  0.047  1.169  1.180  1.062  0.484  0.479  0.422  0.421 0.9113
   7   0.484  0.466  0.474  0.470  0.326  0.298  0.049  1.178  1.190  1.077  0.514  0.508  0.453  0.450 0.9157
   8   0.478  0.455  0.463  0.459  0.336  0.308  0.050  1.182  1.196  1.087  0.534  0.528  0.473  0.469 0.9172
   9   0.474  0.444  0.452  0.450  0.344  0.315  0.051  1.186  1.201  1.094  0.554  0.542  0.492  0.482 0.9174
 
 
STAGE 12 SUMMARY
POINT   ALF1   ALF2   ALF3   ALF4   DEFR   DEFS     WR     WS    MNR    MNS    DFR    DFS   INCR   INCS
   1  -43.96 -34.42  42.99  33.88   9.54   9.11  0.054  0.084  0.552  0.560  0.120  0.081 -14.23 -15.61
   2  -44.79 -34.48  44.02  33.94  10.31  10.07  0.050  0.067  0.548  0.555  0.145  0.115 -13.40 -14.58
   3  -46.84 -34.61  46.43  34.09  12.23  12.34  0.047  0.056  0.540  0.544  0.205  0.185 -11.35 -12.17
   4  -49.33 -34.72  49.18  34.24  14.61  14.94  0.045  0.052  0.530  0.533  0.276  0.262  -8.87  -9.42
   5  -51.63 -34.75  51.55  34.37  16.88  17.18  0.043  0.048  0.522  0.525  0.339  0.328  -6.56  -7.05
   6  -53.48 -34.70  53.28  34.57  18.78  18.71  0.043  0.047  0.517  0.519  0.386  0.382  -4.71  -5.32
   7  -54.89 -34.85  54.87  34.65  20.04  20.23  0.044  0.048  0.512  0.513  0.429  0.423  -3.30  -3.73
   8  -55.96 -34.78  55.70  34.75  21.19  20.95  0.045  0.049  0.508  0.510  0.451  0.446  -2.23  -2.90
   9  -56.73 -34.66  56.12  34.94  22.07  21.18  0.047  0.051  0.506  0.509  0.464  0.462  -1.47  -2.48
 
POINT    PS1    PS2    PS3    PS4    PT0    PT1    PT2    PT3    PT4    UM      T0    DEVR   DEVS
   1  10.450 10.821 10.762 11.037 12.228 12.801 12.662 13.255 13.046 327.97  655.24   4.55   3.35
   2  10.711 11.152 11.095 11.502 12.456 13.086 12.953 13.617 13.447 327.97  658.29   4.61   3.41
   3  11.408 12.012 11.960 12.595 13.077 13.850 13.722 14.564 14.417 327.97  666.49   4.74   3.56
   4  12.371 13.175 13.128 14.016 13.953 14.920 14.792 15.861 15.720 327.97  677.68   4.84   3.71
   5  13.433 14.432 14.389 15.521 14.940 16.110 15.979 17.279 17.140 327.97  689.77   4.88   3.84
   6  14.451 15.617 15.578 16.931 15.904 17.262 17.126 18.628 18.485 327.97  701.15   4.83   4.04
   7  15.313 16.627 16.590 18.105 16.725 18.229 18.085 19.761 19.610 327.97  710.57   4.98   4.12
   8  15.941 17.330 17.297 18.917 17.316 18.924 18.772 20.566 20.405 327.97  717.27   4.90   4.22
   9  16.452 17.896 17.865 19.568 17.803 19.502 19.342 21.216 21.044 327.97  722.78   4.79   4.41
 
POINT INCCHR INCMLR INCOPR INCPSR INCCHS INCMLS INCOPS INCPSS ALFCHR ALFCHS    CMR    CMS   BLK1   BLK2   BLK3   BLK4
   1  -25.05  -6.58  -0.08   3.87 -22.17  -6.10   0.43   4.44  33.15  36.44  32.62  18.00   1.20   0.87   0.96   0.71
   2  -25.43  -6.58  -0.08   3.87 -22.61  -6.10   0.43   4.44  32.76  35.99  36.72  22.30   1.28   0.98   1.07   0.83
   3  -26.36  -6.58  -0.08   3.87 -23.64  -6.10   0.43   4.44  31.83  34.96  47.15  32.81   1.55   1.40   1.45   1.27
   4  -27.40  -6.58  -0.08   3.87 -24.77  -6.10   0.43   4.44  30.80  33.83  60.17  45.38   2.10   2.33   2.31   2.24
   5  -28.24  -6.58  -0.08   3.87 -25.74  -6.10   0.43   4.44  29.96  32.86  72.36  56.88   3.00   3.88   3.77   3.74
   6  -28.78  -6.58  -0.08   3.87 -26.59  -6.10   0.43   4.44  29.42  32.01  81.80  66.45   4.19   5.92   5.70   5.06
   7  -29.50  -6.58  -0.08   3.87 -27.22  -6.10   0.43   4.44  28.70  31.38  91.27  74.86   5.04   6.70   6.42   6.19
   8  -29.77  -6.58  -0.08   3.87 -27.55  -6.10   0.43   4.44  28.42  31.05  96.91  79.39   5.28   8.02   7.63   7.41
   9  -29.77  -6.58  -0.08   3.87 -27.93  -6.10   0.43   4.44  28.43  30.67  99.54  83.00   5.84   9.68   9.15   8.29
 
POINT WR-PRF WR-SHK WR-TIP WR-SEC WS-PRF WS-SHK WS-TIP WS-SEC   O/SR   O/SS  CLV2R  CLV2S   DEHR   DEHS    LG2   KOCH
   1   0.028  0.000  0.006  0.020  0.053  0.000  0.011  0.020  0.680  0.659  0.430  0.331  0.931  0.953  1.452  0.138
   2   0.026  0.000  0.005  0.019  0.038  0.000  0.010  0.019  0.680  0.659  0.482  0.390  0.916  0.930  1.453  0.182
   3   0.025  0.000  0.005  0.017  0.030  0.000  0.009  0.017  0.680  0.659  0.619  0.531  0.877  0.883  1.455  0.261
   4   0.025  0.000  0.004  0.016  0.028  0.000  0.008  0.015  0.680  0.659  0.803  0.712  0.832  0.830  1.458  0.342
   5   0.025  0.000  0.004  0.014  0.027  0.000  0.007  0.014  0.680  0.659  0.993  0.893  0.793  0.785  1.459  0.410
   6   0.025  0.000  0.004  0.014  0.027  0.000  0.007  0.013  0.680  0.659  1.159  1.057  0.763  0.747  1.461  0.460
   7   0.025  0.000  0.005  0.013  0.027  0.000  0.009  0.012  0.680  0.659  1.310  1.199  0.735  0.719  1.462  0.497
   8   0.025  0.000  0.007  0.013  0.027  0.000  0.010  0.012  0.680  0.659  1.403  1.281  0.722  0.704  1.463  0.515
   9   0.025  0.000  0.008  0.014  0.027  0.000  0.012  0.012  0.680  0.659  1.463  1.339  0.715  0.691  1.464  0.526
 
POINT   VAU1   VAU2   VAU3   VAU4  DHUSQ EDHUSQ   DT/T  R_TOT R_STAT    PTS SPRCIR SPRCIS SPRCCR SPRCCS ETAADI
   1   0.603  0.610  0.625  0.637  0.161  0.114  0.025  1.067  1.056  0.903  0.221  0.193  0.158  0.110 0.7125
   2   0.593  0.597  0.611  0.618  0.175  0.136  0.027  1.080  1.074  0.923  0.247  0.232  0.186  0.161 0.7767
   3   0.567  0.567  0.580  0.579  0.210  0.176  0.032  1.102  1.104  0.963  0.308  0.308  0.247  0.244 0.8391
   4   0.536  0.534  0.545  0.539  0.250  0.219  0.037  1.127  1.133  1.004  0.376  0.387  0.315  0.325 0.8760
   5   0.508  0.506  0.516  0.507  0.287  0.258  0.042  1.147  1.155  1.039  0.434  0.452  0.373  0.392 0.8981
   6   0.486  0.486  0.495  0.481  0.316  0.287  0.045  1.162  1.172  1.065  0.475  0.503  0.415  0.444 0.9091
   7   0.469  0.467  0.475  0.462  0.338  0.309  0.047  1.173  1.182  1.083  0.512  0.538  0.450  0.478 0.9137
   8   0.455  0.458  0.466  0.452  0.352  0.321  0.049  1.178  1.187  1.092  0.529  0.557  0.466  0.495 0.9144
   9   0.446  0.454  0.461  0.444  0.361  0.330  0.049  1.182  1.189  1.099  0.538  0.571  0.473  0.508 0.9135
 
 
STAGE 13 SUMMARY
POINT   ALF1   ALF2   ALF3   ALF4   DEFR   DEFS     WR     WS    MNR    MNS    DFR    DFS   INCR   INCS
   1  -40.96 -34.10  37.41  33.56   6.86   3.84  0.099  0.993  0.566  0.573  0.027 -0.565 -18.03 -21.82
   2  -42.44 -34.26  39.73  33.74   8.18   5.99  0.064  0.220  0.558  0.561  0.082 -0.016 -16.55 -19.50
   3  -45.47 -34.54  43.55  34.06  10.93   9.49  0.050  0.061  0.544  0.541  0.176  0.135 -13.53 -15.68
   4  -48.70 -34.76  47.25  34.39  13.94  12.85  0.048  0.053  0.531  0.524  0.269  0.241 -10.30 -11.98
   5  -51.41 -34.81  50.06  34.74  16.60  15.32  0.047  0.050  0.520  0.513  0.341  0.326  -7.59  -9.16
   6  -53.56 -34.77  52.26  35.06  18.79  17.20  0.047  0.049  0.512  0.505  0.396  0.392  -5.44  -6.97
   7  -55.18 -34.74  53.66  35.29  20.43  18.36  0.049  0.050  0.506  0.500  0.434  0.435  -3.82  -5.57
   8  -56.02 -34.55  54.10  35.66  21.47  18.44  0.050  0.052  0.503  0.497  0.445  0.459  -2.97  -5.13
   9  -56.66 -34.20  54.15  36.09  22.47  18.07  0.050  0.054  0.499  0.496  0.443  0.476  -2.33  -5.07
 
POINT    PS1    PS2    PS3    PS4    PT0    PT1    PT2    PT3    PT4    UM      T0    DEVR   DEVS
   1  10.962 10.987 10.901  6.821 13.046 13.560 13.290 13.561 10.919 326.26  671.39   5.39   4.03
   2  11.431 11.692 11.613 11.259 13.447 14.064 13.883 14.308 13.715 326.26  675.89   5.55   4.20
   3  12.532 13.086 13.016 13.528 14.417 15.260 15.109 15.808 15.637 326.26  687.53   5.83   4.52
   4  13.960 14.799 14.738 15.621 15.720 16.836 16.683 17.691 17.534 326.26  702.73   6.05   4.86
   5  15.471 16.558 16.505 17.715 17.140 18.521 18.361 19.658 19.500 326.26  718.40   6.10   5.21
   6  16.886 18.183 18.138 19.633 18.485 20.098 19.929 21.488 21.324 326.26  732.59   6.06   5.52
   7  18.065 19.516 19.479 21.176 19.610 21.420 21.239 22.992 22.815 326.26  744.08   6.03   5.76
   8  18.880 20.389 20.362 22.187 20.405 22.330 22.140 23.993 23.803 326.26  752.09   5.84   6.12
   9  19.533 21.049 21.041 22.963 21.044 23.049 22.856 24.769 24.566 326.26  758.54   5.49   6.55
 
POINT INCCHR INCMLR INCOPR INCPSR INCCHS INCMLS INCOPS INCPSS ALFCHR ALFCHS    CMR    CMS   BLK1   BLK2   BLK3   BLK4
   1  -24.13  -7.26  -0.93   2.94 -23.21  -6.58  -0.20   3.77  34.87  36.02  17.47   3.85   0.82   0.62   0.82   0.18
   2  -24.82  -7.26  -0.93   2.94 -24.35  -6.58  -0.20   3.77  34.18  34.87  24.18  13.92   0.93   0.77   0.94   0.54
   3  -26.26  -7.26  -0.93   2.94 -26.42  -6.58  -0.20   3.77  32.73  32.80  38.92  32.76   1.33   1.29   1.41   0.89
   4  -27.73  -7.26  -0.93   2.94 -28.49  -6.58  -0.20   3.77  31.27  30.74  55.75  53.72   2.22   2.61   2.62   1.68
   5  -28.83  -7.26  -0.93   2.94 -30.20  -6.58  -0.20   3.77  30.17  29.02  70.41  72.49   3.62   4.95   4.78   3.02
   6  -29.71  -7.26  -0.93   2.94 -31.57  -6.58  -0.20   3.77  29.29  27.65  82.87  88.99   4.85   7.16   6.77   4.17
   7  -30.16  -7.26  -0.93   2.94 -32.63  -6.58  -0.20   3.77  28.84  26.60  91.33 101.73   5.88   9.34   8.73   5.50
   8  -30.25  -7.26  -0.93   2.94 -33.50  -6.58  -0.20   3.77  28.75  25.73  94.88 110.26   6.99  12.01  11.02   6.38
   9  -30.10  -7.26  -0.93   2.94 -34.32  -6.58  -0.20   3.77  28.90  24.90  96.10 117.48   7.79  15.03  13.41   6.99
 
POINT WR-PRF WR-SHK WR-TIP WR-SEC WS-PRF WS-SHK WS-TIP WS-SEC   O/SR   O/SS  CLV2R  CLV2S   DEHR   DEHS    LG2   KOCH
   1   0.066  0.000  0.009  0.023  0.920  0.000  0.021  0.052  0.677  0.670  0.258 -0.173  0.994  1.471  1.412   N/A 
   2   0.034  0.000  0.008  0.022  0.185  0.000  0.010  0.025  0.677  0.670  0.354  0.162  0.958  1.022  1.414   N/A 
   3   0.024  0.000  0.007  0.019  0.034  0.000  0.008  0.020  0.677  0.670  0.546  0.398  0.899  0.914  1.418  0.200
   4   0.025  0.000  0.006  0.016  0.029  0.000  0.007  0.017  0.677  0.670  0.778  0.623  0.841  0.842  1.422  0.311
   5   0.026  0.000  0.006  0.015  0.030  0.000  0.006  0.014  0.677  0.670  0.996  0.838  0.797  0.783  1.425  0.392
   6   0.027  0.000  0.006  0.014  0.030  0.000  0.006  0.013  0.677  0.670  1.191  1.037  0.763  0.737  1.428  0.451
   7   0.027  0.000  0.008  0.014  0.030  0.000  0.008  0.013  0.677  0.670  1.336  1.181  0.740  0.707  1.430  0.486
   8   0.027  0.000  0.009  0.014  0.029  0.000  0.010  0.013  0.677  0.670  1.389  1.254  0.735  0.689  1.433  0.501
   9   0.027  0.000  0.009  0.014  0.029  0.000  0.012  0.013  0.677  0.670  1.397  1.298  0.740  0.675  1.435  0.507
 
POINT   VAU1   VAU2   VAU3   VAU4  DHUSQ EDHUSQ   DT/T  R_TOT R_STAT    PTS SPRCIR SPRCIS SPRCCR SPRCCS ETAADI
   1   0.658  0.684  0.703  1.065  0.106 -0.315  0.016  0.837  0.622  0.523  0.103 -1.084  0.010 -1.534   N/A 
   2   0.638  0.652  0.670  0.705  0.137  0.036  0.020  1.020  0.985  0.837  0.168  0.053  0.099 -0.131 0.2640
   3   0.597  0.601  0.617  0.611  0.190  0.152  0.027  1.085  1.080  0.938  0.265  0.250  0.203  0.183 0.8009
   4   0.556  0.556  0.569  0.552  0.244  0.210  0.034  1.115  1.119  0.994  0.355  0.361  0.292  0.299 0.8627
   5   0.521  0.523  0.534  0.509  0.286  0.255  0.039  1.138  1.145  1.034  0.420  0.445  0.356  0.384 0.8890
   6   0.494  0.498  0.507  0.476  0.319  0.288  0.043  1.154  1.163  1.062  0.468  0.507  0.404  0.446 0.9017
   7   0.473  0.483  0.490  0.455  0.342  0.310  0.045  1.163  1.172  1.080  0.498  0.545  0.433  0.483 0.9060
   8   0.463  0.480  0.485  0.443  0.352  0.319  0.046  1.167  1.175  1.087  0.504  0.566  0.438  0.503 0.9060
   9   0.454  0.484  0.485  0.433  0.357  0.323  0.046  1.167  1.176  1.091  0.497  0.581  0.431  0.516 0.9054
 
 
OGV SUMMARY
POINT   ALF3   ALF4   DEFS     WS    MNS    DFS   INCS
   1   32.87  11.77  21.11  0.047  0.874  0.371  -1.13
   2   33.33  11.11  22.23  0.049  0.551  0.339  -0.67
   3   33.69  11.12  22.57  0.050  0.470  0.341  -0.31
   4   34.05  11.19  22.86  0.050  0.419  0.348   0.05
   5   34.43  11.33  23.10  0.049  0.381  0.359   0.43
   6   34.77  11.48  23.29  0.049  0.353  0.370   0.77
   7   35.03  11.62  23.41  0.049  0.336  0.380   1.03
   8   35.41  11.76  23.64  0.050  0.326  0.391   1.41
   9   35.84  11.92  23.92  0.050  0.319  0.401   1.84
 
POINT    PS3    PS4    PT3    PT4    T0    DEVS
   1   6.693  8.003 10.919 10.721 681.88  18.27
   2  11.210 11.809 13.715 13.591 689.42  17.61
   3  13.489 14.007 15.637 15.530 706.34  17.62
   4  15.588 16.076 17.534 17.438 726.72  17.69
   5  17.687 18.170 19.500 19.411 746.49  17.83
   6  19.609 20.093 21.324 21.239 763.80  17.98
   7  21.154 21.648 22.815 22.733 777.46  18.12
   8  22.167 22.675 23.803 23.722 786.37  18.26
   9  22.945 23.468 24.566 24.486 793.26  18.42
 
POINT INCCHS INCMLS INCOPS INCPSS   BLK3   BLK4
   1    2.46   6.00   1.65   8.84   0.40   3.83
   2  -34.00   4.16   1.65   8.84   0.72   2.78
   3  -34.00   3.19   1.65   8.84   1.04   2.54
   4  -34.00   2.52   1.65   8.84   1.79   2.64
   5  -34.00   1.97   1.65   8.84   3.06   2.98
   6  -34.00   1.52   1.65   8.84   4.14   3.12
   7  -34.00   1.19   1.65   8.84   5.39   3.49
   8  -34.00   0.99   1.65   8.84   6.23   3.72
   9  -34.00   0.85   1.65   8.84   6.81   3.86
 
POINT WS-PRF WS-SHK WS-TIP WS-SEC   O/SS
   1   0.024  0.000  0.006  0.017  0.804
   2   0.024  0.000  0.006  0.019  0.804
   3   0.024  0.000  0.006  0.019  0.804
   4   0.024  0.000  0.006  0.019  0.804
   5   0.024  0.000  0.006  0.019  0.804
   6   0.024  0.000  0.006  0.019  0.804
   7   0.024  0.000  0.006  0.018  0.804
   8   0.025  0.000  0.007  0.018  0.804
   9   0.025  0.000  0.007  0.018  0.804
 
 
DIFFUSER EXIT SUMMARY
POINT   DP/P   PT     PS     MN
   1  0.0238 10.466 10.109  0.226
   2  0.0150 13.388 13.110  0.176
   3  0.0117 15.348 15.102  0.154
   4  0.0096 17.271 17.047  0.139
   5  0.0079 19.258 19.053  0.126
   6  0.0067 21.097 20.906  0.116
   7  0.0059 22.599 22.419  0.109
   8  0.0055 23.593 23.420  0.104
   9  0.0051 24.360 24.192  0.101
 
 
OVERALL RESULTS FOR SPEEDLINE  1    NRT =  3606.4    TEMP =  31.4
 
                   INLET   DIFFUSER
         INLET    FLANGE     EXIT           ----------BLADING--------  -------COMPRESSOR--------
POINT     FLOW     WCORR     WCORR    DT/T     PR     ETAADI  ETAPOLY     PR     ETAADI  ETAPOLY
   1   549.8905  568.6093   73.0979  1.239  10.8029   0.7603   0.8234  10.3858   0.7432   0.8098
   2   549.7194  568.4323   57.4417  1.264  13.6945   0.8497   0.8927  13.2852   0.8359   0.8824
   3   549.2124  567.9081   50.6680  1.319  15.6481   0.8718   0.9100  15.2309   0.8597   0.9011
   4   548.3892  567.0568   45.6024  1.386  17.5693   0.8786   0.9159  17.1395   0.8677   0.9080
   5   547.2814  565.9113   41.3676  1.451  19.5557   0.8836   0.9203  19.1106   0.8736   0.9132
   6   545.9315  564.5154   38.1030  1.508  21.3960   0.8868   0.9233  20.9354   0.8775   0.9168
   7   544.3913  562.9229   35.7860  1.553  22.8993   0.8884   0.9250  22.4259   0.8796   0.9189
   8   542.7202  561.1949   34.3684  1.582  23.8933   0.8889   0.9257  23.4122   0.8804   0.9198
   9   540.9823  559.3978   33.3246  1.605  24.6597   0.8888   0.9259  24.1734   0.8806   0.9202
