         *****************************************************************
         *****************************************************************
         **                                                             **
         **                (c) SIEMENS ENERGY, INC.                     **
         **                                                             **
         **   COMPRESSOR MEAN LINE OFF-DESIGN PROGRAM  Version 2.0b dev **
         **                                                             **
         **                 04-Sep-2012   13:37:59                      **
         **                                                             **
         *****************************************************************
         *****************************************************************
 
 CMDP/CMODP: HARMONIZED COMPRESSOR  Test data RFT 163 Pt.1  Run 32.544  6/14/2006  @14:23
 Corr Flow = 566.486 kg/s  Blading  PR = 18.625  adia. eff. = 88.46% ,IGV 5.48,VGV1 0.49,VGV2 0.72,VGV3 2.98
 NO OF STAGES = 13
 ANNULUS DETAILS (mm)
        STAGE           X-HUB     R-HUB   X-CASING  R-CASING
 ROTOR    1  INLET     498.59    546.81    544.31   1122.66
 ROTOR    1  EXIT      800.17    598.99    735.58   1104.21
 STATOR   1  INLET     843.10    608.20    830.25   1093.56
 STATOR   1  EXIT     1020.45    645.71   1033.31   1064.24
 ROTOR    2  INLET    1057.93    653.47   1080.07   1058.43
 ROTOR    2  EXIT     1234.18    686.34   1201.29   1044.79
 STATOR   2  INLET    1264.54    691.49   1255.57   1039.19
 STATOR   2  EXIT     1396.79    713.01   1408.28   1025.03
 ROTOR    3  INLET    1432.02    718.62   1450.06   1022.04
 ROTOR    3  EXIT     1580.75    739.30   1548.51   1016.77
 STATOR   3  INLET    1609.90    742.81   1602.84   1014.25
 STATOR   3  EXIT     1722.00    755.48   1738.03   1009.10
 ROTOR    4  INLET    1754.66    758.90   1779.63   1007.85
 ROTOR    4  EXIT     1888.57    769.40   1856.01   1005.81
 STATOR   4  INLET    1919.78    771.34   1910.67   1004.29
 STATOR   4  EXIT     2002.49    776.65   2020.90    999.88
 ROTOR    5  INLET    2036.13    778.62   2057.70    998.11
 ROTOR    5  EXIT     2159.87    784.83   2130.36    994.54
 STATOR   5  INLET    2180.50    785.79   2170.01    992.54
 STATOR   5  EXIT     2246.10    788.66   2258.25    986.71
 ROTOR    6  INLET    2324.04    792.51   2347.95    980.75
 ROTOR    6  EXIT     2432.20    796.69   2407.58    976.52
 STATOR   6  INLET    2447.75    797.20   2444.33    973.78
 STATOR   6  EXIT     2515.76    799.30   2518.67    967.96
 ROTOR    7  INLET    2536.90    799.88   2559.21    964.71
 ROTOR    7  EXIT     2636.66    801.98   2611.66    960.27
 STATOR   7  INLET    2653.68    802.28   2648.71    956.90
 STATOR   7  EXIT     2712.83    803.52   2716.82    950.37
 ROTOR    8  INLET    2733.41    803.31   2749.80    946.73
 ROTOR    8  EXIT     2809.14    804.05   2792.48    942.45
 STATOR   8  INLET    2827.69    804.16   2827.17    939.31
 STATOR   8  EXIT     2895.61    804.43   2892.95    933.82
 ROTOR    9  INLET    2967.29    804.67   2983.75    926.24
 ROTOR    9  EXIT     3042.90    804.44   3025.75    922.73
 STATOR   9  INLET    3064.15    804.46   3059.80    919.87
 STATOR   9  EXIT     3116.05    804.59   3119.52    914.85
 ROTOR   10  INLET    3134.73    804.62   3147.58    912.24
 ROTOR   10  EXIT     3198.58    804.53   3186.81    908.30
 STATOR  10  INLET    3218.25    804.56   3213.28    906.02
 STATOR  10  EXIT     3265.26    804.68   3269.30    901.90
 ROTOR   11  INLET    3282.02    804.72   3293.30    900.14
 ROTOR   11  EXIT     3345.96    804.83   3335.00    897.08
 STATOR  11  INLET    3365.04    804.86   3358.75    895.38
 STATOR  11  EXIT     3412.08    804.94   3417.88    891.24
 ROTOR   12  INLET    3478.53    805.04   3486.45    886.62
 ROTOR   12  EXIT     3530.82    804.97   3525.41    884.11
 STATOR  12  INLET    3552.28    804.94   3549.71    882.60
 STATOR  12  EXIT     3595.35    804.87   3596.34    879.78
 ROTOR   13  INLET    3616.15    804.83   3627.09    877.90
 ROTOR   13  EXIT     3670.84    804.59   3659.97    875.87
 STATOR  13  INLET    3699.32    804.57   3697.26    874.16
 STATOR  13  EXIT     3740.09    804.57   3741.52    872.73
 OGV         INLET    3767.51    804.80   3767.85    872.29
 OGV         EXIT     3831.58    804.75   3831.27    872.30

 ROTOR BLADE GEOMETRY AND STAGE PRESSURE RATIO                                                                 STAGE
         BLADE                                                                         DELTA   DELTA         PRESSURE
 STAGE   TYPE  IFORM   S/C    T/C    BETA1   A/C  SHAPEK    O/S   NOB   BETA2 STAGGER   DEVN    LOSS   TCLHR   RATIO
   1      2      1    0.764  0.058  50.260  0.537  0.500  0.6642   20  28.400  42.570  0.000  0.0000  0.0046  1.5020
   2      2      1    0.715  0.067  51.170  0.465  0.500  0.6369   36  31.660  42.010  0.000  0.0000  0.0035  1.4850
   3      2      1    0.754  0.054  53.520  0.417  0.500  0.6170   42  33.020  43.550  0.000  0.0000  0.0030  1.4100
   4      2      1    0.750  0.053  55.830  0.399  0.500  0.6058   48  35.630  44.400  0.000  0.0000  0.0057  1.3180
   5      2      1    0.842  0.059  57.620  0.367  0.500  0.6191   46  35.290  44.840  0.000  0.0000  0.0056  1.2880
   6      3      1    0.926  0.082   0.000  0.500  0.000  0.6222   48   0.000   0.000  0.000  0.0000  0.0060  1.2010
   7      3      1    0.792  0.057   0.000  0.500  0.000  0.6238   63   0.000   0.000  0.000  0.0000  0.0083  1.1970
   8      3      1    1.010  0.079   0.000  0.500  0.000  0.6533   65   0.000   0.000  0.000  0.0000  0.0105  1.1800
   9      3      1    0.997  0.055   0.000  0.500  0.000  0.6802   67   0.000   0.000  0.000  0.0000  0.0171  1.1740
  10      3      1    0.863  0.058   0.000  0.500  0.000  0.6865   90   0.000   0.000  0.000  0.0000  0.0153  1.1670
  11      3      1    0.856  0.077   0.000  0.500  0.000  0.6731   88   0.000   0.000  0.000  0.0000  0.0146  1.1530
  12      3      1    0.913  0.067   0.000  0.500  0.000  0.6805   92   0.000   0.000  0.000  0.0000  0.0260  1.1450
  13      3      1    0.955  0.102   0.000  0.500  0.000  0.6775   95   0.000   0.000  0.000  0.0000  0.0334  1.1430


 STATOR BLADE GEOMETRY AND STATOR EXIT FLOW ANGLE
        BLADE                                                                          DELTA   DELTA          STATOR
 STAGE   TYPE  IFORM   S/C    T/C    BETA1   A/C  SHAPEK    O/S   NOB   BETA2 STAGGER   DEVN    LOSS   TCLHS  ALPHA4
   1      2      1    0.764  0.063  46.120  0.438  0.500  0.7474   34  10.560  26.560  0.000  0.0000  0.0038  20.690
   2      2      1    0.750  0.069  48.830  0.418  0.500  0.7216   46  13.135  28.190  0.000  0.0000  0.0047  22.120
   3      2      1    0.721  0.065  52.290  0.325  0.500  0.7153   54  22.290  33.860  0.000  0.0000  0.0061  27.860
   4      2      1    0.794  0.079  53.130  0.359  0.500  0.6715   58  27.940  38.350  0.000  0.0000  0.0115  32.680
   5      3      1    1.010  0.074   0.000  0.500  0.000  0.6535   54   0.000   0.000  0.000  0.0000  0.0118  39.310
   6      3      1    0.778  0.084   0.000  0.500  0.000  0.6401   72   0.000   0.000  0.000  0.0000  0.0093  38.520
   7      3      1    0.896  0.067   0.000  0.500  0.000  0.6514   74   0.000   0.000  0.000  0.0000  0.0131  38.790
   8      3      1    0.816  0.087   0.000  0.500  0.000  0.6454   76   0.000   0.000  0.000  0.0000  0.0111  38.450
   9      3      1    0.896  0.101   0.000  0.500  0.000  0.6503   78   0.000   0.000  0.000  0.0000  0.0208  38.010
  10      3      1    0.933  0.085   0.000  0.500  0.000  0.6727   86   0.000   0.000  0.000  0.0000  0.0232  36.700
  11      3      1    0.890  0.112   0.000  0.500  0.000  0.6591   90   0.000   0.000  0.000  0.0000  0.0181  35.960
  12      3      1    0.779  0.101   0.000  0.500  0.000  0.6588  118   0.000   0.000  0.000  0.0000  0.0382  35.280
  13      3      1    0.787  0.088   0.000  0.500  0.000  0.6700  120   0.000   0.000  0.000  0.0000  0.0347  35.220

 OUTLET GUIDE VANE GEOMETRY
        BLADE                                                                          DELTA   DELTA
         TYPE  IFORM   S/C    T/C    BETA1   A/C  SHAPEK    O/S   NOB   BETA2 STAGGER   DEVN    LOSS   TCLHS
          2      1    0.672  0.080  34.000  0.500  0.500  0.8044  120  -6.500  13.750  0.000  0.0000  0.0347

 INLET BLOCKAGE (PERCENT)
 HUB      CASING
 1.00      1.00

 ANNULUS BLOCKAGE (PERCENT)
 BLOCKAGE TYPE = 1                              1 - Blockage delta  2 - Total blockage
 STAGE    ROTOR INLET    ROTOR EXIT    STATOR INLET    STATOR EXIT
   1         0.00           0.00           0.00           0.00
   2         0.00           0.00           0.00           0.00
   3         0.00           0.00           0.00           0.00
   4         0.00           0.00           0.00           0.00
   5         0.00           0.00           0.00           0.00
   6         0.00           0.00           0.00           0.00
   7         0.00           0.00           0.00           0.00
   8         0.00           0.00           0.00           0.00
   9         0.00           0.00           0.00           0.00
  10         0.00           0.00           0.00           0.00
  11         0.00           0.00           0.00           0.00
  12         0.00           0.00           0.00           0.00
  13         0.00           0.00           0.00           0.00
  OGV                                      0.00           0.00

 3 BLEEDS SPECIFIED AFTER STAGES      5     8    11
 BLEED FLOWS (% OF INLET FLOW)     0.67  3.54  6.56

 VARIABLE BLEED SCHEDULE
 NUMBER OF VARIABLE BLEEDS = 0
 FRACTION OF
 DESIGN NRT      1        2        3
   0.00        0.20     0.40     1.60
   0.90        0.10     0.20     0.80
   0.95        0.05     0.10     0.40
   1.00        0.00     0.00     0.00
   1.10        0.00     0.00     0.00
 
 VARIABLE STATORS
 NUMBER OF VARIABLE STATORS = 3
 VG(1) = 0.3670
 VG(2) = 0.3330
 VG(3) = 0.2000

 ROTOR HPA DESIGN POINT DATA
 STAGE   BETA1   DBETA    T/C     AVDR   MACH1
   6    55.524  12.973   0.074   1.048   0.643
   7    55.259  14.054   0.057   1.044   0.614
   8    54.771  15.021   0.078   1.045   0.594
   9    53.742  16.155   0.054   1.040   0.573
  10    51.655  15.928   0.058   1.033   0.556
  11    52.356  16.570   0.077   1.038   0.545
  12    52.359  16.620   0.067   1.036   0.533
  13    52.220  16.170   0.101   1.026   0.526

 STATOR HPA DESIGN POINT DATA
 STAGE   BETA1   DBETA    T/C     AVDR   MACH1
   5    55.024  15.700   0.074   1.065   0.587
   6    53.290  14.943   0.084   1.043   0.578
   7    54.132  15.513   0.068   1.056   0.574
   8    53.880  15.780   0.087   1.057   0.569
   9    53.210  15.300   0.102   1.045   0.562
  10    52.478  15.960   0.085   1.045   0.555
  11    52.550  16.619   0.112   1.044   0.542
  12    52.099  16.968   0.058   1.037   0.528
  13    52.124  16.819   0.088   1.021   0.514

 LOSS MODEL                   = 1               0 - Miller-Wright   1 - Calvert's revisions
 SURGE MODEL                  = 5               1 - Density ratio   2 - Static pressure ratio  3 - Total pressure ratio  4 - Eta*Cp*DT  5 - PGK
 INCIDENCE TYPE               = 2               1 - Zero incidence  2 - Minimum loss incidence
 TIP CLEARANCE TYPE           = 1               1 - Clearance over height   2 - In millimeters
 DELTA LOSS FOR ALL ROWS      = 0.00000
 DELTA DEVIATION FOR ALL ROWS = -0.7320
 LOSS FACTOR FOR ALL ROWS     = 1.0000
 BLOCKAGE FACTOR FOR ALL ROWS = 1.000
 
 HPA MINIMUM LOSS CORR.       = 1.8840
 HPA OPERATING RANGE CORR.    = 1.0000
 CDA DEVIATION CORRECTION     = 1.0000
 CDA MAXIMUM CAMBER CORR.     = 12.0000
 CDA DIFFUSION CORRECTION     = 0.2500
 CDA CHOKE CHARACTERISTIC EXP = 3.0000
 CDA SURGE CHARACTERISTIC EXP = 3.0000
 CDA REF. INCIDENCE CORR.     = 0.1100
 CDA MINIMUM LOSS CORRECTION  = 2.0160
 CDA TRANSONIC LOSS CORR.     = 0.6000
 CDA SUPERCRITICAL LOSS EXP   = 5.0000
 CDA SUPERCRITICAL LOSS EXP   = 0.0300
 NACA CHOKE CHARACTERISTIC EXP= 2.0000
 NACA SURGE CHARACTERISTIC EXP= 2.0000
 NACA MINIMUM LOSS CORRECTION = 1.1400
 
 DIFFUSER CALIBRATION FACTOR  = 1.0000
 DIFFUSER AREA RATIO          = 2.2791
 
 AT DESIGN POINT :
         SHAFT SPEED          = 3708.64
         MASS FLOW            = 547.837
         AMBIENT TEMPERATURE  = 31.41
         AMBIENT REL HUMIDITY = 25.4
         INLET FLANGE PRESSURE= 1.00770
         SCROLL CALIB. COEFF. = 1.0000
         IGV POSITION         = 5.48            POSITIVE IS CLOSED
         USE GIVEN IGV DP/Pin = 0               0 - NO   1 - YES
         IGV DELTA P/Pin      = 0.0050
         USE GIVEN R1 ALPHA   = 1               0 - NO   1 - YES
         IGV EXIT ANGLE COEFF.= 0.9726
         ROTOR 1 INLET ALPHA  = 15.62           AT THE NOMINAL IGV POSITION

 NUMBER OF SPEEDLINES = 1
 NO OF PTS    TEMP    SHAFT SPEED    REL HUMIDITY    MASS FLOW
     1       31.41      3708.72         25.37         547.837
 
 
 VARIABLE STATOR RESTAGGERS     1        2        3        
                      DBETA    2.01     1.82     1.10
                     BETA1B   48.13    50.65    53.39
                     BETA2B   12.57    14.96    23.39
                    STAGGER   28.57    30.01    34.96  
 
 
 
         **   COMPRESSOR MEAN LINE OFF-DESIGN PROGRAM  Version 2.0b dev **
 
SPEEDLINE  1    NRT =  3606.4    TEMP =  31.4    GAS CONSTANT = 288.34
 
 
INLET SUMMARY
       SCROLL  IGV INLET   IGV     ---IGV EXIT---
POINT   DP/P       PT      DP/P      PT     ALPHA
   1   0.0064    1.0013   0.0087   0.9926   20.95
 
 
STAGE  1 SUMMARY
POINT   ALF1   ALF2   ALF3   ALF4   DEFR   DEFS     WR     WS    MNR    MNS    DFR    DFS   INCR   INCS
   1  -52.30 -34.69  47.25  19.70  17.62  27.55  0.043  0.037  0.958  0.789  0.465  0.421   2.04  -0.88
 
POINT    PS1    PS2    PS3    PS4    PT0    PT1    PT2    PT3    PT4    UM      T0    DEVR   DEVS
   1   0.761  1.033  1.014  1.215  0.993  1.374  1.335  1.529  1.510 329.05  304.56   6.29   7.12
 
POINT INCCHR INCMLR INCOPR INCPSR INCCHS INCMLS INCOPS INCPSS ALFCHR ALFCHS    CMR    CMS   BLK1   BLK2   BLK3   BLK4
   1   -0.24   3.01   3.34   8.03  -6.86  -1.64  -0.34   4.70  50.02  41.27   4.57  14.49   2.00   2.28   1.99   2.50
 
POINT WR-PRF WR-SHK WR-TIP WR-SEC WS-PRF WS-SHK WS-TIP WS-SEC   O/SR   O/SS  CLV2R  CLV2S   DEHR   DEHS    LG2   KOCH
   1   0.029  0.004  0.001  0.009  0.029  0.000  0.001  0.008  0.664  0.747  1.123  1.173  0.684  0.750  1.511  0.562
 
POINT   VAU1   VAU2   VAU3   VAU4  DHUSQ EDHUSQ   DT/T  R_TOT R_STAT    PTS SPRCIR SPRCIS SPRCCR SPRCCS ETAADI
   1   0.601  0.545  0.574  0.587  0.384  0.356  0.137  1.521  1.596  1.224  0.545  0.457  0.443  0.390 0.9246
 
 
STAGE  2 SUMMARY
POINT   ALF1   ALF2   ALF3   ALF4   DEFR   DEFS     WR     WS    MNR    MNS    DFR    DFS   INCR   INCS
   1  -52.68 -36.83  46.32  21.16  15.86  25.16  0.038  0.039  0.919  0.728  0.430  0.389   1.51  -4.33
 
POINT    PS1    PS2    PS3    PS4    PT0    PT1    PT2    PT3    PT4    UM      T0    DEVR   DEVS
   1   1.194  1.597  1.577  1.835  1.510  2.061  2.041  2.243  2.217 335.21  346.36   5.17   6.20
 
POINT INCCHR INCMLR INCOPR INCPSR INCCHS INCMLS INCOPS INCPSS ALFCHR ALFCHS    CMR    CMS   BLK1   BLK2   BLK3   BLK4
   1    0.48   3.49   4.29   8.91  -9.54  -3.14  -0.64   4.16  51.65  41.11   2.01  12.67   2.23   1.61   1.50   1.58
 
POINT WR-PRF WR-SHK WR-TIP WR-SEC WS-PRF WS-SHK WS-TIP WS-SEC   O/SR   O/SS  CLV2R  CLV2S   DEHR   DEHS    LG2   KOCH
   1   0.029  0.000  0.000  0.008  0.030  0.000  0.001  0.009  0.637  0.722  0.968  1.072  0.700  0.762  1.638  0.551
 
POINT   VAU1   VAU2   VAU3   VAU4  DHUSQ EDHUSQ   DT/T  R_TOT R_STAT    PTS SPRCIR SPRCIS SPRCCR SPRCCS ETAADI
   1   0.600  0.544  0.565  0.565  0.393  0.366  0.124  1.469  1.537  1.216  0.530  0.451  0.465  0.387 0.9291
 
 
STAGE  3 SUMMARY
POINT   ALF1   ALF2   ALF3   ALF4   DEFR   DEFS     WR     WS    MNR    MNS    DFR    DFS   INCR   INCS
   1  -53.48 -37.89  48.18  27.41  15.59  20.77  0.038  0.044  0.858  0.682  0.434  0.359  -0.04  -5.21
 
POINT    PS1    PS2    PS3    PS4    PT0    PT1    PT2    PT3    PT4    UM      T0    DEVR   DEVS
   1   1.813  2.349  2.332  2.673  2.217  2.927  2.902  3.179  3.141 340.41  389.29   4.87   4.03
 
POINT INCCHR INCMLR INCOPR INCPSR INCCHS INCMLS INCOPS INCPSS ALFCHR ALFCHS    CMR    CMS   BLK1   BLK2   BLK3   BLK4
   1   -1.23   1.87   3.57   7.94 -14.18  -5.60   0.75   5.28  52.29  39.21   2.27  22.88   1.48   1.29   1.27   1.13
 
POINT WR-PRF WR-SHK WR-TIP WR-SEC WS-PRF WS-SHK WS-TIP WS-SEC   O/SR   O/SS  CLV2R  CLV2S   DEHR   DEHS    LG2   KOCH
   1   0.029  0.000  0.000  0.009  0.034  0.000  0.001  0.009  0.617  0.715  1.050  0.949  0.699  0.763  1.650  0.570
 
POINT   VAU1   VAU2   VAU3   VAU4  DHUSQ EDHUSQ   DT/T  R_TOT R_STAT    PTS SPRCIR SPRCIS SPRCCR SPRCCS ETAADI
   1   0.577  0.518  0.533  0.517  0.388  0.359  0.112  1.417  1.475  1.206  0.542  0.469  0.481  0.403 0.9259
 
 
STAGE  4 SUMMARY
POINT   ALF1   ALF2   ALF3   ALF4   DEFR   DEFS     WR     WS    MNR    MNS    DFR    DFS   INCR   INCS
   1  -54.49 -39.80  51.23  32.35  14.69  18.88  0.041  0.040  0.761  0.637  0.406  0.397  -1.34  -1.90
 
POINT    PS1    PS2    PS3    PS4    PT0    PT1    PT2    PT3    PT4    UM      T0    DEVR   DEVS
   1   2.658  3.235  3.222  3.659  3.141  3.894  3.854  4.225  4.185 344.39  432.72   4.17   4.41
 
POINT INCCHR INCMLR INCOPR INCPSR INCCHS INCMLS INCOPS INCPSS ALFCHR ALFCHS    CMR    CMS   BLK1   BLK2   BLK3   BLK4
   1   -4.68  -0.55   3.48   7.65 -12.21  -3.14   1.88   6.31  51.15  40.92   6.53  25.21   1.13   1.13   1.16   1.54
 
POINT WR-PRF WR-SHK WR-TIP WR-SEC WS-PRF WS-SHK WS-TIP WS-SEC   O/SR   O/SS  CLV2R  CLV2S   DEHR   DEHS    LG2   KOCH
   1   0.031  0.000  0.001  0.010  0.029  0.000  0.002  0.009  0.606  0.671  0.984  1.059  0.717  0.740  1.644  0.545
 
POINT   VAU1   VAU2   VAU3   VAU4  DHUSQ EDHUSQ   DT/T  R_TOT R_STAT    PTS SPRCIR SPRCIS SPRCCR SPRCCS ETAADI
   1   0.522  0.475  0.485  0.465  0.342  0.316  0.091  1.332  1.376  1.165  0.527  0.495  0.466  0.436 0.9241
 
 
STAGE  5 SUMMARY
POINT   ALF1   ALF2   ALF3   ALF4   DEFR   DEFS     WR     WS    MNR    MNS    DFR    DFS   INCR   INCS
   1  -56.25 -39.84  54.50  38.90  16.41  15.59  0.041  0.035  0.688  0.613  0.437  0.390  -1.37  -6.38
 
POINT    PS1    PS2    PS3    PS4    PT0    PT1    PT2    PT3    PT4    UM      T0    DEVR   DEVS
   1   3.646  4.288  4.275  4.798  4.185  4.993  4.938  5.499  5.455 345.25  471.92   4.55   5.72
 
POINT INCCHR INCMLR INCOPR INCPSR INCCHS INCMLS INCOPS INCPSS ALFCHR ALFCHS    CMR    CMS   BLK1   BLK2   BLK3   BLK4
   1   -9.51  -3.55   2.24   6.22 -19.40  -6.95  -0.38   3.32  48.11  41.48  16.92  31.38   1.52   1.89   1.87   2.13
 
POINT WR-PRF WR-SHK WR-TIP WR-SEC WS-PRF WS-SHK WS-TIP WS-SEC   O/SR   O/SS  CLV2R  CLV2S   DEHR   DEHS    LG2   KOCH
   1   0.029  0.000  0.001  0.010  0.025  0.000  0.002  0.009  0.619  0.653  1.197  1.196  0.710  0.761  1.433  0.562
 
POINT   VAU1   VAU2   VAU3   VAU4  DHUSQ EDHUSQ   DT/T  R_TOT R_STAT    PTS SPRCIR SPRCIS SPRCCR SPRCCS ETAADI
   1   0.472  0.443  0.450  0.434  0.337  0.314  0.082  1.303  1.316  1.147  0.540  0.481  0.477  0.428 0.9308
 
 
STAGE  6 SUMMARY
POINT   ALF1   ALF2   ALF3   ALF4   DEFR   DEFS     WR     WS    MNR    MNS    DFR    DFS   INCR   INCS
   1  -54.85 -41.77  53.04  37.59  13.08  15.45  0.039  0.043  0.617  0.578  0.326  0.326  -6.02  -6.31
 
POINT    PS1    PS2    PS3    PS4    PT0    PT1    PT2    PT3    PT4    UM      T0    DEVR   DEVS
   1   4.759  5.276  5.258  5.773  5.455  6.138  6.076  6.576  6.519 344.07  510.72   4.61   4.07
 
POINT INCCHR INCMLR INCOPR INCPSR INCCHS INCMLS INCOPS INCPSS ALFCHR ALFCHS    CMR    CMS   BLK1   BLK2   BLK3   BLK4
   1  -16.22  -5.78   1.23   4.93 -19.12  -5.67   1.09   5.02  44.65  40.22  22.85  31.87   2.04   1.34   1.34   0.98
 
POINT WR-PRF WR-SHK WR-TIP WR-SEC WS-PRF WS-SHK WS-TIP WS-SEC   O/SR   O/SS  CLV2R  CLV2S   DEHR   DEHS    LG2   KOCH
   1   0.027  0.000  0.001  0.012  0.032  0.000  0.001  0.010  0.622  0.640  0.904  0.843  0.793  0.783  1.541  0.475
 
POINT   VAU1   VAU2   VAU3   VAU4  DHUSQ EDHUSQ   DT/T  R_TOT R_STAT    PTS SPRCIR SPRCIS SPRCCR SPRCCS ETAADI
   1   0.457  0.445  0.454  0.444  0.249  0.226  0.056  1.195  1.213  1.058  0.436  0.449  0.375  0.391 0.9082
 
 
STAGE  7 SUMMARY
POINT   ALF1   ALF2   ALF3   ALF4   DEFR   DEFS     WR     WS    MNR    MNS    DFR    DFS   INCR   INCS
   1  -55.24 -40.22  53.41  37.83  15.02  15.57  0.041  0.039  0.602  0.572  0.322  0.330  -4.62  -6.63
 
POINT    PS1    PS2    PS3    PS4    PT0    PT1    PT2    PT3    PT4    UM      T0    DEVR   DEVS
   1   5.752  6.372  6.346  6.946  6.519  7.326  7.247  7.899  7.839 341.95  539.13   2.69   4.39
 
POINT INCCHR INCMLR INCOPR INCPSR INCCHS INCMLS INCOPS INCPSS ALFCHR ALFCHS    CMR    CMS   BLK1   BLK2   BLK3   BLK4
   1  -16.14  -4.98   2.20   6.03 -21.16  -6.31   0.37   4.18  43.73  38.88  26.34  37.36   1.01   1.31   1.31   1.57
 
POINT WR-PRF WR-SHK WR-TIP WR-SEC WS-PRF WS-SHK WS-TIP WS-SEC   O/SR   O/SS  CLV2R  CLV2S   DEHR   DEHS    LG2   KOCH
   1   0.028  0.000  0.001  0.012  0.027  0.000  0.002  0.010  0.624  0.651  0.873  0.952  0.785  0.793  1.547  0.463
 
POINT   VAU1   VAU2   VAU3   VAU4  DHUSQ EDHUSQ   DT/T  R_TOT R_STAT    PTS SPRCIR SPRCIS SPRCCR SPRCCS ETAADI
   1   0.457  0.450  0.461  0.457  0.273  0.250  0.057  1.203  1.208  1.066  0.460  0.440  0.394  0.386 0.9161
 
 
STAGE  8 SUMMARY
POINT   ALF1   ALF2   ALF3   ALF4   DEFR   DEFS     WR     WS    MNR    MNS    DFR    DFS   INCR   INCS
   1  -53.81 -38.68  52.58  37.55  15.13  15.04  0.037  0.043  0.579  0.564  0.345  0.320  -7.00  -7.87
 
POINT    PS1    PS2    PS3    PS4    PT0    PT1    PT2    PT3    PT4    UM      T0    DEVR   DEVS
   1   6.919  7.568  7.540  8.219  7.839  8.656  8.573  9.326  9.250 338.97  569.74   5.46   4.73
 
POINT INCCHR INCMLR INCOPR INCPSR INCCHS INCMLS INCOPS INCPSS ALFCHR ALFCHS    CMR    CMS   BLK1   BLK2   BLK3   BLK4
   1  -21.48  -6.91  -0.33   3.37 -21.93  -6.36   0.22   4.06  39.33  38.53  36.80  36.49   1.54   2.19   2.13   1.32
 
POINT WR-PRF WR-SHK WR-TIP WR-SEC WS-PRF WS-SHK WS-TIP WS-SEC   O/SR   O/SS  CLV2R  CLV2S   DEHR   DEHS    LG2   KOCH
   1   0.025  0.000  0.001  0.011  0.030  0.000  0.001  0.012  0.653  0.645  1.048  0.846  0.793  0.791  1.417  0.449
 
POINT   VAU1   VAU2   VAU3   VAU4  DHUSQ EDHUSQ   DT/T  R_TOT R_STAT    PTS SPRCIR SPRCIS SPRCCR SPRCCS ETAADI
   1   0.472  0.468  0.479  0.469  0.264  0.240  0.051  1.180  1.188  1.048  0.436  0.437  0.374  0.380 0.9111
 
 
STAGE  9 SUMMARY
POINT   ALF1   ALF2   ALF3   ALF4   DEFR   DEFS     WR     WS    MNR    MNS    DFR    DFS   INCR   INCS
   1  -52.58 -36.36  52.10  37.20  16.22  14.90  0.038  0.044  0.562  0.563  0.339  0.332  -6.22  -8.40
 
POINT    PS1    PS2    PS3    PS4    PT0    PT1    PT2    PT3    PT4    UM      T0    DEVR   DEVS
   1   8.179  8.885  8.850  9.624  9.250 10.097 10.006 10.930 10.839 335.26  598.66   4.85   5.95
 
POINT INCCHR INCMLR INCOPR INCPSR INCCHS INCMLS INCOPS INCPSS ALFCHR ALFCHS    CMR    CMS   BLK1   BLK2   BLK3   BLK4
   1  -23.93  -6.62  -0.01   3.83 -22.66  -7.00  -0.58   3.21  34.87  37.85  50.77  37.66   1.53   3.18   3.03   2.26
 
POINT WR-PRF WR-SHK WR-TIP WR-SEC WS-PRF WS-SHK WS-TIP WS-SEC   O/SR   O/SS  CLV2R  CLV2S   DEHR   DEHS    LG2   KOCH
   1   0.023  0.000  0.002  0.013  0.029  0.000  0.003  0.012  0.680  0.650  1.052  0.909  0.799  0.791  1.336  0.421
 
POINT   VAU1   VAU2   VAU3   VAU4  DHUSQ EDHUSQ   DT/T  R_TOT R_STAT    PTS SPRCIR SPRCIS SPRCCR SPRCCS ETAADI
   1   0.488  0.488  0.499  0.489  0.272  0.247  0.048  1.172  1.177  1.040  0.429  0.430  0.368  0.372 0.9083
 
 
STAGE 10 SUMMARY
POINT   ALF1   ALF2   ALF3   ALF4   DEFR   DEFS     WR     WS    MNR    MNS    DFR    DFS   INCR   INCS
   1  -51.25 -34.63  51.82  35.64  16.63  16.18  0.040  0.042  0.547  0.558  0.317  0.342  -6.38  -7.05
 
POINT    PS1    PS2    PS3    PS4    PT0    PT1    PT2    PT3    PT4    UM      T0    DEVR   DEVS
   1   9.589 10.356 10.317 11.212 10.839 11.706 11.600 12.698 12.597 332.50  627.66   3.99   5.50
 
POINT INCCHR INCMLR INCOPR INCPSR INCCHS INCMLS INCOPS INCPSS ALFCHR ALFCHS    CMR    CMS   BLK1   BLK2   BLK3   BLK4
   1  -25.47  -6.06   0.58   4.59 -23.79  -6.81  -0.34   3.54  32.16  35.09  59.36  47.70   2.20   2.16   2.13   2.86
 
POINT WR-PRF WR-SHK WR-TIP WR-SEC WS-PRF WS-SHK WS-TIP WS-SEC   O/SR   O/SS  CLV2R  CLV2S   DEHR   DEHS    LG2   KOCH
   1   0.025  0.000  0.002  0.012  0.026  0.000  0.004  0.012  0.686  0.673  0.913  0.990  0.802  0.791  1.374  0.416
 
POINT   VAU1   VAU2   VAU3   VAU4  DHUSQ EDHUSQ   DT/T  R_TOT R_STAT    PTS SPRCIR SPRCIS SPRCCR SPRCCS ETAADI
   1   0.504  0.503  0.514  0.509  0.275  0.250  0.046  1.162  1.169  1.034  0.425  0.432  0.363  0.376 0.9063
 
 
STAGE 11 SUMMARY
POINT   ALF1   ALF2   ALF3   ALF4   DEFR   DEFS     WR     WS    MNR    MNS    DFR    DFS   INCR   INCS
   1  -50.58 -34.95  50.76  35.00  15.63  15.76  0.042  0.045  0.542  0.541  0.311  0.322  -7.98  -8.93
 
POINT    PS1    PS2    PS3    PS4    PT0    PT1    PT2    PT3    PT4    UM      T0    DEVR   DEVS
   1  11.179 12.042 12.001 12.914 12.597 13.597 13.477 14.584 14.469 330.41  656.35   4.76   6.23
 
POINT INCCHR INCMLR INCOPR INCPSR INCCHS INCMLS INCOPS INCPSS ALFCHR ALFCHS    CMR    CMS   BLK1   BLK2   BLK3   BLK4
   1  -25.52  -6.45   0.05   4.01 -24.79  -7.30  -1.03   2.84  33.04  34.90  53.09  45.45   2.78   1.99   1.99   2.03
 
POINT WR-PRF WR-SHK WR-TIP WR-SEC WS-PRF WS-SHK WS-TIP WS-SEC   O/SR   O/SS  CLV2R  CLV2S   DEHR   DEHS    LG2   KOCH
   1   0.027  0.000  0.002  0.014  0.028  0.000  0.003  0.014  0.673  0.659  0.863  0.885  0.804  0.801  1.412  0.409
 
POINT   VAU1   VAU2   VAU3   VAU4  DHUSQ EDHUSQ   DT/T  R_TOT R_STAT    PTS SPRCIR SPRCIS SPRCCR SPRCCS ETAADI
   1   0.522  0.513  0.524  0.521  0.271  0.244  0.042  1.149  1.155  1.025  0.418  0.411  0.357  0.353 0.8972
 
 
STAGE 12 SUMMARY
POINT   ALF1   ALF2   ALF3   ALF4   DEFR   DEFS     WR     WS    MNR    MNS    DFR    DFS   INCR   INCS
   1  -50.59 -34.74  50.50  34.31  15.85  16.20  0.044  0.049  0.526  0.528  0.311  0.299  -7.60  -8.10
 
POINT    PS1    PS2    PS3    PS4    PT0    PT1    PT2    PT3    PT4    UM      T0    DEVR   DEVS
   1  12.929 13.838 13.793 14.813 14.469 15.543 15.414 16.607 16.468 327.97  684.06   4.87   3.78
 
POINT INCCHR INCMLR INCOPR INCPSR INCCHS INCMLS INCOPS INCPSS ALFCHR ALFCHS    CMR    CMS   BLK1   BLK2   BLK3   BLK4
   1  -27.88  -6.58  -0.08   3.87 -25.31  -6.10   0.43   4.44  30.32  33.29  66.86  51.69   2.53   3.08   3.01   2.99
 
POINT WR-PRF WR-SHK WR-TIP WR-SEC WS-PRF WS-SHK WS-TIP WS-SEC   O/SR   O/SS  CLV2R  CLV2S   DEHR   DEHS    LG2   KOCH
   1   0.025  0.000  0.004  0.015  0.028  0.000  0.007  0.014  0.680  0.659  0.905  0.809  0.810  0.805  1.458  0.380
 
POINT   VAU1   VAU2   VAU3   VAU4  DHUSQ EDHUSQ   DT/T  R_TOT R_STAT    PTS SPRCIR SPRCIS SPRCCR SPRCCS ETAADI
   1   0.520  0.518  0.529  0.521  0.271  0.241  0.040  1.138  1.146  1.024  0.408  0.424  0.348  0.362 0.8894
 
 
STAGE 13 SUMMARY
POINT   ALF1   ALF2   ALF3   ALF4   DEFR   DEFS     WR     WS    MNR    MNS    DFR    DFS   INCR   INCS
   1  -50.21 -34.81  48.87  34.58  15.41  14.29  0.047  0.051  0.525  0.518  0.310  0.289  -8.78 -10.36
 
POINT    PS1    PS2    PS3    PS4    PT0    PT1    PT2    PT3    PT4    UM      T0    DEVR   DEVS
   1  14.761 15.738 15.682 16.744 16.468 17.727 17.571 18.737 18.581 326.26  711.08   6.10   5.04
 
POINT INCCHR INCMLR INCOPR INCPSR INCCHS INCMLS INCOPS INCPSS ALFCHR ALFCHS    CMR    CMS   BLK1   BLK2   BLK3   BLK4
   1  -28.37  -7.26  -0.93   2.94 -29.44  -6.58  -0.20   3.77  30.63  29.78  63.93  64.08   2.91   3.73   3.65   2.33
 
POINT WR-PRF WR-SHK WR-TIP WR-SEC WS-PRF WS-SHK WS-TIP WS-SEC   O/SR   O/SS  CLV2R  CLV2S   DEHR   DEHS    LG2   KOCH
   1   0.026  0.000  0.006  0.015  0.030  0.000  0.006  0.015  0.677  0.670  0.898  0.741  0.815  0.809  1.424  0.358
 
POINT   VAU1   VAU2   VAU3   VAU4  DHUSQ EDHUSQ   DT/T  R_TOT R_STAT    PTS SPRCIR SPRCIS SPRCCR SPRCCS ETAADI
   1   0.536  0.536  0.548  0.527  0.268  0.235  0.037  1.128  1.134  1.017  0.392  0.409  0.329  0.348 0.8792
 
 
OGV SUMMARY
POINT   ALF3   ALF4   DEFS     WS    MNS    DFS   INCS
   1   34.25  11.26  22.99  0.050  0.397  0.353   0.25
 
POINT    PS3    PS4    PT3    PT4    T0    DEVS
   1  16.713 17.195 18.581 18.489 737.40  17.76
 
POINT INCCHS INCMLS INCOPS INCPSS   BLK3   BLK4
   1  -34.00   2.22   1.65   8.84   2.41   2.80
 
POINT WS-PRF WS-SHK WS-TIP WS-SEC   O/SS
   1   0.024  0.000  0.006  0.019  0.804
 
 
DIFFUSER EXIT SUMMARY
POINT   DP/P   PT     PS     MN
   1  0.0086 18.330 18.116  0.131
 
 
OVERALL RESULTS FOR SPEEDLINE  1    NRT =  3606.4    TEMP =  31.4
 
                   INLET   DIFFUSER
         INLET    FLANGE     EXIT           ----------BLADING--------  -------COMPRESSOR--------
POINT     FLOW     WCORR     WCORR    DT/T     PR     ETAADI  ETAPOLY     PR     ETAADI  ETAPOLY
   1   547.8370  566.4858   43.2404  1.421  18.6275   0.8815   0.9184  18.1897   0.8711   0.9110
